{"/home/david/centro/index.js":{"path":"/home/david/centro/index.js","s":{"1":1},"b":{},"f":{},"fnMap":{},"statementMap":{"1":{"start":{"line":3,"column":0},"end":{"line":5,"column":42}}},"branchMap":{}},"/home/david/centro/lib/client.js":{"path":"/home/david/centro/lib/client.js","s":{"1":1,"2":1,"3":1,"4":1,"5":1912,"6":1912,"7":1656,"8":1912,"9":1,"10":2016,"11":2016,"12":2016,"13":1474,"14":2016,"15":2016,"16":2016,"17":1851,"18":1851,"19":30,"20":1821,"21":1821,"22":1753,"23":68,"24":68,"25":68,"26":1821,"27":147,"28":147,"29":104,"30":43,"31":1674,"32":1,"33":56947,"34":1674,"35":65,"36":65,"37":65,"38":65,"39":65,"40":1674,"41":1674,"42":1073,"43":667,"44":667,"45":667,"46":667,"47":1073,"48":1073,"49":1073,"50":1036,"51":1073,"52":1073,"53":1047,"54":1047,"55":1073,"56":1073,"57":1060,"58":855,"59":1060,"60":1060,"61":1073,"62":1674,"63":1674,"64":205,"65":176,"66":176,"67":176,"68":176,"69":205,"70":11,"71":11,"72":11,"73":205,"74":1,"75":216,"76":216,"77":11,"78":205,"79":205,"80":11,"81":194,"82":194,"83":11,"84":183,"85":183,"86":174,"87":174,"88":163,"89":183,"90":205,"91":11,"92":20,"93":11,"94":11,"95":11,"96":9,"97":194,"98":194,"99":77,"100":77,"101":66,"102":88,"103":117,"104":194,"105":1674,"106":1674,"107":55680,"108":55347,"109":55347,"110":55347,"111":55347,"112":55680,"113":1674,"114":2016,"115":1,"116":1,"117":840,"118":404,"119":1,"120":1072,"121":1072,"122":1072,"123":2144,"124":1072,"125":1072},"b":{"1":[1656,256],"2":[1474,542],"3":[1113,708],"4":[1753,68],"5":[147,1674],"6":[104,43],"7":[65,1609],"8":[65,0],"9":[667,406],"10":[1036,37],"11":[1047,26],"12":[1060,13],"13":[176,29],"14":[11,194],"15":[11,205],"16":[11,194],"17":[11,183],"18":[174,9],"19":[163,11],"20":[11,194],"21":[11,9],"22":[77,117],"23":[66,11],"24":[55347,333]},"f":{"1":1912,"2":2016,"3":1851,"4":56947,"5":1073,"6":855,"7":205,"8":216,"9":20,"10":55680,"11":840,"12":404,"13":1072,"14":1072},"fnMap":{"1":{"name":"get_stokens","line":17,"loc":{"start":{"line":17,"column":0},"end":{"line":18,"column":0}}},"2":{"name":"start","line":29,"loc":{"start":{"line":29,"column":0},"end":{"line":30,"column":0}}},"3":{"name":"(anonymous_3)","line":42,"loc":{"start":{"line":42,"column":29},"end":{"line":43,"column":4}}},"4":{"name":"replace","line":135,"loc":{"start":{"line":135,"column":8},"end":{"line":136,"column":8}}},"5":{"name":"(anonymous_5)","line":157,"loc":{"start":{"line":157,"column":25},"end":{"line":158,"column":8}}},"6":{"name":"(anonymous_6)","line":185,"loc":{"start":{"line":185,"column":27},"end":{"line":186,"column":16}}},"7":{"name":"(anonymous_7)","line":200,"loc":{"start":{"line":200,"column":27},"end":{"line":201,"column":8}}},"8":{"name":"unsub","line":219,"loc":{"start":{"line":219,"column":12},"end":{"line":220,"column":12}}},"9":{"name":"(anonymous_9)","line":254,"loc":{"start":{"line":254,"column":44},"end":{"line":255,"column":16}}},"10":{"name":"(anonymous_10)","line":298,"loc":{"start":{"line":298,"column":23},"end":{"line":299,"column":8}}},"11":{"name":"(anonymous_11)","line":321,"loc":{"start":{"line":321,"column":24},"end":{"line":322,"column":0}}},"12":{"name":"(anonymous_12)","line":323,"loc":{"start":{"line":323,"column":46},"end":{"line":324,"column":4}}},"13":{"name":"(anonymous_13)","line":329,"loc":{"start":{"line":329,"column":22},"end":{"line":330,"column":0}}},"14":{"name":"(anonymous_14)","line":335,"loc":{"start":{"line":335,"column":32},"end":{"line":336,"column":4}}}},"statementMap":{"1":{"start":{"line":3,"column":0},"end":{"line":9,"column":20}},"2":{"start":{"line":11,"column":0},"end":{"line":11,"column":39}},"3":{"start":{"line":12,"column":0},"end":{"line":14,"column":63}},"4":{"start":{"line":17,"column":0},"end":{"line":27,"column":1}},"5":{"start":{"line":19,"column":4},"end":{"line":19,"column":30}},"6":{"start":{"line":21,"column":4},"end":{"line":24,"column":5}},"7":{"start":{"line":23,"column":8},"end":{"line":23,"column":26}},"8":{"start":{"line":26,"column":4},"end":{"line":26,"column":28}},"9":{"start":{"line":29,"column":0},"end":{"line":317,"column":1}},"10":{"start":{"line":31,"column":4},"end":{"line":31,"column":39}},"11":{"start":{"line":33,"column":4},"end":{"line":33,"column":40}},"12":{"start":{"line":34,"column":4},"end":{"line":37,"column":5}},"13":{"start":{"line":36,"column":8},"end":{"line":36,"column":41}},"14":{"start":{"line":38,"column":4},"end":{"line":38,"column":48}},"15":{"start":{"line":40,"column":4},"end":{"line":40,"column":54}},"16":{"start":{"line":42,"column":4},"end":{"line":314,"column":7}},"17":{"start":{"line":44,"column":8},"end":{"line":51,"column":9}},"18":{"start":{"line":46,"column":12},"end":{"line":46,"column":40}},"19":{"start":{"line":50,"column":12},"end":{"line":50,"column":42}},"20":{"start":{"line":53,"column":8},"end":{"line":56,"column":39}},"21":{"start":{"line":58,"column":8},"end":{"line":68,"column":9}},"22":{"start":{"line":60,"column":12},"end":{"line":60,"column":60}},"23":{"start":{"line":64,"column":12},"end":{"line":64,"column":46}},"24":{"start":{"line":65,"column":12},"end":{"line":65,"column":40}},"25":{"start":{"line":66,"column":12},"end":{"line":67,"column":40}},"26":{"start":{"line":70,"column":8},"end":{"line":131,"column":9}},"27":{"start":{"line":110,"column":12},"end":{"line":110,"column":49}},"28":{"start":{"line":112,"column":12},"end":{"line":128,"column":13}},"29":{"start":{"line":127,"column":16},"end":{"line":127,"column":67}},"30":{"start":{"line":130,"column":12},"end":{"line":130,"column":54}},"31":{"start":{"line":133,"column":8},"end":{"line":133,"column":32}},"32":{"start":{"line":135,"column":8},"end":{"line":138,"column":9}},"33":{"start":{"line":137,"column":12},"end":{"line":137,"column":60}},"34":{"start":{"line":140,"column":8},"end":{"line":154,"column":9}},"35":{"start":{"line":142,"column":12},"end":{"line":153,"column":13}},"36":{"start":{"line":144,"column":16},"end":{"line":144,"column":59}},"37":{"start":{"line":145,"column":16},"end":{"line":152,"column":17}},"38":{"start":{"line":148,"column":20},"end":{"line":151,"column":21}},"39":{"start":{"line":150,"column":24},"end":{"line":150,"column":77}},"40":{"start":{"line":156,"column":8},"end":{"line":156,"column":46}},"41":{"start":{"line":157,"column":8},"end":{"line":197,"column":10}},"42":{"start":{"line":159,"column":12},"end":{"line":165,"column":13}},"43":{"start":{"line":161,"column":16},"end":{"line":161,"column":29}},"44":{"start":{"line":162,"column":16},"end":{"line":162,"column":32}},"45":{"start":{"line":163,"column":16},"end":{"line":163,"column":26}},"46":{"start":{"line":164,"column":16},"end":{"line":164,"column":22}},"47":{"start":{"line":167,"column":12},"end":{"line":167,"column":56}},"48":{"start":{"line":169,"column":12},"end":{"line":169,"column":51}},"49":{"start":{"line":170,"column":12},"end":{"line":173,"column":13}},"50":{"start":{"line":172,"column":15},"end":{"line":172,"column":62}},"51":{"start":{"line":175,"column":12},"end":{"line":175,"column":49}},"52":{"start":{"line":176,"column":12},"end":{"line":180,"column":13}},"53":{"start":{"line":178,"column":16},"end":{"line":178,"column":37}},"54":{"start":{"line":179,"column":16},"end":{"line":179,"column":48}},"55":{"start":{"line":182,"column":12},"end":{"line":182,"column":47}},"56":{"start":{"line":183,"column":12},"end":{"line":194,"column":13}},"57":{"start":{"line":185,"column":16},"end":{"line":191,"column":18}},"58":{"start":{"line":187,"column":20},"end":{"line":190,"column":30}},"59":{"start":{"line":192,"column":16},"end":{"line":192,"column":43}},"60":{"start":{"line":193,"column":16},"end":{"line":193,"column":46}},"61":{"start":{"line":196,"column":12},"end":{"line":196,"column":54}},"62":{"start":{"line":199,"column":8},"end":{"line":199,"column":50}},"63":{"start":{"line":200,"column":8},"end":{"line":295,"column":10}},"64":{"start":{"line":202,"column":12},"end":{"line":208,"column":13}},"65":{"start":{"line":204,"column":16},"end":{"line":204,"column":29}},"66":{"start":{"line":205,"column":16},"end":{"line":205,"column":32}},"67":{"start":{"line":206,"column":16},"end":{"line":206,"column":26}},"68":{"start":{"line":207,"column":16},"end":{"line":207,"column":22}},"69":{"start":{"line":210,"column":12},"end":{"line":215,"column":13}},"70":{"start":{"line":212,"column":16},"end":{"line":212,"column":27}},"71":{"start":{"line":213,"column":16},"end":{"line":213,"column":34}},"72":{"start":{"line":214,"column":16},"end":{"line":214,"column":36}},"73":{"start":{"line":217,"column":12},"end":{"line":217,"column":27}},"74":{"start":{"line":219,"column":12},"end":{"line":250,"column":13}},"75":{"start":{"line":221,"column":16},"end":{"line":221,"column":49}},"76":{"start":{"line":222,"column":16},"end":{"line":225,"column":17}},"77":{"start":{"line":224,"column":20},"end":{"line":224,"column":29}},"78":{"start":{"line":227,"column":16},"end":{"line":227,"column":52}},"79":{"start":{"line":228,"column":16},"end":{"line":231,"column":17}},"80":{"start":{"line":230,"column":20},"end":{"line":230,"column":29}},"81":{"start":{"line":233,"column":16},"end":{"line":233,"column":41}},"82":{"start":{"line":234,"column":16},"end":{"line":237,"column":17}},"83":{"start":{"line":236,"column":20},"end":{"line":236,"column":29}},"84":{"start":{"line":239,"column":16},"end":{"line":239,"column":35}},"85":{"start":{"line":240,"column":16},"end":{"line":247,"column":17}},"86":{"start":{"line":242,"column":20},"end":{"line":242,"column":44}},"87":{"start":{"line":243,"column":20},"end":{"line":246,"column":21}},"88":{"start":{"line":245,"column":24},"end":{"line":245,"column":46}},"89":{"start":{"line":249,"column":16},"end":{"line":249,"column":26}},"90":{"start":{"line":252,"column":12},"end":{"line":294,"column":13}},"91":{"start":{"line":254,"column":16},"end":{"line":269,"column":23}},"92":{"start":{"line":256,"column":20},"end":{"line":268,"column":21}},"93":{"start":{"line":258,"column":24},"end":{"line":261,"column":25}},"94":{"start":{"line":260,"column":28},"end":{"line":260,"column":52}},"95":{"start":{"line":263,"column":24},"end":{"line":263,"column":68}},"96":{"start":{"line":267,"column":24},"end":{"line":267,"column":29}},"97":{"start":{"line":273,"column":16},"end":{"line":273,"column":60}},"98":{"start":{"line":275,"column":16},"end":{"line":289,"column":17}},"99":{"start":{"line":277,"column":20},"end":{"line":277,"column":50}},"100":{"start":{"line":278,"column":20},"end":{"line":284,"column":21}},"101":{"start":{"line":280,"column":24},"end":{"line":283,"column":25}},"102":{"start":{"line":282,"column":28},"end":{"line":282,"column":52}},"103":{"start":{"line":288,"column":20},"end":{"line":288,"column":52}},"104":{"start":{"line":291,"column":16},"end":{"line":293,"column":43}},"105":{"start":{"line":297,"column":8},"end":{"line":297,"column":42}},"106":{"start":{"line":298,"column":8},"end":{"line":311,"column":10}},"107":{"start":{"line":300,"column":12},"end":{"line":306,"column":13}},"108":{"start":{"line":302,"column":16},"end":{"line":302,"column":29}},"109":{"start":{"line":303,"column":16},"end":{"line":303,"column":32}},"110":{"start":{"line":304,"column":16},"end":{"line":304,"column":26}},"111":{"start":{"line":305,"column":16},"end":{"line":305,"column":22}},"112":{"start":{"line":308,"column":12},"end":{"line":310,"column":42}},"113":{"start":{"line":313,"column":8},"end":{"line":313,"column":49}},"114":{"start":{"line":316,"column":4},"end":{"line":316,"column":20}},"115":{"start":{"line":319,"column":0},"end":{"line":319,"column":22}},"116":{"start":{"line":321,"column":0},"end":{"line":327,"column":2}},"117":{"start":{"line":323,"column":4},"end":{"line":326,"column":7}},"118":{"start":{"line":325,"column":8},"end":{"line":325,"column":37}},"119":{"start":{"line":329,"column":0},"end":{"line":346,"column":2}},"120":{"start":{"line":333,"column":4},"end":{"line":333,"column":42}},"121":{"start":{"line":335,"column":4},"end":{"line":341,"column":6}},"122":{"start":{"line":337,"column":8},"end":{"line":340,"column":9}},"123":{"start":{"line":339,"column":12},"end":{"line":339,"column":30}},"124":{"start":{"line":343,"column":4},"end":{"line":343,"column":40}},"125":{"start":{"line":345,"column":4},"end":{"line":345,"column":33}}},"branchMap":{"1":{"line":21,"type":"if","locations":[{"start":{"line":21,"column":4},"end":{"line":21,"column":4}},{"start":{"line":21,"column":4},"end":{"line":21,"column":4}}]},"2":{"line":34,"type":"if","locations":[{"start":{"line":34,"column":4},"end":{"line":34,"column":4}},{"start":{"line":34,"column":4},"end":{"line":34,"column":4}}]},"3":{"line":53,"type":"cond-expr","locations":[{"start":{"line":54,"column":16},"end":{"line":54,"column":17}},{"start":{"line":54,"column":20},"end":{"line":54,"column":39}}]},"4":{"line":58,"type":"if","locations":[{"start":{"line":58,"column":8},"end":{"line":58,"column":8}},{"start":{"line":58,"column":8},"end":{"line":58,"column":8}}]},"5":{"line":70,"type":"if","locations":[{"start":{"line":70,"column":8},"end":{"line":70,"column":8}},{"start":{"line":70,"column":8},"end":{"line":70,"column":8}}]},"6":{"line":112,"type":"if","locations":[{"start":{"line":112,"column":12},"end":{"line":112,"column":12}},{"start":{"line":112,"column":12},"end":{"line":112,"column":12}}]},"7":{"line":140,"type":"if","locations":[{"start":{"line":140,"column":8},"end":{"line":140,"column":8}},{"start":{"line":140,"column":8},"end":{"line":140,"column":8}}]},"8":{"line":148,"type":"if","locations":[{"start":{"line":148,"column":20},"end":{"line":148,"column":20}},{"start":{"line":148,"column":20},"end":{"line":148,"column":20},"skip":true}]},"9":{"line":159,"type":"if","locations":[{"start":{"line":159,"column":12},"end":{"line":159,"column":12}},{"start":{"line":159,"column":12},"end":{"line":159,"column":12}}]},"10":{"line":170,"type":"if","locations":[{"start":{"line":170,"column":12},"end":{"line":170,"column":12}},{"start":{"line":170,"column":12},"end":{"line":170,"column":12}}]},"11":{"line":176,"type":"if","locations":[{"start":{"line":176,"column":12},"end":{"line":176,"column":12}},{"start":{"line":176,"column":12},"end":{"line":176,"column":12}}]},"12":{"line":183,"type":"if","locations":[{"start":{"line":183,"column":12},"end":{"line":183,"column":12}},{"start":{"line":183,"column":12},"end":{"line":183,"column":12}}]},"13":{"line":202,"type":"if","locations":[{"start":{"line":202,"column":12},"end":{"line":202,"column":12}},{"start":{"line":202,"column":12},"end":{"line":202,"column":12}}]},"14":{"line":210,"type":"if","locations":[{"start":{"line":210,"column":12},"end":{"line":210,"column":12}},{"start":{"line":210,"column":12},"end":{"line":210,"column":12}}]},"15":{"line":222,"type":"if","locations":[{"start":{"line":222,"column":16},"end":{"line":222,"column":16}},{"start":{"line":222,"column":16},"end":{"line":222,"column":16}}]},"16":{"line":228,"type":"if","locations":[{"start":{"line":228,"column":16},"end":{"line":228,"column":16}},{"start":{"line":228,"column":16},"end":{"line":228,"column":16}}]},"17":{"line":234,"type":"if","locations":[{"start":{"line":234,"column":16},"end":{"line":234,"column":16}},{"start":{"line":234,"column":16},"end":{"line":234,"column":16}}]},"18":{"line":240,"type":"if","locations":[{"start":{"line":240,"column":16},"end":{"line":240,"column":16}},{"start":{"line":240,"column":16},"end":{"line":240,"column":16}}]},"19":{"line":243,"type":"if","locations":[{"start":{"line":243,"column":20},"end":{"line":243,"column":20}},{"start":{"line":243,"column":20},"end":{"line":243,"column":20}}]},"20":{"line":252,"type":"if","locations":[{"start":{"line":252,"column":12},"end":{"line":252,"column":12}},{"start":{"line":252,"column":12},"end":{"line":252,"column":12}}]},"21":{"line":256,"type":"if","locations":[{"start":{"line":256,"column":20},"end":{"line":256,"column":20}},{"start":{"line":256,"column":20},"end":{"line":256,"column":20}}]},"22":{"line":275,"type":"if","locations":[{"start":{"line":275,"column":16},"end":{"line":275,"column":16}},{"start":{"line":275,"column":16},"end":{"line":275,"column":16}}]},"23":{"line":278,"type":"if","locations":[{"start":{"line":278,"column":20},"end":{"line":278,"column":20}},{"start":{"line":278,"column":20},"end":{"line":278,"column":20}}]},"24":{"line":300,"type":"if","locations":[{"start":{"line":300,"column":12},"end":{"line":300,"column":12}},{"start":{"line":300,"column":12},"end":{"line":300,"column":12}}]}}},"/home/david/centro/lib/version.js":{"path":"/home/david/centro/lib/version.js","s":{"1":1},"b":{},"f":{},"fnMap":{},"statementMap":{"1":{"start":{"line":1,"column":0},"end":{"line":1,"column":19}}},"branchMap":{}},"/home/david/centro/lib/server.js":{"path":"/home/david/centro/lib/server.js","s":{"1":1,"2":1,"3":1,"4":1,"5":2077,"6":2077,"7":2062,"8":15,"9":15,"10":1,"11":1084,"12":1,"13":1084,"14":1084,"15":1084,"16":1,"17":16,"18":16,"19":1084,"20":1084,"21":1,"22":1069,"23":1068,"24":1,"25":1081,"26":1094,"27":1094,"28":25,"29":1069,"30":1069,"31":1069,"32":1069,"33":1068,"34":1068,"35":1056,"36":1056,"37":1056,"38":12,"39":1084,"40":1,"41":298,"42":298,"43":298,"44":298,"45":260,"46":38,"47":38,"48":38,"49":1,"50":596,"51":298,"52":298,"53":298,"54":298,"55":298,"56":298,"57":298,"58":298,"59":298,"60":298,"61":298,"62":1,"63":20,"64":298,"65":1,"66":170318,"67":2,"68":298,"69":1,"70":659,"71":659,"72":659,"73":26,"74":26,"75":13,"76":1,"77":298,"78":1,"79":297,"80":272,"81":297,"82":297,"83":224,"84":1,"85":1,"86":2045,"87":1,"88":2091,"89":2091,"90":141,"91":141,"92":141,"93":141,"94":141,"95":141,"96":141,"97":141,"98":141,"99":282,"100":141,"101":2091,"102":2045,"103":2045,"104":2091,"105":2011,"106":1,"107":2091,"108":72,"109":2019,"110":8,"111":2011,"112":1843,"113":1986,"114":2011,"115":15,"116":1996,"117":1996,"118":17,"119":1979,"120":2262,"121":4,"122":2258,"123":2258,"124":58,"125":2200,"126":1979,"127":62,"128":1917,"129":1917,"130":2200,"131":2034,"132":26,"133":166,"134":4,"135":2170,"136":162,"137":2008,"138":13,"139":1995,"140":1874,"141":2045,"142":2045,"143":2045,"144":46,"145":2045,"146":964,"147":964,"148":1081,"149":1081,"150":1,"151":1829,"152":1829,"153":1,"154":640,"155":615,"156":615,"157":15,"158":615,"159":1829,"160":1829,"161":1829,"162":1,"163":1828,"164":1828,"165":1,"166":8362,"167":1828,"168":1,"169":2062,"170":2077,"171":1,"172":2062,"173":15,"174":15,"175":1,"176":1828,"177":1828,"178":2062,"179":2047,"180":2062,"181":152,"182":1910,"183":1910,"184":13,"185":13,"186":1897,"187":1897,"188":1111,"189":1828,"190":1828,"191":1828,"192":1764,"193":1764,"194":339,"195":339,"196":319,"197":339,"198":339,"199":339,"200":142,"201":339,"202":339,"203":268,"204":339,"205":1828,"206":1059,"207":1828,"208":1,"209":2087,"210":25,"211":2062,"212":2062,"213":1910,"214":1910,"215":152,"216":152,"217":2062,"218":44,"219":2062,"220":339,"221":2062,"222":2062,"223":2062,"224":2062,"225":152,"226":1910,"227":1910,"228":1910,"229":1910,"230":1124,"231":1124,"232":1910,"233":1,"234":1910,"235":17,"236":1893,"237":13,"238":1880,"239":1910,"240":1,"241":1813,"242":40,"243":40,"244":1773,"245":9,"246":9,"247":1,"248":8820,"249":8820,"250":1764,"251":10584,"252":12138,"253":12138,"254":8092,"255":12138,"256":12138,"257":7053,"258":1764,"259":1764,"260":1764,"261":1764,"262":1764,"263":1764,"264":11,"265":1764,"266":11,"267":1764,"268":1764,"269":2023,"270":80,"271":80,"272":80,"273":80,"274":2023,"275":1764,"276":1684,"277":1764,"278":44,"279":28,"280":28,"281":26,"282":28,"283":13,"284":28,"285":28,"286":13,"287":15,"288":13,"289":15,"290":1764,"291":2023,"292":1764,"293":1764,"294":1764,"295":1760,"296":15,"297":1745,"298":1745,"299":1745,"300":15,"301":15,"302":1730,"303":1730,"304":1730,"305":339,"306":339,"307":319,"308":339,"309":339,"310":339,"311":142,"312":339,"313":339,"314":268,"315":339,"316":1828,"317":1,"318":366,"319":2,"320":2,"321":1,"322":1,"323":1,"324":1,"325":364,"326":20,"327":20,"328":20,"329":20,"330":20,"331":20,"332":20,"333":364,"334":364,"335":364,"336":366,"337":1,"338":368,"339":102,"340":266,"341":266,"342":42,"343":42,"344":42,"345":2,"346":40,"347":224,"348":1,"349":368,"350":296,"351":296,"352":296,"353":296,"354":296,"355":276,"356":276,"357":92,"358":1,"359":297,"360":4,"361":293,"362":293,"363":293,"364":293,"365":293,"366":2,"367":2,"368":2,"369":291,"370":297,"371":298,"372":298,"373":1,"374":1,"375":273,"376":1,"377":273,"378":34,"379":34,"380":15,"381":273,"382":1,"383":273,"384":273,"385":1,"386":391,"387":273,"388":273,"389":273,"390":273,"391":344,"392":1,"393":273,"394":273,"395":273,"396":15,"397":15,"398":15,"399":258,"400":273,"401":273,"402":150,"403":273,"404":13,"405":13,"406":13,"407":260,"408":1,"409":273,"410":12,"411":261,"412":273,"413":272,"414":272,"415":272,"416":252,"417":21,"418":1,"419":303,"420":303,"421":30,"422":15,"423":15,"424":273,"425":273,"426":271,"427":2,"428":1,"429":217,"430":83,"431":217,"432":217,"433":1,"434":19,"435":1,"436":1},"b":{"1":[2062,15],"2":[1068,1],"3":[25,1069],"4":[1056,12],"5":[1,1055],"6":[260,38],"7":[2,170316],"8":[170318,166747],"9":[26,633],"10":[13,13],"11":[1,297],"12":[272,25],"13":[224,73],"14":[141,1950],"15":[2091,217],"16":[2045,46],"17":[2011,80],"18":[72,2019],"19":[8,2011],"20":[1843,168],"21":[15,1996],"22":[1824,172],"23":[17,1979],"24":[1996,1996],"25":[4,2258],"26":[2262,2262],"27":[58,2200],"28":[62,1917],"29":[2034,166],"30":[26,2008],"31":[4,162],"32":[162,2008],"33":[13,1995],"34":[46,30],"35":[964,1081],"36":[26,1055],"37":[615,25],"38":[640,615],"39":[1,1828],"40":[2047,15],"41":[152,1910],"42":[13,1897],"43":[1111,786],"44":[1764,64],"45":[319,20],"46":[142,197],"47":[71,71],"48":[268,71],"49":[1059,769],"50":[25,2062],"51":[1910,152],"52":[44,2018],"53":[339,1723],"54":[152,1910],"55":[1124,786],"56":[17,1893],"57":[13,1880],"58":[40,1773],"59":[9,1764],"60":[8092,4046],"61":[12138,3984],"62":[1726,38],"63":[34,4],"64":[1764,1764],"65":[80,1943],"66":[80,0],"67":[2023,1943],"68":[1684,80],"69":[44,1720],"70":[26,2],"71":[13,15],"72":[13,15],"73":[13,2],"74":[15,1745],"75":[15,1730],"76":[319,20],"77":[142,197],"78":[71,71],"79":[268,71],"80":[2,364],"81":[1,1],"82":[20,344],"83":[20,20],"84":[102,266],"85":[42,224],"86":[2,40],"87":[296,72],"88":[296,276],"89":[276,20],"90":[4,293],"91":[2,291],"92":[273,118],"93":[391,307],"94":[15,258],"95":[13,260],"96":[12,261],"97":[272,1],"98":[252,20],"99":[303,15],"100":[30,273],"101":[15,15],"102":[271,2],"103":[83,134]},"f":{"1":2077,"2":15,"3":1084,"4":1084,"5":16,"6":1069,"7":1081,"8":298,"9":596,"10":20,"11":170318,"12":659,"13":298,"14":366,"15":2045,"16":2091,"17":141,"18":2091,"19":1986,"20":2262,"21":2258,"22":1979,"23":46,"24":964,"25":1081,"26":1829,"27":640,"28":8362,"29":2062,"30":2077,"31":2062,"32":15,"33":1828,"34":2087,"35":1910,"36":1813,"37":8820,"38":10584,"39":11,"40":11,"41":28,"42":2023,"43":1760,"44":366,"45":1,"46":20,"47":20,"48":20,"49":368,"50":42,"51":368,"52":276,"53":297,"54":293,"55":298,"56":273,"57":273,"58":273,"59":391,"60":344,"61":273,"62":273,"63":15,"64":13,"65":273,"66":303,"67":15,"68":217,"69":19},"fnMap":{"1":{"name":"schedule","line":203,"loc":{"start":{"line":203,"column":0},"end":{"line":204,"column":0}}},"2":{"name":"(anonymous_2)","line":209,"loc":{"start":{"line":209,"column":26},"end":{"line":210,"column":8}}},"3":{"name":"read_frame","line":220,"loc":{"start":{"line":220,"column":0},"end":{"line":221,"column":0}}},"4":{"name":"cleanup","line":224,"loc":{"start":{"line":224,"column":4},"end":{"line":225,"column":4}}},"5":{"name":"end","line":231,"loc":{"start":{"line":231,"column":4},"end":{"line":232,"column":4}}},"6":{"name":"done","line":240,"loc":{"start":{"line":240,"column":4},"end":{"line":241,"column":4}}},"7":{"name":"onread","line":248,"loc":{"start":{"line":248,"column":4},"end":{"line":249,"column":4}}},"8":{"name":"CentroServer","line":286,"loc":{"start":{"line":286,"column":0},"end":{"line":287,"column":0}}},"9":{"name":"compile","line":344,"loc":{"start":{"line":344,"column":4},"end":{"line":345,"column":4}}},"10":{"name":"error","line":506,"loc":{"start":{"line":506,"column":4},"end":{"line":507,"column":4}}},"11":{"name":"warning","line":513,"loc":{"start":{"line":513,"column":4},"end":{"line":514,"column":4}}},"12":{"name":"change","line":523,"loc":{"start":{"line":523,"column":4},"end":{"line":524,"column":4}}},"13":{"name":"authorize","line":542,"loc":{"start":{"line":542,"column":4},"end":{"line":543,"column":4}}},"14":{"name":"run_transport","line":561,"loc":{"start":{"line":561,"column":8},"end":{"line":562,"column":8}}},"15":{"name":"transport_authorize","line":563,"loc":{"start":{"line":563,"column":12},"end":{"line":564,"column":12}}},"16":{"name":"cb","line":567,"loc":{"start":{"line":567,"column":16},"end":{"line":568,"column":16}}},"17":{"name":"(anonymous_17)","line":588,"loc":{"start":{"line":588,"column":52},"end":{"line":589,"column":24}}},"18":{"name":"got_tokens","line":610,"loc":{"start":{"line":610,"column":16},"end":{"line":611,"column":16}}},"19":{"name":"(anonymous_19)","line":624,"loc":{"start":{"line":624,"column":58},"end":{"line":625,"column":24}}},"20":{"name":"(anonymous_20)","line":642,"loc":{"start":{"line":642,"column":62},"end":{"line":643,"column":20}}},"21":{"name":"(anonymous_21)","line":649,"loc":{"start":{"line":649,"column":68},"end":{"line":650,"column":24}}},"22":{"name":"(anonymous_22)","line":663,"loc":{"start":{"line":663,"column":24},"end":{"line":664,"column":20}}},"23":{"name":"(anonymous_23)","line":706,"loc":{"start":{"line":706,"column":40},"end":{"line":707,"column":16}}},"24":{"name":"(anonymous_24)","line":713,"loc":{"start":{"line":713,"column":46},"end":{"line":714,"column":20}}},"25":{"name":"(anonymous_25)","line":720,"loc":{"start":{"line":720,"column":44},"end":{"line":721,"column":20}}},"26":{"name":"transport_connected","line":727,"loc":{"start":{"line":727,"column":12},"end":{"line":728,"column":12}}},"27":{"name":"dstroy","line":740,"loc":{"start":{"line":740,"column":16},"end":{"line":741,"column":16}}},"28":{"name":"replace","line":771,"loc":{"start":{"line":771,"column":16},"end":{"line":772,"column":16}}},"29":{"name":"make_update","line":778,"loc":{"start":{"line":778,"column":16},"end":{"line":779,"column":16}}},"30":{"name":"(anonymous_30)","line":780,"loc":{"start":{"line":780,"column":27},"end":{"line":781,"column":20}}},"31":{"name":"make_destroy","line":786,"loc":{"start":{"line":786,"column":16},"end":{"line":787,"column":16}}},"32":{"name":"(anonymous_32)","line":788,"loc":{"start":{"line":788,"column":27},"end":{"line":789,"column":20}}},"33":{"name":"conn_closed","line":795,"loc":{"start":{"line":795,"column":16},"end":{"line":796,"column":16}}},"34":{"name":"process_handshake","line":875,"loc":{"start":{"line":875,"column":16},"end":{"line":876,"column":16}}},"35":{"name":"got_pub_key","line":936,"loc":{"start":{"line":936,"column":20},"end":{"line":937,"column":20}}},"36":{"name":"processed_handshakes","line":954,"loc":{"start":{"line":954,"column":16},"end":{"line":955,"column":16}}},"37":{"name":"AggregateTopics","line":968,"loc":{"start":{"line":968,"column":20},"end":{"line":969,"column":20}}},"38":{"name":"(anonymous_38)","line":974,"loc":{"start":{"line":974,"column":65},"end":{"line":975,"column":20}}},"39":{"name":"(anonymous_39)","line":1018,"loc":{"start":{"line":1018,"column":44},"end":{"line":1019,"column":20}}},"40":{"name":"(anonymous_40)","line":1023,"loc":{"start":{"line":1023,"column":43},"end":{"line":1024,"column":20}}},"41":{"name":"(anonymous_41)","line":1059,"loc":{"start":{"line":1059,"column":43},"end":{"line":1060,"column":24}}},"42":{"name":"(anonymous_42)","line":1092,"loc":{"start":{"line":1092,"column":50},"end":{"line":1093,"column":20}}},"43":{"name":"(anonymous_43)","line":1109,"loc":{"start":{"line":1109,"column":45},"end":{"line":1110,"column":20}}},"44":{"name":"transport_ready","line":1172,"loc":{"start":{"line":1172,"column":12},"end":{"line":1173,"column":12}}},"45":{"name":"(anonymous_45)","line":1179,"loc":{"start":{"line":1179,"column":55},"end":{"line":1180,"column":24}}},"46":{"name":"(anonymous_46)","line":1191,"loc":{"start":{"line":1191,"column":32},"end":{"line":1192,"column":20}}},"47":{"name":"(anonymous_47)","line":1193,"loc":{"start":{"line":1193,"column":48},"end":{"line":1194,"column":24}}},"48":{"name":"(anonymous_48)","line":1196,"loc":{"start":{"line":1196,"column":34},"end":{"line":1197,"column":28}}},"49":{"name":"start_transport2","line":1220,"loc":{"start":{"line":1220,"column":8},"end":{"line":1221,"column":8}}},"50":{"name":"(anonymous_50)","line":1234,"loc":{"start":{"line":1234,"column":47},"end":{"line":1235,"column":20}}},"51":{"name":"start_transport","line":1251,"loc":{"start":{"line":1251,"column":8},"end":{"line":1252,"column":8}}},"52":{"name":"(anonymous_52)","line":1262,"loc":{"start":{"line":1262,"column":47},"end":{"line":1263,"column":20}}},"53":{"name":"transports_started","line":1272,"loc":{"start":{"line":1272,"column":8},"end":{"line":1273,"column":8}}},"54":{"name":"(anonymous_54)","line":1282,"loc":{"start":{"line":1282,"column":29},"end":{"line":1283,"column":12}}},"55":{"name":"(anonymous_55)","line":1302,"loc":{"start":{"line":1302,"column":21},"end":{"line":1303,"column":4}}},"56":{"name":"(anonymous_56)","line":1310,"loc":{"start":{"line":1310,"column":32},"end":{"line":1311,"column":0}}},"57":{"name":"close_transports","line":1314,"loc":{"start":{"line":1314,"column":4},"end":{"line":1315,"column":4}}},"58":{"name":"cont","line":1330,"loc":{"start":{"line":1330,"column":8},"end":{"line":1331,"column":8}}},"59":{"name":"check","line":1337,"loc":{"start":{"line":1337,"column":12},"end":{"line":1338,"column":12}}},"60":{"name":"(anonymous_60)","line":1347,"loc":{"start":{"line":1347,"column":56},"end":{"line":1348,"column":12}}},"61":{"name":"(anonymous_61)","line":1350,"loc":{"start":{"line":1350,"column":16},"end":{"line":1351,"column":12}}},"62":{"name":"cont2","line":1352,"loc":{"start":{"line":1352,"column":16},"end":{"line":1353,"column":16}}},"63":{"name":"(anonymous_63)","line":1361,"loc":{"start":{"line":1361,"column":25},"end":{"line":1361,"column":37}}},"64":{"name":"(anonymous_64)","line":1380,"loc":{"start":{"line":1380,"column":17},"end":{"line":1380,"column":29}}},"65":{"name":"close_keystore","line":1387,"loc":{"start":{"line":1387,"column":4},"end":{"line":1388,"column":4}}},"66":{"name":"(anonymous_66)","line":1411,"loc":{"start":{"line":1411,"column":31},"end":{"line":1412,"column":0}}},"67":{"name":"(anonymous_67)","line":1413,"loc":{"start":{"line":1413,"column":15},"end":{"line":1413,"column":27}}},"68":{"name":"(anonymous_68)","line":1435,"loc":{"start":{"line":1435,"column":38},"end":{"line":1436,"column":0}}},"69":{"name":"(anonymous_69)","line":1451,"loc":{"start":{"line":1451,"column":30},"end":{"line":1452,"column":0}}}},"statementMap":{"1":{"start":{"line":186,"column":0},"end":{"line":197,"column":20}},"2":{"start":{"line":199,"column":0},"end":{"line":199,"column":39}},"3":{"start":{"line":201,"column":0},"end":{"line":201,"column":41}},"4":{"start":{"line":203,"column":0},"end":{"line":218,"column":1}},"5":{"start":{"line":205,"column":4},"end":{"line":205,"column":35}},"6":{"start":{"line":207,"column":4},"end":{"line":217,"column":5}},"7":{"start":{"line":209,"column":8},"end":{"line":212,"column":47}},"8":{"start":{"line":211,"column":12},"end":{"line":211,"column":35}},"9":{"start":{"line":216,"column":8},"end":{"line":216,"column":33}},"10":{"start":{"line":220,"column":0},"end":{"line":284,"column":1}},"11":{"start":{"line":222,"column":4},"end":{"line":222,"column":41}},"12":{"start":{"line":224,"column":4},"end":{"line":229,"column":5}},"13":{"start":{"line":226,"column":8},"end":{"line":226,"column":37}},"14":{"start":{"line":227,"column":8},"end":{"line":227,"column":39}},"15":{"start":{"line":228,"column":8},"end":{"line":228,"column":45}},"16":{"start":{"line":231,"column":4},"end":{"line":235,"column":5}},"17":{"start":{"line":233,"column":8},"end":{"line":233,"column":18}},"18":{"start":{"line":234,"column":8},"end":{"line":234,"column":44}},"19":{"start":{"line":237,"column":4},"end":{"line":237,"column":21}},"20":{"start":{"line":238,"column":4},"end":{"line":238,"column":23}},"21":{"start":{"line":240,"column":4},"end":{"line":246,"column":5}},"22":{"start":{"line":242,"column":8},"end":{"line":245,"column":9}},"23":{"start":{"line":244,"column":12},"end":{"line":244,"column":20}},"24":{"start":{"line":248,"column":4},"end":{"line":281,"column":5}},"25":{"start":{"line":250,"column":8},"end":{"line":280,"column":9}},"26":{"start":{"line":253,"column":12},"end":{"line":253,"column":35}},"27":{"start":{"line":255,"column":12},"end":{"line":258,"column":13}},"28":{"start":{"line":257,"column":16},"end":{"line":257,"column":22}},"29":{"start":{"line":260,"column":12},"end":{"line":260,"column":42}},"30":{"start":{"line":262,"column":12},"end":{"line":279,"column":13}},"31":{"start":{"line":264,"column":16},"end":{"line":264,"column":38}},"32":{"start":{"line":265,"column":16},"end":{"line":265,"column":55}},"33":{"start":{"line":269,"column":16},"end":{"line":269,"column":26}},"34":{"start":{"line":271,"column":16},"end":{"line":276,"column":17}},"35":{"start":{"line":273,"column":20},"end":{"line":273,"column":77}},"36":{"start":{"line":274,"column":20},"end":{"line":274,"column":80}},"37":{"start":{"line":275,"column":20},"end":{"line":275,"column":39}},"38":{"start":{"line":278,"column":16},"end":{"line":278,"column":22}},"39":{"start":{"line":283,"column":4},"end":{"line":283,"column":29}},"40":{"start":{"line":286,"column":0},"end":{"line":1306,"column":1}},"41":{"start":{"line":288,"column":4},"end":{"line":288,"column":28}},"42":{"start":{"line":290,"column":4},"end":{"line":327,"column":15}},"43":{"start":{"line":329,"column":4},"end":{"line":330,"column":31}},"44":{"start":{"line":332,"column":4},"end":{"line":342,"column":5}},"45":{"start":{"line":334,"column":8},"end":{"line":334,"column":56}},"46":{"start":{"line":338,"column":8},"end":{"line":338,"column":42}},"47":{"start":{"line":339,"column":8},"end":{"line":339,"column":36}},"48":{"start":{"line":340,"column":8},"end":{"line":341,"column":36}},"49":{"start":{"line":344,"column":4},"end":{"line":488,"column":5}},"50":{"start":{"line":346,"column":8},"end":{"line":487,"column":11}},"51":{"start":{"line":490,"column":4},"end":{"line":491,"column":52}},"52":{"start":{"line":493,"column":4},"end":{"line":493,"column":28}},"53":{"start":{"line":494,"column":4},"end":{"line":494,"column":45}},"54":{"start":{"line":495,"column":4},"end":{"line":495,"column":34}},"55":{"start":{"line":496,"column":4},"end":{"line":496,"column":30}},"56":{"start":{"line":497,"column":4},"end":{"line":497,"column":26}},"57":{"start":{"line":498,"column":4},"end":{"line":498,"column":26}},"58":{"start":{"line":499,"column":4},"end":{"line":499,"column":25}},"59":{"start":{"line":500,"column":4},"end":{"line":500,"column":26}},"60":{"start":{"line":501,"column":4},"end":{"line":501,"column":24}},"61":{"start":{"line":503,"column":4},"end":{"line":504,"column":18}},"62":{"start":{"line":506,"column":4},"end":{"line":510,"column":5}},"63":{"start":{"line":509,"column":8},"end":{"line":509,"column":37}},"64":{"start":{"line":511,"column":4},"end":{"line":511,"column":24}},"65":{"start":{"line":513,"column":4},"end":{"line":520,"column":5}},"66":{"start":{"line":516,"column":8},"end":{"line":519,"column":9}},"67":{"start":{"line":518,"column":12},"end":{"line":518,"column":31}},"68":{"start":{"line":521,"column":4},"end":{"line":521,"column":28}},"69":{"start":{"line":523,"column":4},"end":{"line":540,"column":5}},"70":{"start":{"line":525,"column":8},"end":{"line":525,"column":58}},"71":{"start":{"line":527,"column":8},"end":{"line":527,"column":46}},"72":{"start":{"line":529,"column":8},"end":{"line":539,"column":9}},"73":{"start":{"line":531,"column":12},"end":{"line":538,"column":13}},"74":{"start":{"line":533,"column":16},"end":{"line":537,"column":17}},"75":{"start":{"line":536,"column":20},"end":{"line":536,"column":35}},"76":{"start":{"line":542,"column":4},"end":{"line":1300,"column":5}},"77":{"start":{"line":544,"column":8},"end":{"line":547,"column":9}},"78":{"start":{"line":546,"column":12},"end":{"line":546,"column":30}},"79":{"start":{"line":549,"column":8},"end":{"line":552,"column":9}},"80":{"start":{"line":551,"column":12},"end":{"line":551,"column":56}},"81":{"start":{"line":554,"column":8},"end":{"line":554,"column":42}},"82":{"start":{"line":556,"column":8},"end":{"line":559,"column":9}},"83":{"start":{"line":558,"column":12},"end":{"line":558,"column":38}},"84":{"start":{"line":561,"column":8},"end":{"line":1218,"column":9}},"85":{"start":{"line":563,"column":12},"end":{"line":725,"column":13}},"86":{"start":{"line":565,"column":16},"end":{"line":565,"column":40}},"87":{"start":{"line":567,"column":16},"end":{"line":608,"column":17}},"88":{"start":{"line":569,"column":20},"end":{"line":569,"column":33}},"89":{"start":{"line":571,"column":20},"end":{"line":596,"column":21}},"90":{"start":{"line":573,"column":24},"end":{"line":577,"column":28}},"91":{"start":{"line":580,"column":24},"end":{"line":580,"column":72}},"92":{"start":{"line":581,"column":24},"end":{"line":581,"column":51}},"93":{"start":{"line":582,"column":24},"end":{"line":582,"column":54}},"94":{"start":{"line":583,"column":24},"end":{"line":583,"column":54}},"95":{"start":{"line":584,"column":24},"end":{"line":584,"column":44}},"96":{"start":{"line":587,"column":24},"end":{"line":587,"column":62}},"97":{"start":{"line":588,"column":24},"end":{"line":594,"column":26}},"98":{"start":{"line":590,"column":28},"end":{"line":593,"column":29}},"99":{"start":{"line":592,"column":32},"end":{"line":592,"column":47}},"100":{"start":{"line":595,"column":24},"end":{"line":595,"column":44}},"101":{"start":{"line":598,"column":20},"end":{"line":602,"column":21}},"102":{"start":{"line":600,"column":24},"end":{"line":600,"column":95}},"103":{"start":{"line":601,"column":24},"end":{"line":601,"column":43}},"104":{"start":{"line":604,"column":20},"end":{"line":607,"column":21}},"105":{"start":{"line":606,"column":24},"end":{"line":606,"column":53}},"106":{"start":{"line":610,"column":16},"end":{"line":701,"column":17}},"107":{"start":{"line":612,"column":20},"end":{"line":615,"column":21}},"108":{"start":{"line":614,"column":24},"end":{"line":614,"column":57}},"109":{"start":{"line":617,"column":20},"end":{"line":620,"column":21}},"110":{"start":{"line":619,"column":24},"end":{"line":619,"column":70}},"111":{"start":{"line":622,"column":20},"end":{"line":628,"column":21}},"112":{"start":{"line":624,"column":24},"end":{"line":627,"column":27}},"113":{"start":{"line":626,"column":28},"end":{"line":626,"column":37}},"114":{"start":{"line":630,"column":20},"end":{"line":633,"column":21}},"115":{"start":{"line":632,"column":24},"end":{"line":632,"column":65}},"116":{"start":{"line":635,"column":20},"end":{"line":635,"column":76}},"117":{"start":{"line":637,"column":20},"end":{"line":640,"column":21}},"118":{"start":{"line":639,"column":24},"end":{"line":639,"column":71}},"119":{"start":{"line":642,"column":20},"end":{"line":700,"column":23}},"120":{"start":{"line":644,"column":24},"end":{"line":647,"column":25}},"121":{"start":{"line":646,"column":28},"end":{"line":646,"column":67}},"122":{"start":{"line":649,"column":24},"end":{"line":662,"column":27}},"123":{"start":{"line":651,"column":28},"end":{"line":654,"column":29}},"124":{"start":{"line":653,"column":32},"end":{"line":653,"column":47}},"125":{"start":{"line":656,"column":28},"end":{"line":661,"column":31}},"126":{"start":{"line":665,"column":24},"end":{"line":668,"column":25}},"127":{"start":{"line":667,"column":28},"end":{"line":667,"column":61}},"128":{"start":{"line":670,"column":24},"end":{"line":670,"column":45}},"129":{"start":{"line":672,"column":24},"end":{"line":697,"column":25}},"130":{"start":{"line":674,"column":28},"end":{"line":684,"column":29}},"131":{"start":{"line":676,"column":32},"end":{"line":679,"column":33}},"132":{"start":{"line":678,"column":36},"end":{"line":678,"column":97}},"133":{"start":{"line":681,"column":33},"end":{"line":684,"column":29}},"134":{"start":{"line":683,"column":32},"end":{"line":683,"column":98}},"135":{"start":{"line":686,"column":28},"end":{"line":689,"column":29}},"136":{"start":{"line":688,"column":32},"end":{"line":688,"column":41}},"137":{"start":{"line":691,"column":28},"end":{"line":694,"column":29}},"138":{"start":{"line":693,"column":32},"end":{"line":693,"column":88}},"139":{"start":{"line":696,"column":28},"end":{"line":696,"column":45}},"140":{"start":{"line":699,"column":24},"end":{"line":699,"column":53}},"141":{"start":{"line":703,"column":16},"end":{"line":703,"column":41}},"142":{"start":{"line":704,"column":16},"end":{"line":704,"column":57}},"143":{"start":{"line":706,"column":16},"end":{"line":709,"column":52}},"144":{"start":{"line":708,"column":20},"end":{"line":708,"column":62}},"145":{"start":{"line":711,"column":16},"end":{"line":724,"column":17}},"146":{"start":{"line":713,"column":20},"end":{"line":716,"column":23}},"147":{"start":{"line":715,"column":24},"end":{"line":715,"column":48}},"148":{"start":{"line":720,"column":20},"end":{"line":723,"column":23}},"149":{"start":{"line":722,"column":24},"end":{"line":722,"column":72}},"150":{"start":{"line":727,"column":12},"end":{"line":1170,"column":13}},"151":{"start":{"line":729,"column":16},"end":{"line":729,"column":44}},"152":{"start":{"line":731,"column":16},"end":{"line":738,"column":38}},"153":{"start":{"line":740,"column":16},"end":{"line":755,"column":17}},"154":{"start":{"line":742,"column":20},"end":{"line":754,"column":21}},"155":{"start":{"line":744,"column":24},"end":{"line":751,"column":25}},"156":{"start":{"line":746,"column":28},"end":{"line":746,"column":53}},"157":{"start":{"line":750,"column":28},"end":{"line":750,"column":40}},"158":{"start":{"line":753,"column":24},"end":{"line":753,"column":41}},"159":{"start":{"line":757,"column":16},"end":{"line":757,"column":41}},"160":{"start":{"line":758,"column":16},"end":{"line":758,"column":39}},"161":{"start":{"line":760,"column":16},"end":{"line":763,"column":17}},"162":{"start":{"line":762,"column":20},"end":{"line":762,"column":36}},"163":{"start":{"line":765,"column":16},"end":{"line":769,"column":49}},"164":{"start":{"line":767,"column":20},"end":{"line":767,"column":68}},"165":{"start":{"line":771,"column":16},"end":{"line":774,"column":17}},"166":{"start":{"line":773,"column":20},"end":{"line":773,"column":63}},"167":{"start":{"line":776,"column":16},"end":{"line":776,"column":49}},"168":{"start":{"line":778,"column":16},"end":{"line":784,"column":17}},"169":{"start":{"line":780,"column":20},"end":{"line":783,"column":22}},"170":{"start":{"line":782,"column":24},"end":{"line":782,"column":47}},"171":{"start":{"line":786,"column":16},"end":{"line":793,"column":17}},"172":{"start":{"line":788,"column":20},"end":{"line":792,"column":22}},"173":{"start":{"line":790,"column":24},"end":{"line":790,"column":44}},"174":{"start":{"line":791,"column":24},"end":{"line":791,"column":33}},"175":{"start":{"line":795,"column":16},"end":{"line":871,"column":17}},"176":{"start":{"line":797,"column":20},"end":{"line":797,"column":34}},"177":{"start":{"line":799,"column":20},"end":{"line":825,"column":21}},"178":{"start":{"line":801,"column":24},"end":{"line":804,"column":25}},"179":{"start":{"line":803,"column":28},"end":{"line":803,"column":55}},"180":{"start":{"line":806,"column":24},"end":{"line":809,"column":25}},"181":{"start":{"line":808,"column":28},"end":{"line":808,"column":37}},"182":{"start":{"line":811,"column":24},"end":{"line":811,"column":67}},"183":{"start":{"line":813,"column":24},"end":{"line":817,"column":25}},"184":{"start":{"line":815,"column":28},"end":{"line":815,"column":96}},"185":{"start":{"line":816,"column":28},"end":{"line":816,"column":37}},"186":{"start":{"line":819,"column":24},"end":{"line":819,"column":43}},"187":{"start":{"line":821,"column":24},"end":{"line":824,"column":25}},"188":{"start":{"line":823,"column":28},"end":{"line":823,"column":62}},"189":{"start":{"line":827,"column":20},"end":{"line":827,"column":37}},"190":{"start":{"line":829,"column":20},"end":{"line":829,"column":48}},"191":{"start":{"line":831,"column":20},"end":{"line":865,"column":21}},"192":{"start":{"line":833,"column":24},"end":{"line":833,"column":53}},"193":{"start":{"line":835,"column":24},"end":{"line":864,"column":25}},"194":{"start":{"line":837,"column":28},"end":{"line":838,"column":45}},"195":{"start":{"line":840,"column":28},"end":{"line":843,"column":29}},"196":{"start":{"line":842,"column":32},"end":{"line":842,"column":52}},"197":{"start":{"line":845,"column":28},"end":{"line":845,"column":45}},"198":{"start":{"line":847,"column":28},"end":{"line":847,"column":65}},"199":{"start":{"line":849,"column":28},"end":{"line":854,"column":29}},"200":{"start":{"line":851,"column":32},"end":{"line":853,"column":65}},"201":{"start":{"line":856,"column":28},"end":{"line":856,"column":99}},"202":{"start":{"line":858,"column":28},"end":{"line":861,"column":29}},"203":{"start":{"line":860,"column":32},"end":{"line":860,"column":68}},"204":{"start":{"line":863,"column":28},"end":{"line":863,"column":36}},"205":{"start":{"line":867,"column":20},"end":{"line":870,"column":21}},"206":{"start":{"line":869,"column":24},"end":{"line":869,"column":42}},"207":{"start":{"line":873,"column":16},"end":{"line":873,"column":37}},"208":{"start":{"line":875,"column":16},"end":{"line":952,"column":17}},"209":{"start":{"line":877,"column":20},"end":{"line":880,"column":21}},"210":{"start":{"line":879,"column":24},"end":{"line":879,"column":55}},"211":{"start":{"line":882,"column":20},"end":{"line":882,"column":31}},"212":{"start":{"line":884,"column":20},"end":{"line":896,"column":21}},"213":{"start":{"line":887,"column":24},"end":{"line":889,"column":47}},"214":{"start":{"line":890,"column":24},"end":{"line":890,"column":55}},"215":{"start":{"line":894,"column":24},"end":{"line":894,"column":36}},"216":{"start":{"line":895,"column":24},"end":{"line":895,"column":43}},"217":{"start":{"line":898,"column":20},"end":{"line":901,"column":21}},"218":{"start":{"line":900,"column":24},"end":{"line":900,"column":72}},"219":{"start":{"line":903,"column":20},"end":{"line":906,"column":21}},"220":{"start":{"line":905,"column":24},"end":{"line":905,"column":66}},"221":{"start":{"line":908,"column":20},"end":{"line":910,"column":22}},"222":{"start":{"line":912,"column":20},"end":{"line":912,"column":39}},"223":{"start":{"line":914,"column":20},"end":{"line":916,"column":49}},"224":{"start":{"line":918,"column":20},"end":{"line":921,"column":21}},"225":{"start":{"line":920,"column":24},"end":{"line":920,"column":36}},"226":{"start":{"line":923,"column":20},"end":{"line":923,"column":38}},"227":{"start":{"line":924,"column":20},"end":{"line":924,"column":38}},"228":{"start":{"line":926,"column":20},"end":{"line":926,"column":61}},"229":{"start":{"line":928,"column":20},"end":{"line":932,"column":21}},"230":{"start":{"line":930,"column":24},"end":{"line":930,"column":42}},"231":{"start":{"line":931,"column":24},"end":{"line":931,"column":60}},"232":{"start":{"line":934,"column":20},"end":{"line":934,"column":36}},"233":{"start":{"line":936,"column":20},"end":{"line":949,"column":21}},"234":{"start":{"line":938,"column":24},"end":{"line":941,"column":25}},"235":{"start":{"line":940,"column":28},"end":{"line":940,"column":43}},"236":{"start":{"line":943,"column":24},"end":{"line":946,"column":25}},"237":{"start":{"line":945,"column":28},"end":{"line":945,"column":88}},"238":{"start":{"line":948,"column":24},"end":{"line":948,"column":29}},"239":{"start":{"line":951,"column":20},"end":{"line":951,"column":75}},"240":{"start":{"line":954,"column":16},"end":{"line":1165,"column":17}},"241":{"start":{"line":956,"column":20},"end":{"line":960,"column":21}},"242":{"start":{"line":958,"column":24},"end":{"line":958,"column":37}},"243":{"start":{"line":959,"column":24},"end":{"line":959,"column":40}},"244":{"start":{"line":962,"column":20},"end":{"line":966,"column":21}},"245":{"start":{"line":964,"column":24},"end":{"line":964,"column":53}},"246":{"start":{"line":965,"column":24},"end":{"line":965,"column":31}},"247":{"start":{"line":968,"column":20},"end":{"line":972,"column":21}},"248":{"start":{"line":970,"column":24},"end":{"line":970,"column":45}},"249":{"start":{"line":971,"column":24},"end":{"line":971,"column":41}},"250":{"start":{"line":974,"column":20},"end":{"line":989,"column":22}},"251":{"start":{"line":976,"column":24},"end":{"line":988,"column":25}},"252":{"start":{"line":978,"column":28},"end":{"line":978,"column":80}},"253":{"start":{"line":979,"column":28},"end":{"line":982,"column":29}},"254":{"start":{"line":981,"column":32},"end":{"line":981,"column":59}},"255":{"start":{"line":983,"column":28},"end":{"line":983,"column":50}},"256":{"start":{"line":984,"column":28},"end":{"line":987,"column":29}},"257":{"start":{"line":986,"column":32},"end":{"line":986,"column":65}},"258":{"start":{"line":991,"column":20},"end":{"line":1009,"column":23}},"259":{"start":{"line":1011,"column":20},"end":{"line":1013,"column":77}},"260":{"start":{"line":1014,"column":20},"end":{"line":1014,"column":50}},"261":{"start":{"line":1015,"column":20},"end":{"line":1015,"column":52}},"262":{"start":{"line":1016,"column":20},"end":{"line":1016,"column":52}},"263":{"start":{"line":1018,"column":20},"end":{"line":1021,"column":23}},"264":{"start":{"line":1020,"column":24},"end":{"line":1020,"column":66}},"265":{"start":{"line":1023,"column":20},"end":{"line":1026,"column":23}},"266":{"start":{"line":1025,"column":24},"end":{"line":1025,"column":65}},"267":{"start":{"line":1028,"column":20},"end":{"line":1028,"column":63}},"268":{"start":{"line":1030,"column":20},"end":{"line":1050,"column":21}},"269":{"start":{"line":1032,"column":24},"end":{"line":1047,"column":25}},"270":{"start":{"line":1034,"column":28},"end":{"line":1046,"column":29}},"271":{"start":{"line":1037,"column":32},"end":{"line":1045,"column":33}},"272":{"start":{"line":1039,"column":36},"end":{"line":1042,"column":39}},"273":{"start":{"line":1044,"column":36},"end":{"line":1044,"column":54}},"274":{"start":{"line":1049,"column":24},"end":{"line":1049,"column":71}},"275":{"start":{"line":1052,"column":20},"end":{"line":1055,"column":21}},"276":{"start":{"line":1054,"column":24},"end":{"line":1054,"column":50}},"277":{"start":{"line":1057,"column":20},"end":{"line":1090,"column":21}},"278":{"start":{"line":1059,"column":24},"end":{"line":1089,"column":27}},"279":{"start":{"line":1061,"column":28},"end":{"line":1061,"column":54}},"280":{"start":{"line":1063,"column":28},"end":{"line":1066,"column":29}},"281":{"start":{"line":1065,"column":32},"end":{"line":1065,"column":68}},"282":{"start":{"line":1068,"column":28},"end":{"line":1071,"column":29}},"283":{"start":{"line":1070,"column":32},"end":{"line":1070,"column":67}},"284":{"start":{"line":1073,"column":28},"end":{"line":1073,"column":70}},"285":{"start":{"line":1075,"column":28},"end":{"line":1078,"column":29}},"286":{"start":{"line":1077,"column":32},"end":{"line":1077,"column":104}},"287":{"start":{"line":1080,"column":28},"end":{"line":1083,"column":29}},"288":{"start":{"line":1082,"column":32},"end":{"line":1082,"column":52}},"289":{"start":{"line":1085,"column":28},"end":{"line":1088,"column":42}},"290":{"start":{"line":1092,"column":20},"end":{"line":1095,"column":23}},"291":{"start":{"line":1094,"column":24},"end":{"line":1094,"column":41}},"292":{"start":{"line":1097,"column":20},"end":{"line":1105,"column":22}},"293":{"start":{"line":1107,"column":20},"end":{"line":1107,"column":50}},"294":{"start":{"line":1109,"column":20},"end":{"line":1164,"column":23}},"295":{"start":{"line":1111,"column":24},"end":{"line":1114,"column":25}},"296":{"start":{"line":1113,"column":28},"end":{"line":1113,"column":73}},"297":{"start":{"line":1116,"column":24},"end":{"line":1122,"column":29}},"298":{"start":{"line":1124,"column":24},"end":{"line":1124,"column":74}},"299":{"start":{"line":1125,"column":24},"end":{"line":1129,"column":25}},"300":{"start":{"line":1127,"column":28},"end":{"line":1127,"column":89}},"301":{"start":{"line":1128,"column":28},"end":{"line":1128,"column":44}},"302":{"start":{"line":1131,"column":24},"end":{"line":1131,"column":54}},"303":{"start":{"line":1132,"column":24},"end":{"line":1132,"column":50}},"304":{"start":{"line":1134,"column":24},"end":{"line":1163,"column":25}},"305":{"start":{"line":1136,"column":28},"end":{"line":1137,"column":45}},"306":{"start":{"line":1139,"column":28},"end":{"line":1142,"column":29}},"307":{"start":{"line":1141,"column":32},"end":{"line":1141,"column":52}},"308":{"start":{"line":1144,"column":28},"end":{"line":1144,"column":45}},"309":{"start":{"line":1146,"column":28},"end":{"line":1146,"column":62}},"310":{"start":{"line":1148,"column":28},"end":{"line":1153,"column":29}},"311":{"start":{"line":1150,"column":32},"end":{"line":1152,"column":62}},"312":{"start":{"line":1155,"column":28},"end":{"line":1155,"column":96}},"313":{"start":{"line":1157,"column":28},"end":{"line":1160,"column":29}},"314":{"start":{"line":1159,"column":32},"end":{"line":1159,"column":65}},"315":{"start":{"line":1162,"column":28},"end":{"line":1162,"column":36}},"316":{"start":{"line":1167,"column":16},"end":{"line":1169,"column":55}},"317":{"start":{"line":1172,"column":12},"end":{"line":1210,"column":13}},"318":{"start":{"line":1174,"column":16},"end":{"line":1186,"column":17}},"319":{"start":{"line":1176,"column":20},"end":{"line":1176,"column":33}},"320":{"start":{"line":1177,"column":20},"end":{"line":1184,"column":21}},"321":{"start":{"line":1179,"column":24},"end":{"line":1183,"column":27}},"322":{"start":{"line":1181,"column":28},"end":{"line":1181,"column":42}},"323":{"start":{"line":1182,"column":28},"end":{"line":1182,"column":38}},"324":{"start":{"line":1185,"column":20},"end":{"line":1185,"column":37}},"325":{"start":{"line":1188,"column":16},"end":{"line":1203,"column":17}},"326":{"start":{"line":1190,"column":20},"end":{"line":1190,"column":42}},"327":{"start":{"line":1191,"column":20},"end":{"line":1202,"column":22}},"328":{"start":{"line":1193,"column":24},"end":{"line":1201,"column":27}},"329":{"start":{"line":1195,"column":28},"end":{"line":1195,"column":42}},"330":{"start":{"line":1196,"column":28},"end":{"line":1200,"column":31}},"331":{"start":{"line":1198,"column":32},"end":{"line":1198,"column":46}},"332":{"start":{"line":1199,"column":32},"end":{"line":1199,"column":49}},"333":{"start":{"line":1205,"column":16},"end":{"line":1205,"column":34}},"334":{"start":{"line":1207,"column":16},"end":{"line":1207,"column":57}},"335":{"start":{"line":1209,"column":16},"end":{"line":1209,"column":39}},"336":{"start":{"line":1212,"column":12},"end":{"line":1217,"column":31}},"337":{"start":{"line":1220,"column":8},"end":{"line":1249,"column":9}},"338":{"start":{"line":1222,"column":12},"end":{"line":1248,"column":13}},"339":{"start":{"line":1224,"column":16},"end":{"line":1224,"column":76}},"340":{"start":{"line":1228,"column":16},"end":{"line":1228,"column":74}},"341":{"start":{"line":1230,"column":16},"end":{"line":1247,"column":17}},"342":{"start":{"line":1232,"column":20},"end":{"line":1232,"column":89}},"343":{"start":{"line":1234,"column":20},"end":{"line":1242,"column":23}},"344":{"start":{"line":1236,"column":24},"end":{"line":1239,"column":25}},"345":{"start":{"line":1238,"column":28},"end":{"line":1238,"column":45}},"346":{"start":{"line":1241,"column":24},"end":{"line":1241,"column":94}},"347":{"start":{"line":1246,"column":20},"end":{"line":1246,"column":88}},"348":{"start":{"line":1251,"column":8},"end":{"line":1270,"column":9}},"349":{"start":{"line":1253,"column":12},"end":{"line":1267,"column":13}},"350":{"start":{"line":1255,"column":16},"end":{"line":1255,"column":63}},"351":{"start":{"line":1256,"column":16},"end":{"line":1256,"column":47}},"352":{"start":{"line":1257,"column":16},"end":{"line":1257,"column":43}},"353":{"start":{"line":1258,"column":16},"end":{"line":1258,"column":56}},"354":{"start":{"line":1260,"column":16},"end":{"line":1266,"column":17}},"355":{"start":{"line":1262,"column":20},"end":{"line":1265,"column":23}},"356":{"start":{"line":1264,"column":24},"end":{"line":1264,"column":58}},"357":{"start":{"line":1269,"column":12},"end":{"line":1269,"column":46}},"358":{"start":{"line":1272,"column":8},"end":{"line":1295,"column":9}},"359":{"start":{"line":1274,"column":12},"end":{"line":1277,"column":13}},"360":{"start":{"line":1276,"column":16},"end":{"line":1276,"column":34}},"361":{"start":{"line":1279,"column":12},"end":{"line":1279,"column":46}},"362":{"start":{"line":1280,"column":12},"end":{"line":1280,"column":38}},"363":{"start":{"line":1282,"column":12},"end":{"line":1294,"column":15}},"364":{"start":{"line":1284,"column":16},"end":{"line":1284,"column":34}},"365":{"start":{"line":1286,"column":16},"end":{"line":1291,"column":17}},"366":{"start":{"line":1288,"column":20},"end":{"line":1288,"column":49}},"367":{"start":{"line":1289,"column":20},"end":{"line":1289,"column":41}},"368":{"start":{"line":1290,"column":20},"end":{"line":1290,"column":48}},"369":{"start":{"line":1293,"column":16},"end":{"line":1293,"column":34}},"370":{"start":{"line":1297,"column":8},"end":{"line":1299,"column":44}},"371":{"start":{"line":1302,"column":4},"end":{"line":1305,"column":7}},"372":{"start":{"line":1304,"column":8},"end":{"line":1304,"column":44}},"373":{"start":{"line":1308,"column":0},"end":{"line":1308,"column":42}},"374":{"start":{"line":1310,"column":0},"end":{"line":1409,"column":2}},"375":{"start":{"line":1312,"column":4},"end":{"line":1312,"column":19}},"376":{"start":{"line":1314,"column":4},"end":{"line":1385,"column":5}},"377":{"start":{"line":1316,"column":8},"end":{"line":1326,"column":9}},"378":{"start":{"line":1318,"column":12},"end":{"line":1325,"column":13}},"379":{"start":{"line":1320,"column":16},"end":{"line":1320,"column":26}},"380":{"start":{"line":1324,"column":16},"end":{"line":1324,"column":33}},"381":{"start":{"line":1328,"column":8},"end":{"line":1328,"column":44}},"382":{"start":{"line":1330,"column":8},"end":{"line":1375,"column":9}},"383":{"start":{"line":1332,"column":12},"end":{"line":1333,"column":50}},"384":{"start":{"line":1335,"column":12},"end":{"line":1335,"column":35}},"385":{"start":{"line":1337,"column":12},"end":{"line":1345,"column":13}},"386":{"start":{"line":1339,"column":16},"end":{"line":1344,"column":17}},"387":{"start":{"line":1341,"column":20},"end":{"line":1341,"column":39}},"388":{"start":{"line":1342,"column":20},"end":{"line":1342,"column":38}},"389":{"start":{"line":1343,"column":20},"end":{"line":1343,"column":25}},"390":{"start":{"line":1347,"column":12},"end":{"line":1366,"column":15}},"391":{"start":{"line":1349,"column":16},"end":{"line":1349,"column":30}},"392":{"start":{"line":1352,"column":16},"end":{"line":1356,"column":17}},"393":{"start":{"line":1354,"column":20},"end":{"line":1354,"column":34}},"394":{"start":{"line":1355,"column":20},"end":{"line":1355,"column":28}},"395":{"start":{"line":1358,"column":16},"end":{"line":1363,"column":17}},"396":{"start":{"line":1360,"column":20},"end":{"line":1360,"column":33}},"397":{"start":{"line":1361,"column":20},"end":{"line":1361,"column":40}},"398":{"start":{"line":1362,"column":20},"end":{"line":1362,"column":43}},"399":{"start":{"line":1365,"column":16},"end":{"line":1365,"column":24}},"400":{"start":{"line":1368,"column":12},"end":{"line":1368,"column":37}},"401":{"start":{"line":1370,"column":12},"end":{"line":1374,"column":13}},"402":{"start":{"line":1373,"column":16},"end":{"line":1373,"column":25}},"403":{"start":{"line":1377,"column":8},"end":{"line":1382,"column":9}},"404":{"start":{"line":1379,"column":12},"end":{"line":1379,"column":25}},"405":{"start":{"line":1380,"column":12},"end":{"line":1380,"column":32}},"406":{"start":{"line":1381,"column":12},"end":{"line":1381,"column":34}},"407":{"start":{"line":1384,"column":8},"end":{"line":1384,"column":15}},"408":{"start":{"line":1387,"column":4},"end":{"line":1395,"column":5}},"409":{"start":{"line":1389,"column":8},"end":{"line":1392,"column":9}},"410":{"start":{"line":1391,"column":12},"end":{"line":1391,"column":38}},"411":{"start":{"line":1394,"column":8},"end":{"line":1394,"column":51}},"412":{"start":{"line":1397,"column":4},"end":{"line":1406,"column":5}},"413":{"start":{"line":1399,"column":8},"end":{"line":1399,"column":58}},"414":{"start":{"line":1400,"column":8},"end":{"line":1400,"column":54}},"415":{"start":{"line":1402,"column":8},"end":{"line":1405,"column":9}},"416":{"start":{"line":1404,"column":12},"end":{"line":1404,"column":58}},"417":{"start":{"line":1408,"column":4},"end":{"line":1408,"column":21}},"418":{"start":{"line":1411,"column":0},"end":{"line":1433,"column":2}},"419":{"start":{"line":1413,"column":4},"end":{"line":1413,"column":30}},"420":{"start":{"line":1415,"column":4},"end":{"line":1423,"column":5}},"421":{"start":{"line":1417,"column":8},"end":{"line":1420,"column":9}},"422":{"start":{"line":1419,"column":12},"end":{"line":1419,"column":24}},"423":{"start":{"line":1422,"column":8},"end":{"line":1422,"column":38}},"424":{"start":{"line":1425,"column":4},"end":{"line":1425,"column":25}},"425":{"start":{"line":1427,"column":4},"end":{"line":1430,"column":5}},"426":{"start":{"line":1429,"column":8},"end":{"line":1429,"column":31}},"427":{"start":{"line":1432,"column":4},"end":{"line":1432,"column":24}},"428":{"start":{"line":1435,"column":0},"end":{"line":1449,"column":2}},"429":{"start":{"line":1437,"column":4},"end":{"line":1440,"column":5}},"430":{"start":{"line":1439,"column":8},"end":{"line":1439,"column":37}},"431":{"start":{"line":1442,"column":4},"end":{"line":1442,"column":23}},"432":{"start":{"line":1444,"column":4},"end":{"line":1448,"column":6}},"433":{"start":{"line":1451,"column":0},"end":{"line":1454,"column":2}},"434":{"start":{"line":1453,"column":4},"end":{"line":1453,"column":67}},"435":{"start":{"line":1456,"column":0},"end":{"line":1456,"column":32}},"436":{"start":{"line":1457,"column":0},"end":{"line":1457,"column":36}}},"branchMap":{"1":{"line":207,"type":"if","locations":[{"start":{"line":207,"column":4},"end":{"line":207,"column":4}},{"start":{"line":207,"column":4},"end":{"line":207,"column":4}}]},"2":{"line":242,"type":"if","locations":[{"start":{"line":242,"column":8},"end":{"line":242,"column":8}},{"start":{"line":242,"column":8},"end":{"line":242,"column":8}}]},"3":{"line":255,"type":"if","locations":[{"start":{"line":255,"column":12},"end":{"line":255,"column":12}},{"start":{"line":255,"column":12},"end":{"line":255,"column":12}}]},"4":{"line":271,"type":"if","locations":[{"start":{"line":271,"column":16},"end":{"line":271,"column":16}},{"start":{"line":271,"column":16},"end":{"line":271,"column":16}}]},"5":{"line":273,"type":"cond-expr","locations":[{"start":{"line":273,"column":40},"end":{"line":273,"column":69}},{"start":{"line":273,"column":72},"end":{"line":273,"column":76}}]},"6":{"line":332,"type":"if","locations":[{"start":{"line":332,"column":4},"end":{"line":332,"column":4}},{"start":{"line":332,"column":4},"end":{"line":332,"column":4}}]},"7":{"line":516,"type":"if","locations":[{"start":{"line":516,"column":8},"end":{"line":516,"column":8}},{"start":{"line":516,"column":8},"end":{"line":516,"column":8}}]},"8":{"line":516,"type":"binary-expr","locations":[{"start":{"line":516,"column":12},"end":{"line":516,"column":15}},{"start":{"line":516,"column":19},"end":{"line":516,"column":50}}]},"9":{"line":529,"type":"if","locations":[{"start":{"line":529,"column":8},"end":{"line":529,"column":8}},{"start":{"line":529,"column":8},"end":{"line":529,"column":8}}]},"10":{"line":533,"type":"if","locations":[{"start":{"line":533,"column":16},"end":{"line":533,"column":16}},{"start":{"line":533,"column":16},"end":{"line":533,"column":16}}]},"11":{"line":544,"type":"if","locations":[{"start":{"line":544,"column":8},"end":{"line":544,"column":8}},{"start":{"line":544,"column":8},"end":{"line":544,"column":8}}]},"12":{"line":549,"type":"if","locations":[{"start":{"line":549,"column":8},"end":{"line":549,"column":8}},{"start":{"line":549,"column":8},"end":{"line":549,"column":8}}]},"13":{"line":556,"type":"if","locations":[{"start":{"line":556,"column":8},"end":{"line":556,"column":8}},{"start":{"line":556,"column":8},"end":{"line":556,"column":8}}]},"14":{"line":571,"type":"if","locations":[{"start":{"line":571,"column":20},"end":{"line":571,"column":20}},{"start":{"line":571,"column":20},"end":{"line":571,"column":20}}]},"15":{"line":571,"type":"binary-expr","locations":[{"start":{"line":571,"column":24},"end":{"line":571,"column":27}},{"start":{"line":571,"column":31},"end":{"line":571,"column":39}}]},"16":{"line":598,"type":"if","locations":[{"start":{"line":598,"column":20},"end":{"line":598,"column":20}},{"start":{"line":598,"column":20},"end":{"line":598,"column":20}}]},"17":{"line":604,"type":"if","locations":[{"start":{"line":604,"column":20},"end":{"line":604,"column":20}},{"start":{"line":604,"column":20},"end":{"line":604,"column":20}}]},"18":{"line":612,"type":"if","locations":[{"start":{"line":612,"column":20},"end":{"line":612,"column":20}},{"start":{"line":612,"column":20},"end":{"line":612,"column":20}}]},"19":{"line":617,"type":"if","locations":[{"start":{"line":617,"column":20},"end":{"line":617,"column":20}},{"start":{"line":617,"column":20},"end":{"line":617,"column":20}}]},"20":{"line":622,"type":"if","locations":[{"start":{"line":622,"column":20},"end":{"line":622,"column":20}},{"start":{"line":622,"column":20},"end":{"line":622,"column":20}}]},"21":{"line":630,"type":"if","locations":[{"start":{"line":630,"column":20},"end":{"line":630,"column":20}},{"start":{"line":630,"column":20},"end":{"line":630,"column":20}}]},"22":{"line":635,"type":"cond-expr","locations":[{"start":{"line":635,"column":54},"end":{"line":635,"column":71}},{"start":{"line":635,"column":74},"end":{"line":635,"column":75}}]},"23":{"line":637,"type":"if","locations":[{"start":{"line":637,"column":20},"end":{"line":637,"column":20}},{"start":{"line":637,"column":20},"end":{"line":637,"column":20}}]},"24":{"line":637,"type":"binary-expr","locations":[{"start":{"line":637,"column":24},"end":{"line":637,"column":34}},{"start":{"line":637,"column":39},"end":{"line":637,"column":65}}]},"25":{"line":644,"type":"if","locations":[{"start":{"line":644,"column":24},"end":{"line":644,"column":24}},{"start":{"line":644,"column":24},"end":{"line":644,"column":24}}]},"26":{"line":644,"type":"binary-expr","locations":[{"start":{"line":644,"column":28},"end":{"line":644,"column":51}},{"start":{"line":644,"column":56},"end":{"line":644,"column":94}}]},"27":{"line":651,"type":"if","locations":[{"start":{"line":651,"column":28},"end":{"line":651,"column":28}},{"start":{"line":651,"column":28},"end":{"line":651,"column":28}}]},"28":{"line":665,"type":"if","locations":[{"start":{"line":665,"column":24},"end":{"line":665,"column":24}},{"start":{"line":665,"column":24},"end":{"line":665,"column":24}}]},"29":{"line":674,"type":"if","locations":[{"start":{"line":674,"column":28},"end":{"line":674,"column":28}},{"start":{"line":674,"column":28},"end":{"line":674,"column":28}}]},"30":{"line":676,"type":"if","locations":[{"start":{"line":676,"column":32},"end":{"line":676,"column":32}},{"start":{"line":676,"column":32},"end":{"line":676,"column":32}}]},"31":{"line":681,"type":"if","locations":[{"start":{"line":681,"column":33},"end":{"line":681,"column":33}},{"start":{"line":681,"column":33},"end":{"line":681,"column":33}}]},"32":{"line":686,"type":"if","locations":[{"start":{"line":686,"column":28},"end":{"line":686,"column":28}},{"start":{"line":686,"column":28},"end":{"line":686,"column":28}}]},"33":{"line":691,"type":"if","locations":[{"start":{"line":691,"column":28},"end":{"line":691,"column":28}},{"start":{"line":691,"column":28},"end":{"line":691,"column":28}}]},"34":{"line":708,"type":"binary-expr","locations":[{"start":{"line":708,"column":31},"end":{"line":708,"column":34}},{"start":{"line":708,"column":38},"end":{"line":708,"column":60}}]},"35":{"line":711,"type":"if","locations":[{"start":{"line":711,"column":16},"end":{"line":711,"column":16}},{"start":{"line":711,"column":16},"end":{"line":711,"column":16}}]},"36":{"line":722,"type":"cond-expr","locations":[{"start":{"line":722,"column":46},"end":{"line":722,"column":55}},{"start":{"line":722,"column":58},"end":{"line":722,"column":70}}]},"37":{"line":742,"type":"if","locations":[{"start":{"line":742,"column":20},"end":{"line":742,"column":20}},{"start":{"line":742,"column":20},"end":{"line":742,"column":20}}]},"38":{"line":742,"type":"binary-expr","locations":[{"start":{"line":742,"column":24},"end":{"line":742,"column":34}},{"start":{"line":742,"column":38},"end":{"line":742,"column":45}}]},"39":{"line":760,"type":"if","locations":[{"start":{"line":760,"column":16},"end":{"line":760,"column":16}},{"start":{"line":760,"column":16},"end":{"line":760,"column":16}}]},"40":{"line":801,"type":"if","locations":[{"start":{"line":801,"column":24},"end":{"line":801,"column":24}},{"start":{"line":801,"column":24},"end":{"line":801,"column":24}}]},"41":{"line":806,"type":"if","locations":[{"start":{"line":806,"column":24},"end":{"line":806,"column":24}},{"start":{"line":806,"column":24},"end":{"line":806,"column":24}}]},"42":{"line":813,"type":"if","locations":[{"start":{"line":813,"column":24},"end":{"line":813,"column":24}},{"start":{"line":813,"column":24},"end":{"line":813,"column":24}}]},"43":{"line":821,"type":"if","locations":[{"start":{"line":821,"column":24},"end":{"line":821,"column":24}},{"start":{"line":821,"column":24},"end":{"line":821,"column":24}}]},"44":{"line":831,"type":"if","locations":[{"start":{"line":831,"column":20},"end":{"line":831,"column":20}},{"start":{"line":831,"column":20},"end":{"line":831,"column":20}}]},"45":{"line":840,"type":"if","locations":[{"start":{"line":840,"column":28},"end":{"line":840,"column":28}},{"start":{"line":840,"column":28},"end":{"line":840,"column":28}}]},"46":{"line":849,"type":"if","locations":[{"start":{"line":849,"column":28},"end":{"line":849,"column":28}},{"start":{"line":849,"column":28},"end":{"line":849,"column":28}}]},"47":{"line":852,"type":"cond-expr","locations":[{"start":{"line":852,"column":57},"end":{"line":852,"column":76}},{"start":{"line":852,"column":79},"end":{"line":852,"column":97}}]},"48":{"line":858,"type":"if","locations":[{"start":{"line":858,"column":28},"end":{"line":858,"column":28}},{"start":{"line":858,"column":28},"end":{"line":858,"column":28}}]},"49":{"line":867,"type":"if","locations":[{"start":{"line":867,"column":20},"end":{"line":867,"column":20}},{"start":{"line":867,"column":20},"end":{"line":867,"column":20}}]},"50":{"line":877,"type":"if","locations":[{"start":{"line":877,"column":20},"end":{"line":877,"column":20}},{"start":{"line":877,"column":20},"end":{"line":877,"column":20}}]},"51":{"line":884,"type":"if","locations":[{"start":{"line":884,"column":20},"end":{"line":884,"column":20}},{"start":{"line":884,"column":20},"end":{"line":884,"column":20}}]},"52":{"line":898,"type":"if","locations":[{"start":{"line":898,"column":20},"end":{"line":898,"column":20}},{"start":{"line":898,"column":20},"end":{"line":898,"column":20}}]},"53":{"line":903,"type":"if","locations":[{"start":{"line":903,"column":20},"end":{"line":903,"column":20}},{"start":{"line":903,"column":20},"end":{"line":903,"column":20}}]},"54":{"line":918,"type":"if","locations":[{"start":{"line":918,"column":20},"end":{"line":918,"column":20}},{"start":{"line":918,"column":20},"end":{"line":918,"column":20}}]},"55":{"line":928,"type":"if","locations":[{"start":{"line":928,"column":20},"end":{"line":928,"column":20}},{"start":{"line":928,"column":20},"end":{"line":928,"column":20}}]},"56":{"line":938,"type":"if","locations":[{"start":{"line":938,"column":24},"end":{"line":938,"column":24}},{"start":{"line":938,"column":24},"end":{"line":938,"column":24}}]},"57":{"line":943,"type":"if","locations":[{"start":{"line":943,"column":24},"end":{"line":943,"column":24}},{"start":{"line":943,"column":24},"end":{"line":943,"column":24}}]},"58":{"line":956,"type":"if","locations":[{"start":{"line":956,"column":20},"end":{"line":956,"column":20}},{"start":{"line":956,"column":20},"end":{"line":956,"column":20}}]},"59":{"line":962,"type":"if","locations":[{"start":{"line":962,"column":20},"end":{"line":962,"column":20}},{"start":{"line":962,"column":20},"end":{"line":962,"column":20}}]},"60":{"line":979,"type":"if","locations":[{"start":{"line":979,"column":28},"end":{"line":979,"column":28}},{"start":{"line":979,"column":28},"end":{"line":979,"column":28}}]},"61":{"line":983,"type":"binary-expr","locations":[{"start":{"line":983,"column":37},"end":{"line":983,"column":43}},{"start":{"line":983,"column":47},"end":{"line":983,"column":49}}]},"62":{"line":1006,"type":"cond-expr","locations":[{"start":{"line":1006,"column":68},"end":{"line":1006,"column":77}},{"start":{"line":1007,"column":28},"end":{"line":1008,"column":51}}]},"63":{"line":1007,"type":"cond-expr","locations":[{"start":{"line":1007,"column":46},"end":{"line":1007,"column":74}},{"start":{"line":1008,"column":28},"end":{"line":1008,"column":51}}]},"64":{"line":1013,"type":"binary-expr","locations":[{"start":{"line":1013,"column":50},"end":{"line":1013,"column":65}},{"start":{"line":1013,"column":69},"end":{"line":1013,"column":75}}]},"65":{"line":1032,"type":"if","locations":[{"start":{"line":1032,"column":24},"end":{"line":1032,"column":24}},{"start":{"line":1032,"column":24},"end":{"line":1032,"column":24}}]},"66":{"line":1037,"type":"if","locations":[{"start":{"line":1037,"column":32},"end":{"line":1037,"column":32}},{"start":{"line":1037,"column":32},"end":{"line":1037,"column":32},"skip":true}]},"67":{"line":1049,"type":"binary-expr","locations":[{"start":{"line":1049,"column":43},"end":{"line":1049,"column":63}},{"start":{"line":1049,"column":67},"end":{"line":1049,"column":69}}]},"68":{"line":1052,"type":"if","locations":[{"start":{"line":1052,"column":20},"end":{"line":1052,"column":20}},{"start":{"line":1052,"column":20},"end":{"line":1052,"column":20}}]},"69":{"line":1057,"type":"if","locations":[{"start":{"line":1057,"column":20},"end":{"line":1057,"column":20}},{"start":{"line":1057,"column":20},"end":{"line":1057,"column":20}}]},"70":{"line":1063,"type":"if","locations":[{"start":{"line":1063,"column":28},"end":{"line":1063,"column":28}},{"start":{"line":1063,"column":28},"end":{"line":1063,"column":28}}]},"71":{"line":1068,"type":"if","locations":[{"start":{"line":1068,"column":28},"end":{"line":1068,"column":28}},{"start":{"line":1068,"column":28},"end":{"line":1068,"column":28}}]},"72":{"line":1075,"type":"if","locations":[{"start":{"line":1075,"column":28},"end":{"line":1075,"column":28}},{"start":{"line":1075,"column":28},"end":{"line":1075,"column":28}}]},"73":{"line":1080,"type":"if","locations":[{"start":{"line":1080,"column":28},"end":{"line":1080,"column":28}},{"start":{"line":1080,"column":28},"end":{"line":1080,"column":28}}]},"74":{"line":1111,"type":"if","locations":[{"start":{"line":1111,"column":24},"end":{"line":1111,"column":24}},{"start":{"line":1111,"column":24},"end":{"line":1111,"column":24}}]},"75":{"line":1125,"type":"if","locations":[{"start":{"line":1125,"column":24},"end":{"line":1125,"column":24}},{"start":{"line":1125,"column":24},"end":{"line":1125,"column":24}}]},"76":{"line":1139,"type":"if","locations":[{"start":{"line":1139,"column":28},"end":{"line":1139,"column":28}},{"start":{"line":1139,"column":28},"end":{"line":1139,"column":28}}]},"77":{"line":1148,"type":"if","locations":[{"start":{"line":1148,"column":28},"end":{"line":1148,"column":28}},{"start":{"line":1148,"column":28},"end":{"line":1148,"column":28}}]},"78":{"line":1151,"type":"cond-expr","locations":[{"start":{"line":1151,"column":57},"end":{"line":1151,"column":76}},{"start":{"line":1151,"column":79},"end":{"line":1151,"column":97}}]},"79":{"line":1157,"type":"if","locations":[{"start":{"line":1157,"column":28},"end":{"line":1157,"column":28}},{"start":{"line":1157,"column":28},"end":{"line":1157,"column":28}}]},"80":{"line":1174,"type":"if","locations":[{"start":{"line":1174,"column":16},"end":{"line":1174,"column":16}},{"start":{"line":1174,"column":16},"end":{"line":1174,"column":16}}]},"81":{"line":1177,"type":"if","locations":[{"start":{"line":1177,"column":20},"end":{"line":1177,"column":20}},{"start":{"line":1177,"column":20},"end":{"line":1177,"column":20}}]},"82":{"line":1188,"type":"if","locations":[{"start":{"line":1188,"column":16},"end":{"line":1188,"column":16}},{"start":{"line":1188,"column":16},"end":{"line":1188,"column":16}}]},"83":{"line":1199,"type":"binary-expr","locations":[{"start":{"line":1199,"column":35},"end":{"line":1199,"column":39}},{"start":{"line":1199,"column":43},"end":{"line":1199,"column":47}}]},"84":{"line":1222,"type":"if","locations":[{"start":{"line":1222,"column":12},"end":{"line":1222,"column":12}},{"start":{"line":1222,"column":12},"end":{"line":1222,"column":12}}]},"85":{"line":1230,"type":"if","locations":[{"start":{"line":1230,"column":16},"end":{"line":1230,"column":16}},{"start":{"line":1230,"column":16},"end":{"line":1230,"column":16}}]},"86":{"line":1236,"type":"if","locations":[{"start":{"line":1236,"column":24},"end":{"line":1236,"column":24}},{"start":{"line":1236,"column":24},"end":{"line":1236,"column":24}}]},"87":{"line":1253,"type":"if","locations":[{"start":{"line":1253,"column":12},"end":{"line":1253,"column":12}},{"start":{"line":1253,"column":12},"end":{"line":1253,"column":12}}]},"88":{"line":1255,"type":"binary-expr","locations":[{"start":{"line":1255,"column":26},"end":{"line":1255,"column":36}},{"start":{"line":1255,"column":40},"end":{"line":1255,"column":62}}]},"89":{"line":1260,"type":"if","locations":[{"start":{"line":1260,"column":16},"end":{"line":1260,"column":16}},{"start":{"line":1260,"column":16},"end":{"line":1260,"column":16}}]},"90":{"line":1274,"type":"if","locations":[{"start":{"line":1274,"column":12},"end":{"line":1274,"column":12}},{"start":{"line":1274,"column":12},"end":{"line":1274,"column":12}}]},"91":{"line":1286,"type":"if","locations":[{"start":{"line":1286,"column":16},"end":{"line":1286,"column":16}},{"start":{"line":1286,"column":16},"end":{"line":1286,"column":16}}]},"92":{"line":1339,"type":"if","locations":[{"start":{"line":1339,"column":16},"end":{"line":1339,"column":16}},{"start":{"line":1339,"column":16},"end":{"line":1339,"column":16}}]},"93":{"line":1339,"type":"binary-expr","locations":[{"start":{"line":1339,"column":20},"end":{"line":1339,"column":26}},{"start":{"line":1339,"column":31},"end":{"line":1339,"column":54}}]},"94":{"line":1358,"type":"if","locations":[{"start":{"line":1358,"column":16},"end":{"line":1358,"column":16}},{"start":{"line":1358,"column":16},"end":{"line":1358,"column":16}}]},"95":{"line":1377,"type":"if","locations":[{"start":{"line":1377,"column":8},"end":{"line":1377,"column":8}},{"start":{"line":1377,"column":8},"end":{"line":1377,"column":8}}]},"96":{"line":1389,"type":"if","locations":[{"start":{"line":1389,"column":8},"end":{"line":1389,"column":8}},{"start":{"line":1389,"column":8},"end":{"line":1389,"column":8}}]},"97":{"line":1397,"type":"if","locations":[{"start":{"line":1397,"column":4},"end":{"line":1397,"column":4}},{"start":{"line":1397,"column":4},"end":{"line":1397,"column":4}}]},"98":{"line":1402,"type":"if","locations":[{"start":{"line":1402,"column":8},"end":{"line":1402,"column":8}},{"start":{"line":1402,"column":8},"end":{"line":1402,"column":8}}]},"99":{"line":1413,"type":"binary
[...]
:11},"end":{"line":175,"column":8}}},"8":{"name":"(anonymous_8)","line":181,"loc":{"start":{"line":181,"column":11},"end":{"line":182,"column":8}}},"9":{"name":"(anonymous_9)","line":198,"loc":{"start":{"line":198,"column":27},"end":{"line":199,"column":12}}},"10":{"name":"error","line":203,"loc":{"start":{"line":203,"column":12},"end":{"line":204,"column":12}}},"11":{"name":"(anonymous_11)","line":215,"loc":{"start":{"line":215,"column":33},"end":{"line":216,"column":12}}},"12":{"name":"(anonymous_12)","line":224,"loc":{"start":{"line":224,"column":33},"end":{"line":225,"column":12}}},"13":{"name":"(anonymous_13)","line":253,"loc":{"start":{"line":253,"column":20},"end":{"line":254,"column":20}}},"14":{"name":"handler","line":266,"loc":{"start":{"line":266,"column":16},"end":{"line":267,"column":16}}},"15":{"name":"(anonymous_15)","line":277,"loc":{"start":{"line":277,"column":32},"end":{"line":278,"column":20}}},"16":{"name":"(anonymous_16)","line":287,"loc":{"start":{"line":287,"column":35},"end":{"line":288,"column":20}}},"17":{"name":"(anonymous_17)","line":297,"loc":{"start":{"line":297,"column":34},"end":{"line":298,"column":20}}},"18":{"name":"(anonymous_18)","line":331,"loc":{"start":{"line":331,"column":44},"end":{"line":332,"column":16}}},"19":{"name":"(anonymous_19)","line":342,"loc":{"start":{"line":342,"column":75},"end":{"line":343,"column":16}}},"20":{"name":"(anonymous_20)","line":348,"loc":{"start":{"line":348,"column":20},"end":{"line":349,"column":16}}},"21":{"name":"(anonymous_21)","line":369,"loc":{"start":{"line":369,"column":55},"end":{"line":370,"column":28}}},"22":{"name":"(anonymous_22)","line":380,"loc":{"start":{"line":380,"column":22},"end":{"line":381,"column":22}}},"23":{"name":"(anonymous_23)","line":384,"loc":{"start":{"line":384,"column":56},"end":{"line":385,"column":30}}},"24":{"name":"(anonymous_24)","line":397,"loc":{"start":{"line":397,"column":22},"end":{"line":398,"column":22}}},"25":{"name":"listening","line":411,"loc":{"start":{"line":411,"column":4},"end":{"line":412,"column":4}}},"26":{"name":"(anonymous_26)","line":415,"loc":{"start":{"line":415,"column":19},"end":{"line":416,"column":12}}}},"statementMap":{"1":{"start":{"line":1,"column":0},"end":{"line":10,"column":39}},"2":{"start":{"line":12,"column":0},"end":{"line":440,"column":2}},"3":{"start":{"line":14,"column":4},"end":{"line":14,"column":35}},"4":{"start":{"line":16,"column":4},"end":{"line":27,"column":27}},"5":{"start":{"line":29,"column":4},"end":{"line":47,"column":7}},"6":{"start":{"line":49,"column":4},"end":{"line":70,"column":7}},"7":{"start":{"line":72,"column":4},"end":{"line":406,"column":5}},"8":{"start":{"line":74,"column":8},"end":{"line":77,"column":25}},"9":{"start":{"line":79,"column":8},"end":{"line":140,"column":9}},"10":{"start":{"line":81,"column":12},"end":{"line":81,"column":25}},"11":{"start":{"line":83,"column":12},"end":{"line":87,"column":13}},"12":{"start":{"line":85,"column":16},"end":{"line":85,"column":44}},"13":{"start":{"line":86,"column":16},"end":{"line":86,"column":41}},"14":{"start":{"line":89,"column":12},"end":{"line":139,"column":13}},"15":{"start":{"line":91,"column":16},"end":{"line":97,"column":17}},"16":{"start":{"line":93,"column":20},"end":{"line":96,"column":23}},"17":{"start":{"line":95,"column":24},"end":{"line":95,"column":35}},"18":{"start":{"line":99,"column":16},"end":{"line":102,"column":17}},"19":{"start":{"line":101,"column":20},"end":{"line":101,"column":33}},"20":{"start":{"line":104,"column":16},"end":{"line":109,"column":17}},"21":{"start":{"line":106,"column":20},"end":{"line":106,"column":30}},"22":{"start":{"line":107,"column":20},"end":{"line":107,"column":34}},"23":{"start":{"line":108,"column":20},"end":{"line":108,"column":33}},"24":{"start":{"line":111,"column":16},"end":{"line":111,"column":35}},"25":{"start":{"line":112,"column":16},"end":{"line":112,"column":72}},"26":{"start":{"line":114,"column":16},"end":{"line":125,"column":17}},"27":{"start":{"line":116,"column":20},"end":{"line":116,"column":49}},"28":{"start":{"line":117,"column":20},"end":{"line":117,"column":43}},"29":{"start":{"line":121,"column":20},"end":{"line":121,"column":32}},"30":{"start":{"line":122,"column":20},"end":{"line":122,"column":34}},"31":{"start":{"line":123,"column":20},"end":{"line":123,"column":34}},"32":{"start":{"line":124,"column":20},"end":{"line":124,"column":33}},"33":{"start":{"line":127,"column":16},"end":{"line":131,"column":17}},"34":{"start":{"line":129,"column":20},"end":{"line":129,"column":34}},"35":{"start":{"line":130,"column":20},"end":{"line":130,"column":34}},"36":{"start":{"line":133,"column":16},"end":{"line":133,"column":28}},"37":{"start":{"line":137,"column":16},"end":{"line":137,"column":28}},"38":{"start":{"line":138,"column":16},"end":{"line":138,"column":29}},"39":{"start":{"line":142,"column":8},"end":{"line":145,"column":9}},"40":{"start":{"line":144,"column":12},"end":{"line":144,"column":19}},"41":{"start":{"line":147,"column":8},"end":{"line":147,"column":33}},"42":{"start":{"line":148,"column":8},"end":{"line":148,"column":33}},"43":{"start":{"line":150,"column":8},"end":{"line":153,"column":9}},"44":{"start":{"line":152,"column":12},"end":{"line":152,"column":26}},"45":{"start":{"line":154,"column":8},"end":{"line":154,"column":37}},"46":{"start":{"line":155,"column":8},"end":{"line":155,"column":33}},"47":{"start":{"line":157,"column":8},"end":{"line":157,"column":54}},"48":{"start":{"line":159,"column":8},"end":{"line":163,"column":9}},"49":{"start":{"line":162,"column":12},"end":{"line":162,"column":42}},"50":{"start":{"line":165,"column":8},"end":{"line":169,"column":9}},"51":{"start":{"line":168,"column":12},"end":{"line":168,"column":51}},"52":{"start":{"line":171,"column":8},"end":{"line":405,"column":11}},"53":{"start":{"line":173,"column":12},"end":{"line":173,"column":32}},"54":{"start":{"line":176,"column":12},"end":{"line":179,"column":13}},"55":{"start":{"line":178,"column":16},"end":{"line":178,"column":28}},"56":{"start":{"line":180,"column":12},"end":{"line":180,"column":39}},"57":{"start":{"line":183,"column":12},"end":{"line":191,"column":13}},"58":{"start":{"line":185,"column":16},"end":{"line":190,"column":31}},"59":{"start":{"line":193,"column":12},"end":{"line":196,"column":24}},"60":{"start":{"line":198,"column":12},"end":{"line":201,"column":15}},"61":{"start":{"line":200,"column":16},"end":{"line":200,"column":36}},"62":{"start":{"line":203,"column":12},"end":{"line":206,"column":13}},"63":{"start":{"line":205,"column":16},"end":{"line":205,"column":40}},"64":{"start":{"line":207,"column":12},"end":{"line":207,"column":35}},"65":{"start":{"line":208,"column":12},"end":{"line":208,"column":35}},"66":{"start":{"line":210,"column":12},"end":{"line":213,"column":24}},"67":{"start":{"line":215,"column":12},"end":{"line":222,"column":15}},"68":{"start":{"line":217,"column":16},"end":{"line":220,"column":17}},"69":{"start":{"line":219,"column":20},"end":{"line":219,"column":40}},"70":{"start":{"line":221,"column":16},"end":{"line":221,"column":38}},"71":{"start":{"line":224,"column":12},"end":{"line":376,"column":15}},"72":{"start":{"line":226,"column":16},"end":{"line":226,"column":33}},"73":{"start":{"line":228,"column":16},"end":{"line":262,"column":17}},"74":{"start":{"line":230,"column":20},"end":{"line":234,"column":22}},"75":{"start":{"line":236,"column":20},"end":{"line":239,"column":21}},"76":{"start":{"line":238,"column":24},"end":{"line":238,"column":58}},"77":{"start":{"line":241,"column":20},"end":{"line":244,"column":21}},"78":{"start":{"line":243,"column":24},"end":{"line":243,"column":62}},"79":{"start":{"line":246,"column":20},"end":{"line":250,"column":21}},"80":{"start":{"line":248,"column":24},"end":{"line":248,"column":66}},"81":{"start":{"line":249,"column":24},"end":{"line":249,"column":62}},"82":{"start":{"line":252,"column":20},"end":{"line":261,"column":24}},"83":{"start":{"line":255,"column":24},"end":{"line":258,"column":25}},"84":{"start":{"line":257,"column":28},"end":{"line":257,"column":57}},"85":{"start":{"line":260,"column":24},"end":{"line":260,"column":38}},"86":{"start":{"line":264,"column":16},"end":{"line":264,"column":35}},"87":{"start":{"line":266,"column":16},"end":{"line":310,"column":17}},"88":{"start":{"line":268,"column":20},"end":{"line":269,"column":44}},"89":{"start":{"line":271,"column":20},"end":{"line":275,"column":50}},"90":{"start":{"line":277,"column":20},"end":{"line":285,"column":23}},"91":{"start":{"line":279,"column":24},"end":{"line":283,"column":47}},"92":{"start":{"line":284,"column":24},"end":{"line":284,"column":29}},"93":{"start":{"line":287,"column":20},"end":{"line":295,"column":22}},"94":{"start":{"line":289,"column":24},"end":{"line":294,"column":46}},"95":{"start":{"line":297,"column":20},"end":{"line":307,"column":23}},"96":{"start":{"line":299,"column":24},"end":{"line":306,"column":25}},"97":{"start":{"line":301,"column":28},"end":{"line":305,"column":51}},"98":{"start":{"line":309,"column":20},"end":{"line":309,"column":56}},"99":{"start":{"line":312,"column":16},"end":{"line":315,"column":18}},"100":{"start":{"line":317,"column":16},"end":{"line":320,"column":17}},"101":{"start":{"line":319,"column":20},"end":{"line":319,"column":54}},"102":{"start":{"line":322,"column":16},"end":{"line":329,"column":17}},"103":{"start":{"line":324,"column":20},"end":{"line":324,"column":47}},"104":{"start":{"line":326,"column":21},"end":{"line":329,"column":17}},"105":{"start":{"line":328,"column":20},"end":{"line":328,"column":45}},"106":{"start":{"line":331,"column":16},"end":{"line":334,"column":19}},"107":{"start":{"line":333,"column":20},"end":{"line":333,"column":39}},"108":{"start":{"line":336,"column":16},"end":{"line":340,"column":17}},"109":{"start":{"line":338,"column":20},"end":{"line":338,"column":62}},"110":{"start":{"line":339,"column":20},"end":{"line":339,"column":58}},"111":{"start":{"line":342,"column":16},"end":{"line":375,"column":19}},"112":{"start":{"line":344,"column":20},"end":{"line":347,"column":45}},"113":{"start":{"line":350,"column":20},"end":{"line":353,"column":21}},"114":{"start":{"line":352,"column":24},"end":{"line":352,"column":53}},"115":{"start":{"line":355,"column":20},"end":{"line":374,"column":21}},"116":{"start":{"line":362,"column":24},"end":{"line":362,"column":42}},"117":{"start":{"line":363,"column":24},"end":{"line":363,"column":50}},"118":{"start":{"line":364,"column":24},"end":{"line":364,"column":46}},"119":{"start":{"line":365,"column":24},"end":{"line":365,"column":45}},"120":{"start":{"line":367,"column":24},"end":{"line":373,"column":25}},"121":{"start":{"line":369,"column":28},"end":{"line":372,"column":70}},"122":{"start":{"line":371,"column":32},"end":{"line":371,"column":53}},"123":{"start":{"line":378,"column":12},"end":{"line":404,"column":25}},"124":{"start":{"line":382,"column":26},"end":{"line":390,"column":27}},"125":{"start":{"line":384,"column":30},"end":{"line":387,"column":33}},"126":{"start":{"line":386,"column":34},"end":{"line":386,"column":63}},"127":{"start":{"line":389,"column":30},"end":{"line":389,"column":65}},"128":{"start":{"line":392,"column":26},"end":{"line":392,"column":43}},"129":{"start":{"line":393,"column":26},"end":{"line":393,"column":46}},"130":{"start":{"line":394,"column":26},"end":{"line":394,"column":40}},"131":{"start":{"line":395,"column":26},"end":{"line":395,"column":40}},"132":{"start":{"line":399,"column":26},"end":{"line":402,"column":27}},"133":{"start":{"line":401,"column":30},"end":{"line":401,"column":42}},"134":{"start":{"line":403,"column":26},"end":{"line":403,"column":51}},"135":{"start":{"line":408,"column":4},"end":{"line":408,"column":34}},"136":{"start":{"line":409,"column":4},"end":{"line":409,"column":30}},"137":{"start":{"line":411,"column":4},"end":{"line":432,"column":5}},"138":{"start":{"line":413,"column":8},"end":{"line":431,"column":11}},"139":{"start":{"line":417,"column":16},"end":{"line":417,"column":58}},"140":{"start":{"line":418,"column":16},"end":{"line":418,"column":54}},"141":{"start":{"line":420,"column":16},"end":{"line":423,"column":17}},"142":{"start":{"line":422,"column":20},"end":{"line":422,"column":32}},"143":{"start":{"line":425,"column":16},"end":{"line":425,"column":33}},"144":{"start":{"line":434,"column":4},"end":{"line":437,"column":5}},"145":{"start":{"line":436,"column":8},"end":{"line":436,"column":27}},"146":{"start":{"line":439,"column":4},"end":{"line":439,"column":37}}},"branchMap":{"1":{"line":14,"type":"binary-expr","locations":[{"start":{"line":14,"column":13},"end":{"line":14,"column":24}},{"start":{"line":14,"column":28},"end":{"line":14,"column":34}}]},"2":{"line":16,"type":"binary-expr","locations":[{"start":{"line":16,"column":16},"end":{"line":16,"column":26}},{"start":{"line":16,"column":30},"end":{"line":16,"column":41}}]},"3":{"line":17,"type":"binary-expr","locations":[{"start":{"line":17,"column":15},"end":{"line":17,"column":26}},{"start":{"line":17,"column":57},"end":{"line":17,"column":60},"skip":true}]},"4":{"line":18,"type":"binary-expr","locations":[{"start":{"line":18,"column":17},"end":{"line":18,"column":22}},{"start":{"line":18,"column":26},"end":{"line":18,"column":38}}]},"5":{"line":19,"type":"binary-expr","locations":[{"start":{"line":19,"column":17},"end":{"line":19,"column":30}},{"start":{"line":20,"column":18},"end":{"line":20,"column":75}}]},"6":{"line":20,"type":"cond-expr","locations":[{"start":{"line":20,"column":27},"end":{"line":20,"column":53}},{"start":{"line":20,"column":56},"end":{"line":20,"column":75}}]},"7":{"line":21,"type":"binary-expr","locations":[{"start":{"line":21,"column":19},"end":{"line":21,"column":34}},{"start":{"line":21,"column":39},"end":{"line":21,"column":73}}]},"8":{"line":83,"type":"if","locations":[{"start":{"line":83,"column":12},"end":{"line":83,"column":12}},{"start":{"line":83,"column":12},"end":{"line":83,"column":12}}]},"9":{"line":91,"type":"if","locations":[{"start":{"line":91,"column":16},"end":{"line":91,"column":16}},{"start":{"line":91,"column":16},"end":{"line":91,"column":16}}]},"10":{"line":91,"type":"binary-expr","locations":[{"start":{"line":91,"column":20},"end":{"line":91,"column":24}},{"start":{"line":91,"column":29},"end":{"line":91,"column":35}},{"start":{"line":91,"column":39},"end":{"line":91,"column":52}}]},"11":{"line":99,"type":"if","locations":[{"start":{"line":99,"column":16},"end":{"line":99,"column":16}},{"start":{"line":99,"column":16},"end":{"line":99,"column":16}}]},"12":{"line":104,"type":"if","locations":[{"start":{"line":104,"column":16},"end":{"line":104,"column":16}},{"start":{"line":104,"column":16},"end":{"line":104,"column":16}}]},"13":{"line":111,"type":"binary-expr","locations":[{"start":{"line":111,"column":23},"end":{"line":111,"column":27}},{"start":{"line":111,"column":31},"end":{"line":111,"column":34}}]},"14":{"line":112,"type":"cond-expr","locations":[{"start":{"line":112,"column":50},"end":{"line":112,"column":54}},{"start":{"line":112,"column":57},"end":{"line":112,"column":71}}]},"15":{"line":127,"type":"if","locations":[{"start":{"line":127,"column":16},"end":{"line":127,"column":16}},{"start":{"line":127,"column":16},"end":{"line":127,"column":16}}]},"16":{"line":142,"type":"if","locations":[{"start":{"line":142,"column":8},"end":{"line":142,"column":8}},{"start":{"line":142,"column":8},"end":{"line":142,"column":8}}]},"17":{"line":159,"type":"if","locations":[{"start":{"line":159,"column":8},"end":{"line":159,"column":8}},{"start":{"line":159,"column":8},"end":{"line":159,"column":8}}]},"18":{"line":159,"type":"binary-expr","locations":[{"start":{"line":159,"column":13},"end":{"line":159,"column":42}},{"start":{"line":160,"column":13},"end":{"line":160,"column":42}}]},"19":{"line":165,"type":"if","locations":[{"start":{"line":165,"column":8},"end":{"line":165,"column":8}},{"start":{"line":165,"column":8},"end":{"line":165,"column":8}}]},"20":{"line":165,"type":"binary-expr","locations":[{"start":{"line":165,"column":14},"end":{"line":165,"column":43}},{"start":{"line":165,"column":49},"end":{"line":165,"column":70}},{"start":{"line":166,"column":14},"end":{"line":166,"column":43}},{"start":{"line":166,"column":49},"end":{"line":166,"column":69}}]},"21":{"line":176,"type":"if","locations":[{"start":{"line":176,"column":12},"end":{"line":176,"column":12}},{"start":{"line":176,"column":12},"end":{"line":176,"column":12}}]},"22":{"line":183,"type":"if","locations":[{"start":{"line":183,"column":12},"end":{"line":183,"column":12}},{"start":{"line":183,"column":12},"end":{"line":183,"column":12}}]},"23":{"line":217,"type":"if","locations":[{"start":{"line":217,"column":16},"end":{"line":217,"column":16}},{"start":{"line":217,"column":16},"end":{"line":217,"column":16}}]},"24":{"line":228,"type":"if","locations":[{"start":{"line":228,"column":16},"end":{"line":228,"column":16}},{"start":{"line":228,"column":16},"end":{"line":228,"column":16}}]},"25":{"line":236,"type":"if","locations":[{"start":{"line":236,"column":20},"end":{"line":236,"column":20}},{"start":{"line":236,"column":20},"end":{"line":236,"column":20}}]},"26":{"line":241,"type":"if","locations":[{"start":{"line":241,"column":20},"end":{"line":241,"column":20}},{"start":{"line":241,"column":20},"end":{"line":241,"column":20}}]},"27":{"line":246,"type":"if","locations":[{"start":{"line":246,"column":20},"end":{"line":246,"column":20}},{"start":{"line":246,"column":20},"end":{"line":246,"column":20}}]},"28":{"line":255,"type":"if","locations":[{"start":{"line":255,"column":24},"end":{"line":255,"column":24}},{"start":{"line":255,"column":24},"end":{"line":255,"column":24}}]},"29":{"line":299,"type":"if","locations":[{"start":{"line":299,"column":24},"end":{"line":299,"column":24}},{"start":{"line":299,"column":24},"end":{"line":299,"column":24}}]},"30":{"line":317,"type":"if","locations":[{"start":{"line":317,"column":16},"end":{"line":317,"column":16}},{"start":{"line":317,"column":16},"end":{"line":317,"column":16}}]},"31":{"line":322,"type":"if","locations":[{"start":{"line":322,"column":16},"end":{"line":322,"column":16}},{"start":{"line":322,"column":16},"end":{"line":322,"column":16}}]},"32":{"line":326,"type":"if","locations":[{"start":{"line":326,"column":21},"end":{"line":326,"column":21}},{"start":{"line":326,"column":21},"end":{"line":326,"column":21}}]},"33":{"line":336,"type":"if","locations":[{"start":{"line":336,"column":16},"end":{"line":336,"column":16}},{"start":{"line":336,"column":16},"end":{"line":336,"column":16}}]},"34":{"line":344,"type":"binary-expr","locations":[{"start":{"line":344,"column":39},"end":{"line":344,"column":52}},{"start":{"line":344,"column":56},"end":{"line":344,"column":57}}]},"35":{"line":350,"type":"if","locations":[{"start":{"line":350,"column":20},"end":{"line":350,"column":20}},{"start":{"line":350,"column":20},"end":{"line":350,"column":20}}]},"36":{"line":355,"type":"if","locations":[{"start":{"line":355,"column":20},"end":{"line":355,"column":20}},{"start":{"line":355,"column":20},"end":{"line":355,"column":20}}]},"37":{"line":367,"type":"if","locations":[{"start":{"line":367,"column":24},"end":{"line":367,"column":24}},{"start":{"line":367,"column":24},"end":{"line":367,"column":24}}]},"38":{"line":382,"type":"if","locations":[{"start":{"line":382,"column":26},"end":{"line":382,"column":26}},{"start":{"line":382,"column":26},"end":{"line":382,"column":26}}]},"39":{"line":399,"type":"if","locations":[{"start":{"line":399,"column":26},"end":{"line":399,"column":26}},{"start":{"line":399,"column":26},"end":{"line":399,"column":26}}]},"40":{"line":420,"type":"if","locations":[{"start":{"line":420,"column":16},"end":{"line":420,"column":16}},{"start":{"line":420,"column":16},"end":{"line":420,"column":16}}]},"41":{"line":434,"type":"if","locations":[{"start":{"line":434,"column":4},"end":{"line":434,"column":4}},{"start":{"line":434,"column":4},"end":{"line":434,"column":4}}]}}}}