{"/home/david/centro/index.js":{"path":"/home/david/centro/index.js","s":{"1":1},"b":{},"f":{},"fnMap":{},"statementMap":{"1":{"start":{"line":3,"column":0},"end":{"line":3,"column":79}}},"branchMap":{}},"/home/david/centro/lib/client.js":{"path":"/home/david/centro/lib/client.js","s":{"1":1,"2":1,"3":315,"4":315,"5":280,"6":315,"7":1,"8":311,"9":311,"10":287,"11":287,"12":8,"13":279,"14":8,"15":271,"16":1,"17":616,"18":271,"19":271,"20":268,"21":184,"22":184,"23":184,"24":184,"25":268,"26":268,"27":268,"28":244,"29":268,"30":268,"31":252,"32":252,"33":268,"34":268,"35":258,"36":112,"37":112,"38":258,"39":258,"40":268,"41":271,"42":271,"43":116,"44":96,"45":96,"46":96,"47":96,"48":116,"49":8,"50":8,"51":8,"52":116,"53":1,"54":124,"55":124,"56":8,"57":116,"58":116,"59":8,"60":108,"61":108,"62":8,"63":100,"64":100,"65":94,"66":94,"67":86,"68":100,"69":116,"70":8,"71":14,"72":8,"73":8,"74":8,"75":6,"76":108,"77":108,"78":32,"79":32,"80":24,"81":40,"82":76,"83":108,"84":271,"85":271,"86":240,"87":154,"88":154,"89":154,"90":154,"91":240,"92":271,"93":311,"94":1,"95":1,"96":70,"97":35,"98":1,"99":245,"100":245,"101":245,"102":490,"103":245,"104":245},"b":{"1":[280,35],"2":[8,271],"3":[184,84],"4":[244,24],"5":[252,16],"6":[258,10],"7":[96,20],"8":[8,108],"9":[8,116],"10":[8,108],"11":[8,100],"12":[94,6],"13":[86,8],"14":[8,108],"15":[8,6],"16":[32,76],"17":[24,8],"18":[154,86]},"f":{"1":315,"2":311,"3":287,"4":616,"5":268,"6":112,"7":116,"8":124,"9":14,"10":240,"11":70,"12":35,"13":245,"14":245},"fnMap":{"1":{"name":"get_stokens","line":26,"loc":{"start":{"line":26,"column":0},"end":{"line":27,"column":0}}},"2":{"name":"start","line":38,"loc":{"start":{"line":38,"column":0},"end":{"line":39,"column":0}}},"3":{"name":"(anonymous_3)","line":42,"loc":{"start":{"line":42,"column":29},"end":{"line":43,"column":4}}},"4":{"name":"replace","line":60,"loc":{"start":{"line":60,"column":8},"end":{"line":61,"column":8}}},"5":{"name":"(anonymous_5)","line":66,"loc":{"start":{"line":66,"column":25},"end":{"line":67,"column":8}}},"6":{"name":"(anonymous_6)","line":94,"loc":{"start":{"line":94,"column":27},"end":{"line":95,"column":16}}},"7":{"name":"(anonymous_7)","line":107,"loc":{"start":{"line":107,"column":27},"end":{"line":108,"column":8}}},"8":{"name":"unsub","line":126,"loc":{"start":{"line":126,"column":12},"end":{"line":127,"column":12}}},"9":{"name":"(anonymous_9)","line":161,"loc":{"start":{"line":161,"column":45},"end":{"line":162,"column":16}}},"10":{"name":"(anonymous_10)","line":205,"loc":{"start":{"line":205,"column":23},"end":{"line":206,"column":8}}},"11":{"name":"(anonymous_11)","line":228,"loc":{"start":{"line":228,"column":24},"end":{"line":229,"column":0}}},"12":{"name":"(anonymous_12)","line":230,"loc":{"start":{"line":230,"column":46},"end":{"line":231,"column":4}}},"13":{"name":"(anonymous_13)","line":236,"loc":{"start":{"line":236,"column":22},"end":{"line":237,"column":0}}},"14":{"name":"(anonymous_14)","line":242,"loc":{"start":{"line":242,"column":32},"end":{"line":243,"column":4}}}},"statementMap":{"1":{"start":{"line":3,"column":0},"end":{"line":24,"column":7}},"2":{"start":{"line":26,"column":0},"end":{"line":36,"column":1}},"3":{"start":{"line":28,"column":4},"end":{"line":28,"column":30}},"4":{"start":{"line":30,"column":4},"end":{"line":33,"column":5}},"5":{"start":{"line":32,"column":8},"end":{"line":32,"column":26}},"6":{"start":{"line":35,"column":4},"end":{"line":35,"column":28}},"7":{"start":{"line":38,"column":0},"end":{"line":224,"column":1}},"8":{"start":{"line":40,"column":4},"end":{"line":40,"column":54}},"9":{"start":{"line":42,"column":4},"end":{"line":221,"column":7}},"10":{"start":{"line":44,"column":8},"end":{"line":51,"column":9}},"11":{"start":{"line":46,"column":12},"end":{"line":46,"column":40}},"12":{"start":{"line":50,"column":12},"end":{"line":50,"column":42}},"13":{"start":{"line":53,"column":8},"end":{"line":56,"column":9}},"14":{"start":{"line":55,"column":12},"end":{"line":55,"column":82}},"15":{"start":{"line":58,"column":8},"end":{"line":58,"column":32}},"16":{"start":{"line":60,"column":8},"end":{"line":63,"column":9}},"17":{"start":{"line":62,"column":12},"end":{"line":62,"column":60}},"18":{"start":{"line":65,"column":8},"end":{"line":65,"column":46}},"19":{"start":{"line":66,"column":8},"end":{"line":104,"column":10}},"20":{"start":{"line":68,"column":12},"end":{"line":74,"column":13}},"21":{"start":{"line":70,"column":16},"end":{"line":70,"column":29}},"22":{"start":{"line":71,"column":16},"end":{"line":71,"column":32}},"23":{"start":{"line":72,"column":16},"end":{"line":72,"column":26}},"24":{"start":{"line":73,"column":16},"end":{"line":73,"column":22}},"25":{"start":{"line":76,"column":12},"end":{"line":76,"column":56}},"26":{"start":{"line":78,"column":12},"end":{"line":78,"column":51}},"27":{"start":{"line":79,"column":12},"end":{"line":82,"column":13}},"28":{"start":{"line":81,"column":15},"end":{"line":81,"column":62}},"29":{"start":{"line":84,"column":12},"end":{"line":84,"column":49}},"30":{"start":{"line":85,"column":12},"end":{"line":89,"column":13}},"31":{"start":{"line":87,"column":16},"end":{"line":87,"column":37}},"32":{"start":{"line":88,"column":16},"end":{"line":88,"column":48}},"33":{"start":{"line":91,"column":12},"end":{"line":91,"column":47}},"34":{"start":{"line":92,"column":12},"end":{"line":101,"column":13}},"35":{"start":{"line":94,"column":16},"end":{"line":98,"column":18}},"36":{"start":{"line":96,"column":20},"end":{"line":96,"column":113}},"37":{"start":{"line":97,"column":20},"end":{"line":97,"column":54}},"38":{"start":{"line":99,"column":16},"end":{"line":99,"column":43}},"39":{"start":{"line":100,"column":16},"end":{"line":100,"column":46}},"40":{"start":{"line":103,"column":12},"end":{"line":103,"column":54}},"41":{"start":{"line":106,"column":8},"end":{"line":106,"column":50}},"42":{"start":{"line":107,"column":8},"end":{"line":202,"column":10}},"43":{"start":{"line":109,"column":12},"end":{"line":115,"column":13}},"44":{"start":{"line":111,"column":16},"end":{"line":111,"column":29}},"45":{"start":{"line":112,"column":16},"end":{"line":112,"column":32}},"46":{"start":{"line":113,"column":16},"end":{"line":113,"column":26}},"47":{"start":{"line":114,"column":16},"end":{"line":114,"column":22}},"48":{"start":{"line":117,"column":12},"end":{"line":122,"column":13}},"49":{"start":{"line":119,"column":16},"end":{"line":119,"column":27}},"50":{"start":{"line":120,"column":16},"end":{"line":120,"column":34}},"51":{"start":{"line":121,"column":16},"end":{"line":121,"column":36}},"52":{"start":{"line":124,"column":12},"end":{"line":124,"column":27}},"53":{"start":{"line":126,"column":12},"end":{"line":157,"column":13}},"54":{"start":{"line":128,"column":16},"end":{"line":128,"column":49}},"55":{"start":{"line":129,"column":16},"end":{"line":132,"column":17}},"56":{"start":{"line":131,"column":20},"end":{"line":131,"column":29}},"57":{"start":{"line":134,"column":16},"end":{"line":134,"column":52}},"58":{"start":{"line":135,"column":16},"end":{"line":138,"column":17}},"59":{"start":{"line":137,"column":20},"end":{"line":137,"column":29}},"60":{"start":{"line":140,"column":16},"end":{"line":140,"column":41}},"61":{"start":{"line":141,"column":16},"end":{"line":144,"column":17}},"62":{"start":{"line":143,"column":20},"end":{"line":143,"column":29}},"63":{"start":{"line":146,"column":16},"end":{"line":146,"column":35}},"64":{"start":{"line":147,"column":16},"end":{"line":154,"column":17}},"65":{"start":{"line":149,"column":20},"end":{"line":149,"column":44}},"66":{"start":{"line":150,"column":20},"end":{"line":153,"column":21}},"67":{"start":{"line":152,"column":24},"end":{"line":152,"column":46}},"68":{"start":{"line":156,"column":16},"end":{"line":156,"column":26}},"69":{"start":{"line":159,"column":12},"end":{"line":201,"column":13}},"70":{"start":{"line":161,"column":16},"end":{"line":176,"column":23}},"71":{"start":{"line":163,"column":20},"end":{"line":175,"column":21}},"72":{"start":{"line":165,"column":24},"end":{"line":168,"column":25}},"73":{"start":{"line":167,"column":28},"end":{"line":167,"column":52}},"74":{"start":{"line":170,"column":24},"end":{"line":170,"column":68}},"75":{"start":{"line":174,"column":24},"end":{"line":174,"column":29}},"76":{"start":{"line":180,"column":16},"end":{"line":180,"column":60}},"77":{"start":{"line":182,"column":16},"end":{"line":196,"column":17}},"78":{"start":{"line":184,"column":20},"end":{"line":184,"column":51}},"79":{"start":{"line":185,"column":20},"end":{"line":191,"column":21}},"80":{"start":{"line":187,"column":24},"end":{"line":190,"column":25}},"81":{"start":{"line":189,"column":28},"end":{"line":189,"column":52}},"82":{"start":{"line":195,"column":20},"end":{"line":195,"column":52}},"83":{"start":{"line":198,"column":16},"end":{"line":200,"column":43}},"84":{"start":{"line":204,"column":8},"end":{"line":204,"column":42}},"85":{"start":{"line":205,"column":8},"end":{"line":218,"column":10}},"86":{"start":{"line":207,"column":12},"end":{"line":213,"column":13}},"87":{"start":{"line":209,"column":16},"end":{"line":209,"column":29}},"88":{"start":{"line":210,"column":16},"end":{"line":210,"column":32}},"89":{"start":{"line":211,"column":16},"end":{"line":211,"column":26}},"90":{"start":{"line":212,"column":16},"end":{"line":212,"column":22}},"91":{"start":{"line":215,"column":12},"end":{"line":217,"column":42}},"92":{"start":{"line":220,"column":8},"end":{"line":220,"column":27}},"93":{"start":{"line":223,"column":4},"end":{"line":223,"column":20}},"94":{"start":{"line":226,"column":0},"end":{"line":226,"column":22}},"95":{"start":{"line":228,"column":0},"end":{"line":234,"column":2}},"96":{"start":{"line":230,"column":4},"end":{"line":233,"column":7}},"97":{"start":{"line":232,"column":8},"end":{"line":232,"column":37}},"98":{"start":{"line":236,"column":0},"end":{"line":253,"column":2}},"99":{"start":{"line":240,"column":4},"end":{"line":240,"column":42}},"100":{"start":{"line":242,"column":4},"end":{"line":248,"column":6}},"101":{"start":{"line":244,"column":8},"end":{"line":247,"column":9}},"102":{"start":{"line":246,"column":12},"end":{"line":246,"column":30}},"103":{"start":{"line":250,"column":4},"end":{"line":250,"column":40}},"104":{"start":{"line":252,"column":4},"end":{"line":252,"column":33}}},"branchMap":{"1":{"line":30,"type":"if","locations":[{"start":{"line":30,"column":4},"end":{"line":30,"column":4}},{"start":{"line":30,"column":4},"end":{"line":30,"column":4}}]},"2":{"line":53,"type":"if","locations":[{"start":{"line":53,"column":8},"end":{"line":53,"column":8}},{"start":{"line":53,"column":8},"end":{"line":53,"column":8}}]},"3":{"line":68,"type":"if","locations":[{"start":{"line":68,"column":12},"end":{"line":68,"column":12}},{"start":{"line":68,"column":12},"end":{"line":68,"column":12}}]},"4":{"line":79,"type":"if","locations":[{"start":{"line":79,"column":12},"end":{"line":79,"column":12}},{"start":{"line":79,"column":12},"end":{"line":79,"column":12}}]},"5":{"line":85,"type":"if","locations":[{"start":{"line":85,"column":12},"end":{"line":85,"column":12}},{"start":{"line":85,"column":12},"end":{"line":85,"column":12}}]},"6":{"line":92,"type":"if","locations":[{"start":{"line":92,"column":12},"end":{"line":92,"column":12}},{"start":{"line":92,"column":12},"end":{"line":92,"column":12}}]},"7":{"line":109,"type":"if","locations":[{"start":{"line":109,"column":12},"end":{"line":109,"column":12}},{"start":{"line":109,"column":12},"end":{"line":109,"column":12}}]},"8":{"line":117,"type":"if","locations":[{"start":{"line":117,"column":12},"end":{"line":117,"column":12}},{"start":{"line":117,"column":12},"end":{"line":117,"column":12}}]},"9":{"line":129,"type":"if","locations":[{"start":{"line":129,"column":16},"end":{"line":129,"column":16}},{"start":{"line":129,"column":16},"end":{"line":129,"column":16}}]},"10":{"line":135,"type":"if","locations":[{"start":{"line":135,"column":16},"end":{"line":135,"column":16}},{"start":{"line":135,"column":16},"end":{"line":135,"column":16}}]},"11":{"line":141,"type":"if","locations":[{"start":{"line":141,"column":16},"end":{"line":141,"column":16}},{"start":{"line":141,"column":16},"end":{"line":141,"column":16}}]},"12":{"line":147,"type":"if","locations":[{"start":{"line":147,"column":16},"end":{"line":147,"column":16}},{"start":{"line":147,"column":16},"end":{"line":147,"column":16}}]},"13":{"line":150,"type":"if","locations":[{"start":{"line":150,"column":20},"end":{"line":150,"column":20}},{"start":{"line":150,"column":20},"end":{"line":150,"column":20}}]},"14":{"line":159,"type":"if","locations":[{"start":{"line":159,"column":12},"end":{"line":159,"column":12}},{"start":{"line":159,"column":12},"end":{"line":159,"column":12}}]},"15":{"line":163,"type":"if","locations":[{"start":{"line":163,"column":20},"end":{"line":163,"column":20}},{"start":{"line":163,"column":20},"end":{"line":163,"column":20}}]},"16":{"line":182,"type":"if","locations":[{"start":{"line":182,"column":16},"end":{"line":182,"column":16}},{"start":{"line":182,"column":16},"end":{"line":182,"column":16}}]},"17":{"line":185,"type":"if","locations":[{"start":{"line":185,"column":20},"end":{"line":185,"column":20}},{"start":{"line":185,"column":20},"end":{"line":185,"column":20}}]},"18":{"line":207,"type":"if","locations":[{"start":{"line":207,"column":12},"end":{"line":207,"column":12}},{"start":{"line":207,"column":12},"end":{"line":207,"column":12}}]}}},"/home/david/centro/lib/server.js":{"path":"/home/david/centro/lib/server.js","s":{"1":1,"2":1,"3":2,"4":1,"5":1,"6":1,"7":339,"8":339,"9":331,"10":8,"11":8,"12":1,"13":48,"14":48,"15":48,"16":48,"17":48,"18":48,"19":48,"20":48,"21":48,"22":48,"23":1,"24":8,"25":48,"26":1,"27":157,"28":37,"29":48,"30":48,"31":48,"32":1,"33":245,"34":1,"35":245,"36":245,"37":245,"38":245,"39":245,"40":245,"41":0,"42":245,"43":245,"44":245,"45":245,"46":245,"47":245,"48":245,"49":245,"50":245,"51":0,"52":1,"53":48,"54":48,"55":0,"56":48,"57":48,"58":42,"59":80,"60":80,"61":80,"62":0,"63":0,"64":80,"65":1,"66":48,"67":48,"68":42,"69":48,"70":1,"71":54,"72":1,"73":311,"74":16,"75":311,"76":1,"77":311,"78":0,"79":311,"80":300,"81":325,"82":311,"83":8,"84":303,"85":303,"86":0,"87":303,"88":303,"89":339,"90":339,"91":8,"92":331,"93":303,"94":303,"95":303,"96":229,"97":265,"98":265,"99":0,"100":0,"101":0,"102":303,"103":273,"104":303,"105":8,"106":295,"107":295,"108":331,"109":0,"110":331,"111":66,"112":265,"113":0,"114":265,"115":0,"116":265,"117":265,"118":295,"119":311,"120":66,"121":66,"122":245,"123":245,"124":295,"125":1,"126":53,"127":53,"128":53,"129":0,"130":53,"131":295,"132":0,"133":295,"134":295,"135":1,"136":1469,"137":295,"138":1,"139":331,"140":339,"141":1,"142":331,"143":8,"144":8,"145":295,"146":331,"147":331,"148":331,"149":331,"150":66,"151":265,"152":265,"153":265,"154":198,"155":198,"156":265,"157":295,"158":295,"159":295,"160":331,"161":323,"162":331,"163":66,"164":265,"165":265,"166":265,"167":265,"168":198,"169":295,"170":295,"171":295,"172":295,"173":295,"174":46,"175":46,"176":38,"177":46,"178":46,"179":46,"180":0,"181":46,"182":46,"183":46,"184":46,"185":295,"186":224,"187":295,"188":295,"189":331,"190":331,"191":265,"192":265,"193":66,"194":66,"195":331,"196":9,"197":331,"198":46,"199":1,"200":1475,"201":1475,"202":295,"203":1770,"204":1986,"205":1986,"206":1324,"207":1986,"208":1986,"209":1399,"210":295,"211":295,"212":34,"213":16,"214":16,"215":12,"216":12,"217":12,"218":16,"219":16,"220":16,"221":16,"222":12,"223":16,"224":8,"225":8,"226":8,"227":8,"228":8,"229":1,"230":295,"231":295,"232":295,"233":9,"234":8,"235":8,"236":6,"237":6,"238":6,"239":6,"240":8,"241":8,"242":8,"243":6,"244":8,"245":295,"246":295,"247":295,"248":331,"249":295,"250":295,"251":295,"252":292,"253":292,"254":292,"255":54,"256":0,"257":0,"258":0,"259":0,"260":0,"261":0,"262":54,"263":6,"264":6,"265":6,"266":6,"267":6,"268":0,"269":0,"270":0,"271":0,"272":54,"273":54,"274":30,"275":24,"276":24,"277":12,"278":12,"279":12,"280":0,"281":12,"282":12,"283":48,"284":0,"285":48,"286":48,"287":48,"288":48,"289":48,"290":6,"291":42,"292":1,"293":1,"294":62,"295":62,"296":1,"297":46,"298":0,"299":46,"300":46,"301":1,"302":86,"303":46,"304":46,"305":46,"306":46,"307":52,"308":1,"309":46,"310":46,"311":46,"312":8,"313":8,"314":8,"315":38,"316":46,"317":46,"318":45,"319":1,"320":46,"321":5,"322":41,"323":62,"324":16,"325":8,"326":8,"327":46,"328":46,"329":46,"330":46,"331":6,"332":40,"333":1,"334":16,"335":16,"336":1},"b":{"1":[331,8],"2":[48,48],"3":[48,42],"4":[37,120],"5":[245,0],"6":[0,245],"7":[245,0],"8":[0,245],"9":[0,48],"10":[42,6],"11":[0,80],"12":[1,79],"13":[42,6],"14":[16,295],"15":[0,311],"16":[300,11],"17":[8,303],"18":[235,68],"19":[0,303],"20":[303,68],"21":[8,331],"22":[229,74],"23":[303,235],"24":[0,265],"25":[265,0],"26":[273,30],"27":[8,295],"28":[229,66],"29":[0,331],"30":[66,265],"31":[0,265],"32":[0,265],"33":[66,245],"34":[0,245],"35":[53,0],"36":[0,295],"37":[66,265],"38":[198,67],"39":[323,8],"40":[66,265],"41":[265,0],"42":[198,67],"43":[295,0],"44":[38,8],"45":[0,46],"46":[0,0],"47":[46,0],"48":[224,71],"49":[265,66],"50":[9,322],"51":[46,285],"52":[1324,662],"53":[1986,642],"54":[34,261],"55":[12,4],"56":[12,0],"57":[16,0],"58":[12,4],"59":[8,8],"60":[8,0],"61":[1,7],"62":[9,286],"63":[6,2],"64":[6,0],"65":[8,0],"66":[6,2],"67":[0,54],"68":[0,0],"69":[0,0],"70":[6,48],"71":[6,0],"72":[0,0],"73":[30,24],"74":[12,12],"75":[0,12],"76":[0,48],"77":[6,42],"78":[62,8],"79":[0,46],"80":[46,40],"81":[86,76],"82":[8,38],"83":[5,41],"84":[16,46],"85":[8,8],"86":[6,40],"87":[16,8]},"f":{"1":2,"2":339,"3":8,"4":48,"5":8,"6":157,"7":245,"8":245,"9":245,"10":48,"11":48,"12":80,"13":54,"14":54,"15":311,"16":311,"17":311,"18":325,"19":339,"20":339,"21":303,"22":66,"23":245,"24":295,"25":53,"26":1469,"27":331,"28":339,"29":331,"30":8,"31":295,"32":1475,"33":1770,"34":16,"35":8,"36":331,"37":292,"38":54,"39":0,"40":6,"41":6,"42":0,"43":12,"44":48,"45":48,"46":62,"47":8,"48":46,"49":86,"50":52,"51":46,"52":46,"53":8,"54":46,"55":16},"fnMap":{"1":{"name":"compile","line":24,"loc":{"start":{"line":24,"column":0},"end":{"line":25,"column":0}}},"2":{"name":"schedule","line":139,"loc":{"start":{"line":139,"column":0},"end":{"line":140,"column":0}}},"3":{"name":"(anonymous_3)","line":145,"loc":{"start":{"line":145,"column":26},"end":{"line":146,"column":8}}},"4":{"name":"CentroServer","line":156,"loc":{"start":{"line":156,"column":0},"end":{"line":157,"column":0}}},"5":{"name":"error","line":172,"loc":{"start":{"line":172,"column":4},"end":{"line":173,"column":4}}},"6":{"name":"warning","line":179,"loc":{"start":{"line":179,"column":4},"end":{"line":180,"column":4}}},"7":{"name":"read_frame","line":192,"loc":{"start":{"line":192,"column":4},"end":{"line":193,"column":4}}},"8":{"name":"done","line":196,"loc":{"start":{"line":196,"column":8},"end":{"line":197,"column":8}}},"9":{"name":"onread","line":204,"loc":{"start":{"line":204,"column":25},"end":{"line":205,"column":8}}},"10":{"name":"start","line":239,"loc":{"start":{"line":239,"column":4},"end":{"line":240,"column":4}}},"11":{"name":"(anonymous_11)","line":241,"loc":{"start":{"line":241,"column":33},"end":{"line":242,"column":8}}},"12":{"name":"(anonymous_12)","line":253,"loc":{"start":{"line":253,"column":44},"end":{"line":254,"column":16}}},"13":{"name":"(anonymous_13)","line":282,"loc":{"start":{"line":282,"column":40},"end":{"line":283,"column":12}}},"14":{"name":"run_transport","line":284,"loc":{"start":{"line":284,"column":16},"end":{"line":285,"column":16}}},"15":{"name":"(anonymous_15)","line":286,"loc":{"start":{"line":286,"column":38},"end":{"line":287,"column":20}}},"16":{"name":"cb","line":288,"loc":{"start":{"line":288,"column":24},"end":{"line":289,"column":24}}},"17":{"name":"got_tokens","line":298,"loc":{"start":{"line":298,"column":24},"end":{"line":299,"column":24}}},"18":{"name":"(anonymous_18)","line":307,"loc":{"start":{"line":307,"column":66},"end":{"line":308,"column":32}}},"19":{"name":"(anonymous_19)","line":327,"loc":{"start":{"line":327,"column":52},"end":{"line":328,"column":28}}},"20":{"name":"(anonymous_20)","line":329,"loc":{"start":{"line":329,"column":66},"end":{"line":330,"column":32}}},"21":{"name":"(anonymous_21)","line":344,"loc":{"start":{"line":344,"column":31},"end":{"line":345,"column":28}}},"22":{"name":"(anonymous_22)","line":412,"loc":{"start":{"line":412,"column":54},"end":{"line":413,"column":28}}},"23":{"name":"(anonymous_23)","line":419,"loc":{"start":{"line":419,"column":44},"end":{"line":420,"column":28}}},"24":{"name":"(anonymous_24)","line":424,"loc":{"start":{"line":424,"column":23},"end":{"line":425,"column":20}}},"25":{"name":"dstroy","line":431,"loc":{"start":{"line":431,"column":24},"end":{"line":432,"column":24}}},"26":{"name":"replace","line":459,"loc":{"start":{"line":459,"column":24},"end":{"line":460,"column":24}}},"27":{"name":"make_update","line":466,"loc":{"start":{"line":466,"column":24},"end":{"line":467,"column":24}}},"28":{"name":"(anonymous_28)","line":468,"loc":{"start":{"line":468,"column":35},"end":{"line":469,"column":28}}},"29":{"name":"make_destroy","line":474,"loc":{"start":{"line":474,"column":24},"end":{"line":475,"column":24}}},"30":{"name":"(anonymous_30)","line":476,"loc":{"start":{"line":476,"column":35},"end":{"line":477,"column":28}}},"31":{"name":"(anonymous_31)","line":515,"loc":{"start":{"line":515,"column":32},"end":{"line":516,"column":24}}},"32":{"name":"AggregateTopics","line":619,"loc":{"start":{"line":619,"column":24},"end":{"line":620,"column":24}}},"33":{"name":"(anonymous_33)","line":625,"loc":{"start":{"line":625,"column":69},"end":{"line":626,"column":24}}},"34":{"name":"(anonymous_34)","line":658,"loc":{"start":{"line":658,"column":28},"end":{"line":659,"column":28}}},"35":{"name":"(anonymous_35)","line":707,"loc":{"start":{"line":707,"column":47},"end":{"line":708,"column":28}}},"36":{"name":"(anonymous_36)","line":742,"loc":{"start":{"line":742,"column":54},"end":{"line":743,"column":24}}},"37":{"name":"(anonymous_37)","line":758,"loc":{"start":{"line":758,"column":49},"end":{"line":759,"column":24}}},"38":{"name":"(anonymous_38)","line":771,"loc":{"start":{"line":771,"column":20},"end":{"line":772,"column":20}}},"39":{"name":"(anonymous_39)","line":777,"loc":{"start":{"line":777,"column":54},"end":{"line":778,"column":32}}},"40":{"name":"(anonymous_40)","line":794,"loc":{"start":{"line":794,"column":40},"end":{"line":795,"column":28}}},"41":{"name":"(anonymous_41)","line":796,"loc":{"start":{"line":796,"column":47},"end":{"line":797,"column":32}}},"42":{"name":"(anonymous_42)","line":803,"loc":{"start":{"line":803,"column":42},"end":{"line":804,"column":36}}},"43":{"name":"(anonymous_43)","line":834,"loc":{"start":{"line":834,"column":51},"end":{"line":835,"column":24}}},"44":{"name":"(anonymous_44)","line":849,"loc":{"start":{"line":849,"column":15},"end":{"line":850,"column":12}}},"45":{"name":"(anonymous_45)","line":859,"loc":{"start":{"line":859,"column":33},"end":{"line":860,"column":16}}},"46":{"name":"(anonymous_46)","line":879,"loc":{"start":{"line":879,"column":31},"end":{"line":880,"column":0}}},"47":{"name":"(anonymous_47)","line":883,"loc":{"start":{"line":883,"column":15},"end":{"line":883,"column":27}}},"48":{"name":"close_transports","line":885,"loc":{"start":{"line":885,"column":4},"end":{"line":886,"column":4}}},"49":{"name":"check","line":897,"loc":{"start":{"line":897,"column":8},"end":{"line":898,"column":8}}},"50":{"name":"(anonymous_50)","line":907,"loc":{"start":{"line":907,"column":34},"end":{"line":908,"column":8}}},"51":{"name":"(anonymous_51)","line":910,"loc":{"start":{"line":910,"column":11},"end":{"line":911,"column":8}}},"52":{"name":"cont","line":912,"loc":{"start":{"line":912,"column":12},"end":{"line":913,"column":12}}},"53":{"name":"(anonymous_53)","line":921,"loc":{"start":{"line":921,"column":21},"end":{"line":921,"column":33}}},"54":{"name":"close_keystore","line":937,"loc":{"start":{"line":937,"column":4},"end":{"line":938,"column":4}}},"55":{"name":"(anonymous_55)","line":969,"loc":{"start":{"line":969,"column":38},"end":{"line":970,"column":0}}}},"statementMap":{"1":{"start":{"line":13,"column":0},"end":{"line":22,"column":20}},"2":{"start":{"line":24,"column":0},"end":{"line":132,"column":1}},"3":{"start":{"line":26,"column":4},"end":{"line":131,"column":7}},"4":{"start":{"line":134,"column":0},"end":{"line":135,"column":48}},"5":{"start":{"line":137,"column":0},"end":{"line":137,"column":41}},"6":{"start":{"line":139,"column":0},"end":{"line":154,"column":1}},"7":{"start":{"line":141,"column":4},"end":{"line":141,"column":35}},"8":{"start":{"line":143,"column":4},"end":{"line":153,"column":5}},"9":{"start":{"line":145,"column":8},"end":{"line":148,"column":47}},"10":{"start":{"line":147,"column":12},"end":{"line":147,"column":35}},"11":{"start":{"line":152,"column":8},"end":{"line":152,"column":33}},"12":{"start":{"line":156,"column":0},"end":{"line":875,"column":1}},"13":{"start":{"line":158,"column":4},"end":{"line":158,"column":28}},"14":{"start":{"line":160,"column":4},"end":{"line":160,"column":43}},"15":{"start":{"line":161,"column":4},"end":{"line":161,"column":28}},"16":{"start":{"line":162,"column":4},"end":{"line":162,"column":34}},"17":{"start":{"line":163,"column":4},"end":{"line":163,"column":30}},"18":{"start":{"line":164,"column":4},"end":{"line":164,"column":52}},"19":{"start":{"line":165,"column":4},"end":{"line":165,"column":26}},"20":{"start":{"line":166,"column":4},"end":{"line":166,"column":26}},"21":{"start":{"line":167,"column":4},"end":{"line":167,"column":25}},"22":{"start":{"line":169,"column":4},"end":{"line":170,"column":49}},"23":{"start":{"line":172,"column":4},"end":{"line":176,"column":5}},"24":{"start":{"line":175,"column":8},"end":{"line":175,"column":37}},"25":{"start":{"line":177,"column":4},"end":{"line":177,"column":24}},"26":{"start":{"line":179,"column":4},"end":{"line":186,"column":5}},"27":{"start":{"line":182,"column":8},"end":{"line":185,"column":9}},"28":{"start":{"line":184,"column":12},"end":{"line":184,"column":31}},"29":{"start":{"line":187,"column":4},"end":{"line":187,"column":28}},"30":{"start":{"line":189,"column":4},"end":{"line":189,"column":36}},"31":{"start":{"line":190,"column":4},"end":{"line":190,"column":32}},"32":{"start":{"line":192,"column":4},"end":{"line":237,"column":5}},"33":{"start":{"line":194,"column":8},"end":{"line":194,"column":45}},"34":{"start":{"line":196,"column":8},"end":{"line":202,"column":9}},"35":{"start":{"line":198,"column":12},"end":{"line":201,"column":13}},"36":{"start":{"line":200,"column":16},"end":{"line":200,"column":24}},"37":{"start":{"line":204,"column":8},"end":{"line":236,"column":11}},"38":{"start":{"line":206,"column":12},"end":{"line":235,"column":13}},"39":{"start":{"line":208,"column":16},"end":{"line":208,"column":39}},"40":{"start":{"line":210,"column":16},"end":{"line":213,"column":17}},"41":{"start":{"line":212,"column":20},"end":{"line":212,"column":26}},"42":{"start":{"line":215,"column":16},"end":{"line":215,"column":46}},"43":{"start":{"line":217,"column":16},"end":{"line":234,"column":17}},"44":{"start":{"line":219,"column":20},"end":{"line":219,"column":42}},"45":{"start":{"line":220,"column":20},"end":{"line":220,"column":59}},"46":{"start":{"line":224,"column":20},"end":{"line":224,"column":57}},"47":{"start":{"line":226,"column":20},"end":{"line":231,"column":21}},"48":{"start":{"line":228,"column":24},"end":{"line":228,"column":81}},"49":{"start":{"line":229,"column":24},"end":{"line":229,"column":84}},"50":{"start":{"line":230,"column":24},"end":{"line":230,"column":43}},"51":{"start":{"line":233,"column":20},"end":{"line":233,"column":26}},"52":{"start":{"line":239,"column":4},"end":{"line":865,"column":5}},"53":{"start":{"line":241,"column":8},"end":{"line":864,"column":11}},"54":{"start":{"line":243,"column":12},"end":{"line":246,"column":13}},"55":{"start":{"line":245,"column":16},"end":{"line":245,"column":34}},"56":{"start":{"line":248,"column":12},"end":{"line":249,"column":41}},"57":{"start":{"line":251,"column":12},"end":{"line":273,"column":13}},"58":{"start":{"line":253,"column":16},"end":{"line":272,"column":19}},"59":{"start":{"line":255,"column":20},"end":{"line":255,"column":58}},"60":{"start":{"line":257,"column":20},"end":{"line":257,"column":58}},"61":{"start":{"line":259,"column":20},"end":{"line":266,"column":21}},"62":{"start":{"line":261,"column":24},"end":{"line":265,"column":25}},"63":{"start":{"line":264,"column":28},"end":{"line":264,"column":43}},"64":{"start":{"line":268,"column":20},"end":{"line":271,"column":21}},"65":{"start":{"line":270,"column":24},"end":{"line":270,"column":51}},"66":{"start":{"line":275,"column":12},"end":{"line":275,"column":46}},"67":{"start":{"line":277,"column":12},"end":{"line":280,"column":13}},"68":{"start":{"line":279,"column":16},"end":{"line":279,"column":42}},"69":{"start":{"line":282,"column":12},"end":{"line":863,"column":15}},"70":{"start":{"line":284,"column":16},"end":{"line":820,"column":17}},"71":{"start":{"line":286,"column":20},"end":{"line":819,"column":29}},"72":{"start":{"line":288,"column":24},"end":{"line":296,"column":25}},"73":{"start":{"line":290,"column":28},"end":{"line":293,"column":29}},"74":{"start":{"line":292,"column":32},"end":{"line":292,"column":45}},"75":{"start":{"line":295,"column":28},"end":{"line":295,"column":49}},"76":{"start":{"line":298,"column":24},"end":{"line":408,"column":25}},"77":{"start":{"line":300,"column":28},"end":{"line":303,"column":29}},"78":{"start":{"line":302,"column":32},"end":{"line":302,"column":65}},"79":{"start":{"line":305,"column":28},"end":{"line":311,"column":29}},"80":{"start":{"line":307,"column":32},"end":{"line":310,"column":35}},"81":{"start":{"line":309,"column":36},"end":{"line":309,"column":45}},"82":{"start":{"line":313,"column":28},"end":{"line":316,"column":29}},"83":{"start":{"line":315,"column":32},"end":{"line":315,"column":73}},"84":{"start":{"line":318,"column":28},"end":{"line":318,"column":84}},"85":{"start":{"line":320,"column":28},"end":{"line":323,"column":29}},"86":{"start":{"line":322,"column":32},"end":{"line":322,"column":79}},"87":{"start":{"line":325,"column":28},"end":{"line":325,"column":48}},"88":{"start":{"line":327,"column":28},"end":{"line":407,"column":31}},"89":{"start":{"line":329,"column":32},"end":{"line":343,"column":35}},"90":{"start":{"line":331,"column":36},"end":{"line":334,"column":37}},"91":{"start":{"line":333,"column":40},"end":{"line":333,"column":55}},"92":{"start":{"line":336,"column":36},"end":{"line":341,"column":39}},"93":{"start":{"line":346,"column":32},"end":{"line":346,"column":52}},"94":{"start":{"line":348,"column":32},"end":{"line":348,"column":39}},"95":{"start":{"line":350,"column":32},"end":{"line":364,"column":33}},"96":{"start":{"line":352,"column":36},"end":{"line":363,"column":37}},"97":{"start":{"line":354,"column":40},"end":{"line":354,"column":79}},"98":{"start":{"line":356,"column":40},"end":{"line":362,"column":41}},"99":{"start":{"line":359,"column":44},"end":{"line":359,"column":93}},"100":{"start":{"line":360,"column":44},"end":{"line":360,"column":74}},"101":{"start":{"line":361,"column":44},"end":{"line":361,"column":50}},"102":{"start":{"line":366,"column":32},"end":{"line":369,"column":33}},"103":{"start":{"line":368,"column":36},"end":{"line":368,"column":57}},"104":{"start":{"line":371,"column":32},"end":{"line":374,"column":33}},"105":{"start":{"line":373,"column":36},"end":{"line":373,"column":69}},"106":{"start":{"line":376,"column":32},"end":{"line":378,"column":86}},"107":{"start":{"line":380,"column":32},"end":{"line":404,"column":33}},"108":{"start":{"line":382,"column":36},"end":{"line":385,"column":37}},"109":{"start":{"line":384,"column":40},"end":{"line":384,"column":101}},"110":{"start":{"line":387,"column":36},"end":{"line":390,"column":37}},"111":{"start":{"line":389,"column":40},"end":{"line":389,"column":49}},"112":{"start":{"line":392,"column":36},"end":{"line":395,"column":37}},"113":{"start":{"line":394,"column":40},"end":{"line":394,"column":89}},"114":{"start":{"line":397,"column":36},"end":{"line":400,"column":37}},"115":{"start":{"line":399,"column":40},"end":{"line":399,"column":92}},"116":{"start":{"line":402,"column":36},"end":{"line":402,"column":53}},"117":{"start":{"line":403,"column":36},"end":{"line":403,"column":64}},"118":{"start":{"line":406,"column":32},"end":{"line":406,"column":53}},"119":{"start":{"line":410,"column":24},"end":{"line":423,"column":25}},"120":{"start":{"line":412,"column":28},"end":{"line":415,"column":31}},"121":{"start":{"line":414,"column":32},"end":{"line":414,"column":56}},"122":{"start":{"line":419,"column":28},"end":{"line":422,"column":31}},"123":{"start":{"line":421,"column":32},"end":{"line":421,"column":80}},"124":{"start":{"line":426,"column":24},"end":{"line":429,"column":31}},"125":{"start":{"line":431,"column":24},"end":{"line":446,"column":25}},"126":{"start":{"line":433,"column":28},"end":{"line":445,"column":29}},"127":{"start":{"line":435,"column":32},"end":{"line":442,"column":33}},"128":{"start":{"line":437,"column":36},"end":{"line":437,"column":46}},"129":{"start":{"line":441,"column":36},"end":{"line":441,"column":48}},"130":{"start":{"line":444,"column":32},"end":{"line":444,"column":49}},"131":{"start":{"line":448,"column":24},"end":{"line":451,"column":25}},"132":{"start":{"line":450,"column":28},"end":{"line":450,"column":44}},"133":{"start":{"line":453,"column":24},"end":{"line":457,"column":57}},"134":{"start":{"line":455,"column":28},"end":{"line":455,"column":76}},"135":{"start":{"line":459,"column":24},"end":{"line":462,"column":25}},"136":{"start":{"line":461,"column":28},"end":{"line":461,"column":71}},"137":{"start":{"line":464,"column":24},"end":{"line":464,"column":57}},"138":{"start":{"line":466,"column":24},"end":{"line":472,"column":25}},"139":{"start":{"line":468,"column":28},"end":{"line":471,"column":30}},"140":{"start":{"line":470,"column":32},"end":{"line":470,"column":55}},"141":{"start":{"line":474,"column":24},"end":{"line":481,"column":25}},"142":{"start":{"line":476,"column":28},"end":{"line":480,"column":30}},"143":{"start":{"line":478,"column":32},"end":{"line":478,"column":52}},"144":{"start":{"line":479,"column":32},"end":{"line":479,"column":41}},"145":{"start":{"line":483,"column":24},"end":{"line":511,"column":25}},"146":{"start":{"line":485,"column":28},"end":{"line":487,"column":30}},"147":{"start":{"line":489,"column":28},"end":{"line":489,"column":47}},"148":{"start":{"line":491,"column":28},"end":{"line":493,"column":57}},"149":{"start":{"line":495,"column":28},"end":{"line":498,"column":29}},"150":{"start":{"line":497,"column":32},"end":{"line":497,"column":41}},"151":{"start":{"line":500,"column":28},"end":{"line":500,"column":46}},"152":{"start":{"line":502,"column":28},"end":{"line":502,"column":69}},"153":{"start":{"line":504,"column":28},"end":{"line":508,"column":29}},"154":{"start":{"line":506,"column":32},"end":{"line":506,"column":50}},"155":{"start":{"line":507,"column":32},"end":{"line":507,"column":68}},"156":{"start":{"line":510,"column":28},"end":{"line":510,"column":44}},"157":{"start":{"line":513,"column":24},"end":{"line":513,"column":59}},"158":{"start":{"line":515,"column":24},"end":{"line":586,"column":27}},"159":{"start":{"line":517,"column":28},"end":{"line":540,"column":29}},"160":{"start":{"line":519,"column":32},"end":{"line":522,"column":33}},"161":{"start":{"line":521,"column":36},"end":{"line":521,"column":63}},"162":{"start":{"line":524,"column":32},"end":{"line":527,"column":33}},"163":{"start":{"line":526,"column":36},"end":{"line":526,"column":45}},"164":{"start":{"line":529,"column":32},"end":{"line":529,"column":75}},"165":{"start":{"line":531,"column":32},"end":{"line":539,"column":33}},"166":{"start":{"line":533,"column":36},"end":{"line":533,"column":55}},"167":{"start":{"line":535,"column":36},"end":{"line":538,"column":37}},"168":{"start":{"line":537,"column":40},"end":{"line":537,"column":74}},"169":{"start":{"line":542,"column":28},"end":{"line":542,"column":45}},"170":{"start":{"line":544,"column":28},"end":{"line":544,"column":56}},"171":{"start":{"line":546,"column":28},"end":{"line":580,"column":29}},"172":{"start":{"line":548,"column":32},"end":{"line":548,"column":65}},"173":{"start":{"line":550,"column":32},"end":{"line":579,"column":33}},"174":{"start":{"line":552,"column":36},"end":{"line":553,"column":53}},"175":{"start":{"line":555,"column":36},"end":{"line":558,"column":37}},"176":{"start":{"line":557,"column":40},"end":{"line":557,"column":60}},"177":{"start":{"line":560,"column":36},"end":{"line":560,"column":53}},"178":{"start":{"line":562,"column":36},"end":{"line":562,"column":73}},"179":{"start":{"line":564,"column":36},"end":{"line":569,"column":37}},"180":{"start":{"line":566,"column":40},"end":{"line":568,"column":73}},"181":{"start":{"line":571,"column":36},"end":{"line":571,"column":112}},"182":{"start":{"line":573,"column":36},"end":{"line":576,"column":37}},"183":{"start":{"line":575,"column":40},"end":{"line":575,"column":83}},"184":{"start":{"line":578,"column":36},"end":{"line":578,"column":44}},"185":{"start":{"line":582,"column":28},"end":{"line":585,"column":29}},"186":{"start":{"line":584,"column":32},"end":{"line":584,"column":50}},"187":{"start":{"line":588,"column":24},"end":{"line":588,"column":53}},"188":{"start":{"line":590,"column":24},"end":{"line":617,"column":25}},"189":{"start":{"line":592,"column":28},"end":{"line":592,"column":39}},"190":{"start":{"line":594,"column":28},"end":{"line":606,"column":29}},"191":{"start":{"line":597,"column":32},"end":{"line":599,"column":55}},"192":{"start":{"line":600,"column":32},"end":{"line":600,"column":63}},"193":{"start":{"line":604,"column":32},"end":{"line":604,"column":44}},"194":{"start":{"line":605,"column":32},"end":{"line":605,"column":51}},"195":{"start":{"line":608,"column":28},"end":{"line":611,"column":29}},"196":{"start":{"line":610,"column":32},"end":{"line":610,"column":80}},"197":{"start":{"line":613,"column":28},"end":{"line":616,"column":29}},"198":{"start":{"line":615,"column":32},"end":{"line":615,"column":74}},"199":{"start":{"line":619,"column":24},"end":{"line":623,"column":25}},"200":{"start":{"line":621,"column":28},"end":{"line":621,"column":49}},"201":{"start":{"line":622,"column":28},"end":{"line":622,"column":45}},"202":{"start":{"line":625,"column":24},"end":{"line":640,"column":26}},"203":{"start":{"line":627,"column":28},"end":{"line":639,"column":29}},"204":{"start":{"line":629,"column":32},"end":{"line":629,"column":84}},"205":{"start":{"line":630,"column":32},"end":{"line":633,"column":33}},"206":{"start":{"line":632,"column":36},"end":{"line":632,"column":63}},"207":{"start":{"line":634,"column":32},"end":{"line":634,"column":54}},"208":{"start":{"line":635,"column":32},"end":{"line":638,"column":33}},"209":{"start":{"line":637,"column":36},"end":{"line":637,"column":69}},"210":{"start":{"line":642,"column":24},"end":{"line":653,"column":27}},"211":{"start":{"line":655,"column":24},"end":{"line":700,"column":25}},"212":{"start":{"line":657,"column":28},"end":{"line":699,"column":31}},"213":{"start":{"line":660,"column":32},"end":{"line":660,"column":57}},"214":{"start":{"line":662,"column":32},"end":{"line":670,"column":33}},"215":{"start":{"line":664,"column":36},"end":{"line":664,"column":67}},"216":{"start":{"line":666,"column":36},"end":{"line":669,"column":37}},"217":{"start":{"line":668,"column":40},"end":{"line":668,"column":70}},"218":{"start":{"line":672,"column":32},"end":{"line":672,"column":61}},"219":{"start":{"line":674,"column":32},"end":{"line":693,"column":33}},"220":{"start":{"line":676,"column":36},"end":{"line":676,"column":67}},"221":{"start":{"line":678,"column":36},"end":{"line":681,"column":37}},"222":{"start":{"line":680,"column":40},"end":{"line":680,"column":60}},"223":{"start":{"line":683,"column":36},"end":{"line":692,"column":37}},"224":{"start":{"line":685,"column":40},"end":{"line":685,"column":87}},"225":{"start":{"line":686,"column":40},"end":{"line":689,"column":41}},"226":{"start":{"line":688,"column":44},"end":{"line":688,"column":84}},"227":{"start":{"line":691,"column":40},"end":{"line":691,"column":55}},"228":{"start":{"line":695,"column":32},"end":{"line":698,"column":33}},"229":{"start":{"line":697,"column":36},"end":{"line":697,"column":88}},"230":{"start":{"line":702,"column":24},"end":{"line":702,"column":71}},"231":{"start":{"line":703,"column":24},"end":{"line":703,"column":56}},"232":{"start":{"line":705,"column":24},"end":{"line":737,"column":25}},"233":{"start":{"line":707,"column":28},"end":{"line":736,"column":31}},"234":{"start":{"line":709,"column":32},"end":{"line":709,"column":57}},"235":{"start":{"line":711,"column":32},"end":{"line":720,"column":33}},"236":{"start":{"line":713,"column":36},"end":{"line":713,"column":72}},"237":{"start":{"line":715,"column":36},"end":{"line":719,"column":37}},"238":{"start":{"line":717,"column":40},"end":{"line":717,"column":75}},"239":{"start":{"line":718,"column":40},"end":{"line":718,"column":49}},"240":{"start":{"line":722,"column":32},"end":{"line":722,"column":74}},"241":{"start":{"line":724,"column":32},"end":{"line":735,"column":33}},"242":{"start":{"line":726,"column":36},"end":{"line":729,"column":37}},"243":{"start":{"line":728,"column":40},"end":{"line":728,"column":60}},"244":{"start":{"line":731,"column":36},"end":{"line":734,"column":50}},"245":{"start":{"line":739,"column":24},"end":{"line":739,"column":54}},"246":{"start":{"line":740,"column":24},"end":{"line":740,"column":56}},"247":{"start":{"line":742,"column":24},"end":{"line":745,"column":27}},"248":{"start":{"line":744,"column":28},"end":{"line":744,"column":45}},"249":{"start":{"line":747,"column":24},"end":{"line":754,"column":26}},"250":{"start":{"line":756,"column":24},"end":{"line":756,"column":54}},"251":{"start":{"line":758,"column":24},"end":{"line":769,"column":27}},"252":{"start":{"line":760,"column":28},"end":{"line":764,"column":33}},"253":{"start":{"line":766,"column":28},"end":{"line":766,"column":49}},"254":{"start":{"line":768,"column":28},"end":{"line":768,"column":54}},"255":{"start":{"line":773,"column":24},"end":{"line":789,"column":25}},"256":{"start":{"line":775,"column":28},"end":{"line":786,"column":29}},"257":{"start":{"line":777,"column":32},"end":{"line":785,"column":35}},"258":{"start":{"line":779,"column":36},"end":{"line":782,"column":37}},"259":{"start":{"line":781,"column":40},"end":{"line":781,"column":52}},"260":{"start":{"line":784,"column":36},"end":{"line":784,"column":44}},"261":{"start":{"line":788,"column":28},"end":{"line":788,"column":43}},"262":{"start":{"line":791,"column":24},"end":{"line":814,"column":25}},"263":{"start":{"line":793,"column":28},"end":{"line":793,"column":50}},"264":{"start":{"line":794,"column":28},"end":{"line":813,"column":30}},"265":{"start":{"line":796,"column":32},"end":{"line":812,"column":35}},"266":{"start":{"line":798,"column":36},"end":{"line":801,"column":37}},"267":{"start":{"line":800,"column":40},"end":{"line":800,"column":57}},"268":{"start":{"line":803,"column":36},"end":{"line":811,"column":39}},"269":{"start":{"line":805,"column":40},"end":{"line":808,"column":41}},"270":{"start":{"line":807,"column":44},"end":{"line":807,"column":56}},"271":{"start":{"line":810,"column":40},"end":{"line":810,"column":49}},"272":{"start":{"line":816,"column":24},"end":{"line":816,"column":45}},"273":{"start":{"line":822,"column":16},"end":{"line":848,"column":17}},"274":{"start":{"line":824,"column":20},"end":{"line":824,"column":60}},"275":{"start":{"line":828,"column":20},"end":{"line":828,"column":78}},"276":{"start":{"line":830,"column":20},"end":{"line":847,"column":21}},"277":{"start":{"line":832,"column":24},"end":{"line":832,"column":93}},"278":{"start":{"line":834,"column":24},"end":{"line":842,"column":27}},"279":{"start":{"line":836,"column":28},"end":{"line":839,"column":29}},"280":{"start":{"line":838,"column":32},"end":{"line":838,"column":47}},"281":{"start":{"line":841,"column":28},"end":{"line":841,"column":92}},"282":{"start":{"line":846,"column":24},"end":{"line":846,"column":72}},"283":{"start":{"line":851,"column":16},"end":{"line":854,"column":17}},"284":{"start":{"line":853,"column":20},"end":{"line":853,"column":38}},"285":{"start":{"line":856,"column":16},"end":{"line":856,"column":50}},"286":{"start":{"line":857,"column":16},"end":{"line":857,"column":34}},"287":{"start":{"line":859,"column":16},"end":{"line":862,"column":19}},"288":{"start":{"line":861,"column":20},"end":{"line":861,"column":38}},"289":{"start":{"line":867,"column":4},"end":{"line":874,"column":5}},"290":{"start":{"line":869,"column":8},"end":{"line":869,"column":32}},"291":{"start":{"line":873,"column":8},"end":{"line":873,"column":36}},"292":{"start":{"line":877,"column":0},"end":{"line":877,"column":42}},"293":{"start":{"line":879,"column":0},"end":{"line":967,"column":2}},"294":{"start":{"line":881,"column":4},"end":{"line":881,"column":19}},"295":{"start":{"line":883,"column":4},"end":{"line":883,"column":30}},"296":{"start":{"line":885,"column":4},"end":{"line":935,"column":5}},"297":{"start":{"line":887,"column":8},"end":{"line":890,"column":9}},"298":{"start":{"line":889,"column":12},"end":{"line":889,"column":27}},"299":{"start":{"line":892,"column":8},"end":{"line":893,"column":46}},"300":{"start":{"line":895,"column":8},"end":{"line":895,"column":31}},"301":{"start":{"line":897,"column":8},"end":{"line":905,"column":9}},"302":{"start":{"line":899,"column":12},"end":{"line":904,"column":13}},"303":{"start":{"line":901,"column":16},"end":{"line":901,"column":35}},"304":{"start":{"line":902,"column":16},"end":{"line":902,"column":34}},"305":{"start":{"line":903,"column":16},"end":{"line":903,"column":21}},"306":{"start":{"line":907,"column":8},"end":{"line":926,"column":11}},"307":{"start":{"line":909,"column":12},"end":{"line":909,"column":26}},"308":{"start":{"line":912,"column":12},"end":{"line":916,"column":13}},"309":{"start":{"line":914,"column":16},"end":{"line":914,"column":30}},"310":{"start":{"line":915,"column":16},"end":{"line":915,"column":24}},"311":{"start":{"line":918,"column":12},"end":{"line":923,"column":13}},"312":{"start":{"line":920,"column":16},"end":{"line":920,"column":29}},"313":{"start":{"line":921,"column":16},"end":{"line":921,"column":36}},"314":{"start":{"line":922,"column":16},"end":{"line":922,"column":38}},"315":{"start":{"line":925,"column":12},"end":{"line":925,"column":19}},"316":{"start":{"line":928,"column":8},"end":{"line":928,"column":33}},"317":{"start":{"line":930,"column":8},"end":{"line":934,"column":9}},"318":{"start":{"line":933,"column":12},"end":{"line":933,"column":21}},"319":{"start":{"line":937,"column":4},"end":{"line":945,"column":5}},"320":{"start":{"line":939,"column":8},"end":{"line":942,"column":9}},"321":{"start":{"line":941,"column":12},"end":{"line":941,"column":38}},"322":{"start":{"line":944,"column":8},"end":{"line":944,"column":51}},"323":{"start":{"line":947,"column":4},"end":{"line":955,"column":5}},"324":{"start":{"line":949,"column":8},"end":{"line":952,"column":9}},"325":{"start":{"line":951,"column":12},"end":{"line":951,"column":24}},"326":{"start":{"line":954,"column":8},"end":{"line":954,"column":38}},"327":{"start":{"line":957,"column":4},"end":{"line":957,"column":25}},"328":{"start":{"line":958,"column":4},"end":{"line":958,"column":54}},"329":{"start":{"line":959,"column":4},"end":{"line":959,"column":50}},"330":{"start":{"line":961,"column":4},"end":{"line":964,"column":5}},"331":{"start":{"line":963,"column":8},"end":{"line":963,"column":32}},"332":{"start":{"line":966,"column":4},"end":{"line":966,"column":43}},"333":{"start":{"line":969,"column":0},"end":{"line":978,"column":2}},"334":{"start":{"line":971,"column":4},"end":{"line":971,"column":42}},"335":{"start":{"line":973,"column":4},"end":{"line":977,"column":6}},"336":{"start":{"line":980,"column":0},"end":{"line":980,"column":36}}},"branchMap":{"1":{"line":143,"type":"if","locations":[{"start":{"line":143,"column":4},"end":{"line":143,"column":4}},{"start":{"line":143,"column":4},"end":{"line":143,"column":4}}]},"2":{"line":160,"type":"binary-expr","locations":[{"start":{"line":160,"column":18},"end":{"line":160,"column":30}},{"start":{"line":160,"column":34},"end":{"line":160,"column":42}}]},"3":{"line":164,"type":"binary-expr","locations":[{"start":{"line":164,"column":15},"end":{"line":164,"column":25}},{"start":{"line":164,"column":29},"end":{"line":164,"column":51}}]},"4":{"line":182,"type":"if","locations":[{"start":{"line":182,"column":8},"end":{"line":182,"column":8}},{"start":{"line":182,"column":8},"end":{"line":182,"column":8}}]},"5":{"line":198,"type":"if","locations":[{"start":{"line":198,"column":12},"end":{"line":198,"column":12}},{"start":{"line":198,"column":12},"end":{"line":198,"column":12}}]},"6":{"line":210,"type":"if","locations":[{"start":{"line":210,"column":16},"end":{"line":210,"column":16}},{"start":{"line":210,"column":16},"end":{"line":210,"column":16}}]},"7":{"line":226,"type":"if","locations":[{"start":{"line":226,"column":20},"end":{"line":226,"column":20}},{"start":{"line":226,"column":20},"end":{"line":226,"column":20}}]},"8":{"line":228,"type":"cond-expr","locations":[{"start":{"line":228,"column":44},"end":{"line":228,"column":73}},{"start":{"line":228,"column":76},"end":{"line":228,"column":80}}]},"9":{"line":243,"type":"if","locations":[{"start":{"line":243,"column":12},"end":{"line":243,"column":12}},{"start":{"line":243,"column":12},"end":{"line":243,"column":12}}]},"10":{"line":251,"type":"if","locations":[{"start":{"line":251,"column":12},"end":{"line":251,"column":12}},{"start":{"line":251,"column":12},"end":{"line":251,"column":12}}]},"11":{"line":259,"type":"if","locations":[{"start":{"line":259,"column":20},"end":{"line":259,"column":20}},{"start":{"line":259,"column":20},"end":{"line":259,"column":20}}]},"12":{"line":268,"type":"if","locations":[{"start":{"line":268,"column":20},"end":{"line":268,"column":20}},{"start":{"line":268,"column":20},"end":{"line":268,"column":20}}]},"13":{"line":277,"type":"if","locations":[{"start":{"line":277,"column":12},"end":{"line":277,"column":12}},{"start":{"line":277,"column":12},"end":{"line":277,"column":12}}]},"14":{"line":290,"type":"if","locations":[{"start":{"line":290,"column":28},"end":{"line":290,"column":28}},{"start":{"line":290,"column":28},"end":{"line":290,"column":28}}]},"15":{"line":300,"type":"if","locations":[{"start":{"line":300,"column":28},"end":{"line":300,"column":28}},{"start":{"line":300,"column":28},"end":{"line":300,"column":28}}]},"16":{"line":305,"type":"if","locations":[{"start":{"line":305,"column":28},"end":{"line":305,"column":28}},{"start":{"line":305,"column":28},"end":{"line":305,"column":28}}]},"17":{"line":313,"type":"if","locations":[{"start":{"line":313,"column":28},"end":{"line":313,"column":28}},{"start":{"line":313,"column":28},"end":{"line":313,"column":28}}]},"18":{"line":318,"type":"cond-expr","locations":[{"start":{"line":318,"column":62},"end":{"line":318,"column":79}},{"start":{"line":318,"column":82},"end":{"line":318,"column":83}}]},"19":{"line":320,"type":"if","locations":[{"start":{"line":320,"column":28},"end":{"line":320,"column":28}},{"start":{"line":320,"column":28},"end":{"line":320,"column":28}}]},"20":{"line":320,"type":"binary-expr","locations":[{"start":{"line":320,"column":32},"end":{"line":320,"column":42}},{"start":{"line":320,"column":47},"end":{"line":320,"column":73}}]},"21":{"line":331,"type":"if","locations":[{"start":{"line":331,"column":36},"end":{"line":331,"column":36}},{"start":{"line":331,"column":36},"end":{"line":331,"column":36}}]},"22":{"line":350,"type":"if","locations":[{"start":{"line":350,"column":32},"end":{"line":350,"column":32}},{"start":{"line":350,"column":32},"end":{"line":350,"column":32}}]},"23":{"line":350,"type":"binary-expr","locations":[{"start":{"line":350,"column":36},"end":{"line":350,"column":50}},{"start":{"line":350,"column":54},"end":{"line":350,"column":58}}]},"24":{"line":356,"type":"if","locations":[{"start":{"line":356,"column":40},"end":{"line":356,"column":40}},{"start":{"line":356,"column":40},"end":{"line":356,"column":40}}]},"25":{"line":356,"type":"binary-expr","locations":[{"start":{"line":356,"column":45},"end":{"line":356,"column":66}},{"start":{"line":357,"column":45},"end":{"line":357,"column":63}}]},"26":{"line":366,"type":"if","locations":[{"start":{"line":366,"column":32},"end":{"line":366,"column":32}},{"start":{"line":366,"column":32},"end":{"line":366,"column":32}}]},"27":{"line":371,"type":"if","locations":[{"start":{"line":371,"column":32},"end":{"line":371,"column":32}},{"start":{"line":371,"column":32},"end":{"line":371,"column":32}}]},"28":{"line":378,"type":"cond-expr","locations":[{"start":{"line":378,"column":61},"end":{"line":378,"column":69}},{"start":{"line":378,"column":72},"end":{"line":378,"column":85}}]},"29":{"line":382,"type":"if","locations":[{"start":{"line":382,"column":36},"end":{"line":382,"column":36}},{"start":{"line":382,"column":36},"end":{"line":382,"column":36}}]},"30":{"line":387,"type":"if","locations":[{"start":{"line":387,"column":36},"end":{"line":387,"column":36}},{"start":{"line":387,"column":36},"end":{"line":387,"column":36}}]},"31":{"line":392,"type":"if","locations":[{"start":{"line":392,"column":36},"end":{"line":392,"column":36}},{"start":{"line":392,"column":36},"end":{"line":392,"column":36}}]},"32":{"line":397,"type":"if","locations":[{"start":{"line":397,"column":36},"end":{"line":397,"column":36}},{"start":{"line":397,"column":36},"end":{"line":397,"column":36}}]},"33":{"line":410,"type":"if","locations":[{"start":{"line":410,"column":24},"end":{"line":410,"column":24}},{"start":{"line":410,"column":24},"end":{"line":410,"column":24}}]},"34":{"line":421,"type":"cond-expr","locations":[{"start":{"line":421,"column":54},"end":{"line":421,"column":63}},{"start":{"line":421,"column":66},"end":{"line":421,"column":78}}]},"35":{"line":433,"type":"if","locations":[{"start":{"line":433,"column":28},"end":{"line":433,"column":28}},{"start":{"line":433,"column":28},"end":{"line":433,"column":28}}]},"36":{"line":448,"type":"if","locations":[{"start":{"line":448,"column":24},"end":{"line":448,"column":24}},{"start":{"line":448,"column":24},"end":{"line":448,"column":24}}]},"37":{"line":495,"type":"if","locations":[{"start":{"line":495,"column":28},"end":{"line":495,"column":28}},{"start":{"line":495,"column":28},"end":{"line":495,"column":28}}]},"38":{"line":504,"type":"if","locations":[{"start":{"line":504,"column":28},"end":{"line":504,"column":28}},{"start":{"line":504,"column":28},"end":{"line":504,"column":28}}]},"39":{"line":519,"type":"if","locations":[{"start":{"line":519,"column":32},"end":{"line":519,"column":32}},{"start":{"line":519,"column":32},"end":{"line":519,"column":32}}]},"40":{"line":524,"type":"if","locations":[{"start":{"line":524,"column":32},"end":{"line":524,"column":32}},{"start":{"line":524,"column":32},"end":{"line":524,"column":32}}]},"41":{"line":531,"type":"if","locations":[{"start":{"line":531,"column":32},"end":{"line":531,"column":32}},{"start":{"line":531,"column":32},"end":{"line":531,"column":32}}]},"42":{"line":535,"type":"if","locations":[{"start":{"line":535,"column":36},"end":{"line":535,"column":36}},{"start":{"line":535,"column":36},"end":{"line":535,"column":36}}]},"43":{"line":546,"type":"if","locations":[{"start":{"line":546,"column":28},"end":{"line":546,"column":28}},{"start":{"line":546,"column":28},"end":{"line":546,"column":28}}]},"44":{"line":555,"type":"if","locations":[{"start":{"line":555,"column":36},"end":{"line":555,"column":36}},{"start":{"line":555,"column":36},"end":{"line":555,"column":36}}]},"45":{"line":564,"type":"if","locations":[{"start":{"line":564,"column":36},"end":{"line":564,"column":36}},{"start":{"line":564,"column":36},"end":{"line":564,"column":36}}]},"46":{"line":567,"type":"cond-expr","locations":[{"start":{"line":567,"column":65},"end":{"line":567,"column":89}},{"start":{"line":567,"column":92},"end":{"line":567,"column":115}}]},"47":{"line":573,"type":"if","locations":[{"start":{"line":573,"column":36},"end":{"line":573,"column":36}},{"start":{"line":573,"column":36},"end":{"line":573,"column":36}}]},"48":{"line":582,"type":"if","locations":[{"start":{"line":582,"column":28},"end":{"line":582,"column":28}},{"start":{"line":582,"column":28},"end":{"line":582,"column":28}}]},"49":{"line":594,"type":"if","locations":[{"start":{"line":594,"column":28},"end":{"line":594,"column":28}},{"start":{"line":594,"column":28},"end":{"line":594,"column":28}}]},"50":{"line":608,"type":"if","locations":[{"start":{"line":608,"column":28},"end":{"line":608,"column":28}},{"start":{"line":608,"column":28},"end":{"line":608,"column":28}}]},"51":{"line":613,"type":"if","locations":[{"start":{"line":613,"column":28},"end":{"line":613,"column":28}},{"start":{"line":613,"column":28},"end":{"line":613,"column":28}}]},"52":{"line":630,"type":"if","locations":[{"start":{"line":630,"column":32},"end":{"line":630,"column":32}},{"start":{"line":630,"column":32},"end":{"line":630,"column":32}}]},"53":{"line":634,"type":"binary-expr","locations":[{"start":{"line":634,"column":41},"end":{"line":634,"column":47}},{"start":{"line":634,"column":51},"end":{"line":634,"column":53}}]},"54":{"line":655,"type":"if","locations":[{"start":{"line":655,"column":24},"end":{"line":655,"column":24}},{"start":{"line":655,"column":24},"end":{"line":655,"column":24}}]},"55":{"line":662,"type":"if","locations":[{"start":{"line":662,"column":32},"end":{"line":662,"column":32}},{"start":{"line":662,"column":32},"end":{"line":662,"column":32}}]},"56":{"line":666,"type":"if","locations":[{"start":{"line":666,"column":36},"end":{"line":666,"column":36}},{"start":{"line":666,"column":36},"end":{"line":666,"column":36}}]},"57":{"line":674,"type":"if","locations":[{"start":{"line":674,"column":32},"end":{"line":674,"column":32}},{"start":{"line":674,"column":32},"end":{"line":674,"column":32}}]},"58":{"line":678,"type":"if","locations":[{"start":{"line":678,"column":36},"end":{"line":678,"column":36}},{"start":{"line":678,"column":36},"end":{"line":678,"column":36}}]},"59":{"line":683,"type":"if","locations":[{"start":{"line":683,"column":36},"end":{"line":683,"column":36}},{"start":{"line":683,"column":36},"end":{"line":683,"column":36}}]},"60":{"line":686,"type":"if","locations":[{"start":{"line":686,"column":40},"end":{"line":686,"column":40}},{"start":{"line":686,"column":40},"end":{"line":686,"column":40}}]},"61":{"line":695,"type":"if","locations":[{"start":{"line":695,"column":32},"end":{"line":695,"column":32}},{"start":{"line":695,"column":32},"end":{"line":695,"column":32}}]},"62":{"line":705,"type":"if","locations":[{"start":{"line":705,"column":24},"end":{"line":705,"column":24}},{"start":{"line":705,"column":24},"end":{"line":705,"column":24}}]},"63":{"line":711,"type":"if","locations":[{"start":{"line":711,"column":32},"end":{"line":711,"column":32}},{"start":{"line":711,"column":32},"end":{"line":711,"column":32}}]},"64":{"line":715,"type":"if","locations":[{"start":{"line":715,"column":36},"end":{"line":715,"column":36}},{"start":{"line":715,"column":36},"end":{"line":715,"column":36}}]},"65":{"line":724,"type":"if","locations":[{"start":{"line":724,"column":32},"end":{"line":724,"column":32}},{"start":{"line":724,"column":32},"end":{"line":724,"column":32}}]},"66":{"line":726,"type":"if","locations":[{"start":{"line":726,"column":36},"end":{"line":726,"column":36}},{"start":{"line":726,"column":36},"end":{"line":726,"column":36}}]},"67":{"line":773,"type":"if","locations":[{"start":{"line":773,"column":24},"end":{"line":773,"column":24}},{"start":{"line":773,"column":24},"end":{"line":773,"column":24}}]},"68":{"line":775,"type":"if","locations":[{"start":{"line":775,"column":28},"end":{"line":775,"column":28}},{"start":{"line":775,"column":28},"end":{"line":775,"column":28}}]},"69":{"line":779,"type":"if","locations":[{"start":{"line":779,"column":36},"end":{"line":779,"column":36}},{"start":{"line":779,"column":36},"end":{"line":779,"column":36}}]},"70":{"line":791,"type":"if","locations":[{"start":{"line":791,"column":24},"end":{"line":791,"column":24}},{"start":{"line":791,"column":24},"end":{"line":791,"column":24}}]},"71":{"line":798,"type":"if","locations":[{"start":{"line":798,"column":36},"end":{"line":798,"column":36}},{"start":{"line":798,"column":36},"end":{"line":798,"column":36}}]},"72":{"line":805,"type":"if","locations":[{"start":{"line":805,"column":40},"end":{"line":805,"column":40}},{"start":{"line":805,"column":40},"end":{"line":805,"column":40}}]},"73":{"line":822,"type":"if","locations":[{"start":{"line":822,"column":16},"end":{"line":822,"column":16}},{"start":{"line":822,"column":16},"end":{"line":822,"column":16}}]},"74":{"line":830,"type":"if","locations":[{"start":{"line":830,"column":20},"end":{"line":830,"column":20}},{"start":{"line":830,"column":20},"end":{"line":830,"column":20}}]},"75":{"line":836,"type":"if","locations":[{"start":{"line":836,"column":28},"end":{"line":836,"column":28}},{"start":{"line":836,"column":28},"end":{"line":836,"column":28}}]},"76":{"line":851,"type":"if","locations":[{"start":{"line":851,"column":16},"end":{"line":851,"column":16}},{"start":{"line":851,"column":16},"end":{"line":851,"column":16}}]},"77":{"line":867,"type":"if","locations":[{"start":{"line":867,"column":4},"end":{"line":867,"column":4}},{"start":{"line":867,"column":4},"end":{"line":867,"column":4}}]},"78":{"line":883,"type":"binary-expr","locations":[{"start":{"line":883,"column":9},"end":{"line":883,"column":11}},{"start":{"line":883,"column":15},"end":{"line":883,"column":29}}]},"79":{"line":887,"type":"if","locations":[{"start":{"line":887,"column":8},"end":{"line":887,"column":8}},{"start":{"line":887,"column":8},"end":{"line":887,"column":8}}]},"80":{"line":899,"type":"if","locations":[{"start":{"line":899,"column":12},"end":{"line":899,"column":12}},{"start":{"line":899,"column":12},"end":{"line":899,"column":12}}]},"81":{"line":899,"type":"binary-expr","locations":[{"start":{"line":899,"column":16},"end":{"line":899,"column":22}},{"start":{"line":899,"column":27},"end":{"line":899,"column":50}}]},"82":{"line":918,"type":"if","locations":[{"start":{"line":918,"column":12},"end":{"line":918,"column":12}},{"start":{"line":918,"column":12},"end":{"line":918,"column":12}}]},"83":{"line":939,"type":"if","locations":[{"start":{"line":939,"column":8},"end":{"line":939,"column":8}},{"start":{"line":939,"column":8},"end":{"line":939,"column":8}}]},"84":{"line":947,"type":"if","locations":[{"start":{"line":947,"column":4},"end":{"line":947,"column":4}},{"start":{"line":947,"column":4},"end":{"line":947,"column":4}}]},"85":{"line":949,"type":"if","locations":[{"start":{"line":949,"column":8},"end":{"line":949,"column":8}},{"start":{"line":949,"column":8},"end":{"line":949,"column":8}}]},"86":{"line":961,"type":"if","locations":[{"start":{"line":961,"column":4},"end":{"line":961,"column":4}},{"start":{"line":961,"column":4},"end":{"line":961,"column":4}}]},"87":{"line":976,"type":"binary-expr","locations":[{"start":{"line":976,"column":17},"end":{"line":976,"column":28}},{"start":{"line":976,"column":32},"end":{"line":976,"column":43}}]}}},"/home/david/centro/lib/transports/in-mem.js":{"path":"/home/david/centro/lib/transports/in-mem.js","s":{"1":1,"2":1,"3":241,"4":241,"5":241,"6":241,"7":1,"8":1,"9":1816,"10":0,"11":0,"12":0,"13":1,"14":2006,"15":2006,"16":0,"17":1,"18":241,"19":241,"20":241,"21":241,"22":1,"23":1,"24":2233,"25":0,"26":0,"27":0,"28":1,"29":2236,"30":2236,"31":0,"32":1,"33":36,"34":36,"35":34,"36":210,"37":210,"38":210,"39":12,"40":198,"41":42,"42":198,"43":210,"44":1},"b":{"1":[0,1816],"2":[2006,0],"3":[0,2233],"4":[2236,0],"5":[36,36],"6":[12,198]},"f":{"1":241,"2":241,"3":1816,"4":2006,"5":241,"6":241,"7":2233,"8":2236,"9":36,"10":34,"11":210,"12":210,"13":42,"14":198},"fnMap":{"1":{"name":"RightDuplex","line":4,"loc":{"start":{"line":4,"column":0},"end":{"line":5,"column":0}}},"2":{"name":"(anonymous_2)","line":8,"loc":{"start":{"line":8,"column":22},"end":{"line":9,"column":4}}},"3":{"name":"(anonymous_3)","line":16,"loc":{"start":{"line":16,"column":30},"end":{"line":17,"column":0}}},"4":{"name":"(anonymous_4)","line":26,"loc":{"start":{"line":26,"column":31},"end":{"line":27,"column":0}}},"5":{"name":"LeftDuplex","line":38,"loc":{"start":{"line":38,"column":0},"end":{"line":39,"column":0}}},"6":{"name":"(anonymous_6)","line":42,"loc":{"start":{"line":42,"column":22},"end":{"line":43,"column":4}}},"7":{"name":"(anonymous_7)","line":50,"loc":{"start":{"line":50,"column":29},"end":{"line":51,"column":0}}},"8":{"name":"(anonymous_8)","line":60,"loc":{"start":{"line":60,"column":30},"end":{"line":61,"column":0}}},"9":{"name":"(anonymous_9)","line":72,"loc":{"start":{"line":72,"column":17},"end":{"line":73,"column":0}}},"10":{"name":"(anonymous_10)","line":78,"loc":{"start":{"line":78,"column":15},"end":{"line":79,"column":8}}},"11":{"name":"(anonymous_11)","line":83,"loc":{"start":{"line":83,"column":17},"end":{"line":84,"column":8}}},"12":{"name":"(anonymous_12)","line":90,"loc":{"start":{"line":90,"column":34},"end":{"line":91,"column":12}}},"13":{"name":"(anonymous_13)","line":99,"loc":{"start":{"line":99,"column":26},"end":{"line":100,"column":26}}},"14":{"name":"(anonymous_14)","line":103,"loc":{"start":{"line":103,"column":26},"end":{"line":104,"column":26}}}},"statementMap":{"1":{"start":{"line":1,"column":0},"end":{"line":2,"column":38}},"2":{"start":{"line":4,"column":0},"end":{"line":12,"column":1}},"3":{"start":{"line":6,"column":4},"end":{"line":6,"column":31}},"4":{"start":{"line":7,"column":4},"end":{"line":7,"column":21}},"5":{"start":{"line":8,"column":4},"end":{"line":11,"column":7}},"6":{"start":{"line":10,"column":8},"end":{"line":10,"column":24}},"7":{"start":{"line":14,"column":0},"end":{"line":14,"column":35}},"8":{"start":{"line":16,"column":0},"end":{"line":24,"column":2}},"9":{"start":{"line":18,"column":4},"end":{"line":23,"column":5}},"10":{"start":{"line":20,"column":8},"end":{"line":20,"column":25}},"11":{"start":{"line":21,"column":8},"end":{"line":21,"column":24}},"12":{"start":{"line":22,"column":8},"end":{"line":22,"column":13}},"13":{"start":{"line":26,"column":0},"end":{"line":36,"column":2}},"14":{"start":{"line":28,"column":4},"end":{"line":35,"column":5}},"15":{"start":{"line":30,"column":8},"end":{"line":30,"column":13}},"16":{"start":{"line":34,"column":8},"end":{"line":34,"column":27}},"17":{"start":{"line":38,"column":0},"end":{"line":46,"column":1}},"18":{"start":{"line":40,"column":4},"end":{"line":40,"column":31}},"19":{"start":{"line":41,"column":4},"end":{"line":41,"column":48}},"20":{"start":{"line":42,"column":4},"end":{"line":45,"column":18}},"21":{"start":{"line":44,"column":8},"end":{"line":44,"column":30}},"22":{"start":{"line":48,"column":0},"end":{"line":48,"column":34}},"23":{"start":{"line":50,"column":0},"end":{"line":58,"column":2}},"24":{"start":{"line":52,"column":4},"end":{"line":57,"column":5}},"25":{"start":{"line":54,"column":8},"end":{"line":54,"column":26}},"26":{"start":{"line":55,"column":8},"end":{"line":55,"column":24}},"27":{"start":{"line":56,"column":8},"end":{"line":56,"column":13}},"28":{"start":{"line":60,"column":0},"end":{"line":70,"column":2}},"29":{"start":{"line":62,"column":4},"end":{"line":69,"column":5}},"30":{"start":{"line":64,"column":8},"end":{"line":64,"column":13}},"31":{"start":{"line":68,"column":8},"end":{"line":68,"column":28}},"32":{"start":{"line":72,"column":0},"end":{"line":112,"column":2}},"33":{"start":{"line":74,"column":4},"end":{"line":74,"column":40}},"34":{"start":{"line":76,"column":4},"end":{"line":111,"column":7}},"35":{"start":{"line":80,"column":12},"end":{"line":80,"column":17}},"36":{"start":{"line":85,"column":12},"end":{"line":88,"column":24}},"37":{"start":{"line":90,"column":12},"end":{"line":107,"column":15}},"38":{"start":{"line":92,"column":16},"end":{"line":95,"column":17}},"39":{"start":{"line":94,"column":20},"end":{"line":94,"column":44}},"40":{"start":{"line":97,"column":16},"end":{"line":106,"column":29}},"41":{"start":{"line":101,"column":30},"end":{"line":101,"column":47}},"42":{"start":{"line":105,"column":30},"end":{"line":105,"column":55}},"43":{"start":{"line":109,"column":12},"end":{"line":109,"column":27}},"44":{"start":{"line":114,"column":0},"end":{"line":114,"column":39}}},"branchMap":{"1":{"line":18,"type":"if","locations":[{"start":{"line":18,"column":4},"end":{"line":18,"column":4}},{"start":{"line":18,"column":4},"end":{"line":18,"column":4}}]},"2":{"line":28,"type":"if","locations":[{"start":{"line":28,"column":4},"end":{"line":28,"column":4}},{"start":{"line":28,"column":4},"end":{"line":28,"column":4}}]},"3":{"line":52,"type":"if","locations":[{"start":{"line":52,"column":4},"end":{"line":52,"column":4}},{"start":{"line":52,"column":4},"end":{"line":52,"column":4}}]},"4":{"line":62,"type":"if","locations":[{"start":{"line":62,"column":4},"end":{"line":62,"column":4}},{"start":{"line":62,"column":4},"end":{"line":62,"column":4}}]},"5":{"line":74,"type":"binary-expr","locations":[{"start":{"line":74,"column":13},"end":{"line":74,"column":29}},{"start":{"line":74,"column":33},"end":{"line":74,"column":39}}]},"6":{"line":92,"type":"if","locations":[{"start":{"line":92,"column":16},"end":{"line":92,"column":16}},{"start":{"line":92,"column":16},"end":{"line":92,"column":16}}]}}},"/home/david/centro/lib/transports/tcp.js":{"path":"/home/david/centro/lib/transports/tcp.js","s":{"1":1,"2":1,"3":6,"4":6,"5":6,"6":35,"7":35,"8":2,"9":33,"10":7,"11":33,"12":6,"13":1,"14":6,"15":6,"16":0,"17":6,"18":6,"19":0,"20":0,"21":0,"22":6},"b":{"1":[6,6],"2":[6,6],"3":[2,33],"4":[0,6],"5":[0,6],"6":[0,0]},"f":{"1":6,"2":35,"3":35,"4":7,"5":33,"6":6,"7":6},"fnMap":{"1":{"name":"(anonymous_1)","line":3,"loc":{"start":{"line":3,"column":17},"end":{"line":4,"column":0}}},"2":{"name":"(anonymous_2)","line":9,"loc":{"start":{"line":9,"column":28},"end":{"line":10,"column":4}}},"3":{"name":"(anonymous_3)","line":11,"loc":{"start":{"line":11,"column":24},"end":{"line":12,"column":8}}},"4":{"name":"(anonymous_4)","line":20,"loc":{"start":{"line":20,"column":22},"end":{"line":21,"column":22}}},"5":{"name":"(anonymous_5)","line":24,"loc":{"start":{"line":24,"column":22},"end":{"line":25,"column":22}}},"6":{"name":"listening","line":33,"loc":{"start":{"line":33,"column":4},"end":{"line":34,"column":4}}},"7":{"name":"(anonymous_7)","line":37,"loc":{"start":{"line":37,"column":19},"end":{"line":38,"column":12}}}},"statementMap":{"1":{"start":{"line":1,"column":0},"end":{"line":1,"column":25}},"2":{"start":{"line":3,"column":0},"end":{"line":66,"column":2}},"3":{"start":{"line":5,"column":4},"end":{"line":5,"column":34}},"4":{"start":{"line":7,"column":4},"end":{"line":7,"column":59}},"5":{"start":{"line":9,"column":4},"end":{"line":29,"column":7}},"6":{"start":{"line":11,"column":8},"end":{"line":28,"column":11}},"7":{"start":{"line":13,"column":12},"end":{"line":16,"column":13}},"8":{"start":{"line":15,"column":16},"end":{"line":15,"column":38}},"9":{"start":{"line":18,"column":12},"end":{"line":27,"column":25}},"10":{"start":{"line":22,"column":26},"end":{"line":22,"column":41}},"11":{"start":{"line":26,"column":26},"end":{"line":26,"column":47}},"12":{"start":{"line":31,"column":4},"end":{"line":31,"column":30}},"13":{"start":{"line":33,"column":4},"end":{"line":49,"column":5}},"14":{"start":{"line":35,"column":8},"end":{"line":48,"column":11}},"15":{"start":{"line":39,"column":16},"end":{"line":46,"column":17}},"16":{"start":{"line":41,"column":20},"end":{"line":41,"column":25}},"17":{"start":{"line":45,"column":20},"end":{"line":45,"column":37}},"18":{"start":{"line":51,"column":4},"end":{"line":65,"column":5}},"19":{"start":{"line":53,"column":8},"end":{"line":60,"column":9}},"20":{"start":{"line":55,"column":12},"end":{"line":55,"column":48}},"21":{"start":{"line":59,"column":12},"end":{"line":59,"column":24}},"22":{"start":{"line":64,"column":8},"end":{"line":64,"column":41}}},"branchMap":{"1":{"line":5,"type":"binary-expr","locations":[{"start":{"line":5,"column":13},"end":{"line":5,"column":23}},{"start":{"line":5,"column":27},"end":{"line":5,"column":33}}]},"2":{"line":7,"type":"binary-expr","locations":[{"start":{"line":7,"column":17},"end":{"line":7,"column":30}},{"start":{"line":7,"column":34},"end":{"line":7,"column":58}}]},"3":{"line":13,"type":"if","locations":[{"start":{"line":13,"column":12},"end":{"line":13,"column":12}},{"start":{"line":13,"column":12},"end":{"line":13,"column":12}}]},"4":{"line":39,"type":"if","locations":[{"start":{"line":39,"column":16},"end":{"line":39,"column":16}},{"start":{"line":39,"column":16},"end":{"line":39,"column":16}}]},"5":{"line":51,"type":"if","locations":[{"start":{"line":51,"column":4},"end":{"line":51,"column":4}},{"start":{"line":51,"column":4},"end":{"line":51,"column":4}}]},"6":{"line":53,"type":"if","locations":[{"start":{"line":53,"column":8},"end":{"line":53,"column":8}},{"start":{"line":53,"column":8},"end":{"line":53,"column":8}}]}}},"/home/david/centro/lib/transports/primus.js":{"path":"/home/david/centro/lib/transports/primus.js","s":{"1":1,"2":1,"3":6,"4":6,"5":6,"6":35,"7":35,"8":2,"9":33,"10":33,"11":6,"12":33,"13":7,"14":7,"15":33,"16":6,"17":1,"18":6,"19":6,"20":1,"21":6,"22":6,"23":0,"24":6,"25":0,"26":6},"b":{"1":[6,6],"2":[6,6],"3":[0,6],"4":[2,33],"5":[6,0],"6":[0,6]},"f":{"1":6,"2":35,"3":35,"4":33,"5":7,"6":33,"7":6,"8":6,"9":6},"fnMap":{"1":{"name":"(anonymous_1)","line":5,"loc":{"start":{"line":5,"column":17},"end":{"line":6,"column":0}}},"2":{"name":"(anonymous_2)","line":14,"loc":{"start":{"line":14,"column":21},"end":{"line":15,"column":4}}},"3":{"name":"(anonymous_3)","line":16,"loc":{"start":{"line":16,"column":23},"end":{"line":17,"column":8}}},"4":{"name":"(anonymous_4)","line":29,"loc":{"start":{"line":29,"column":28},"end":{"line":30,"column":4}}},"5":{"name":"(anonymous_5)","line":36,"loc":{"start":{"line":36,"column":18},"end":{"line":37,"column":18}}},"6":{"name":"(anonymous_6)","line":41,"loc":{"start":{"line":41,"column":18},"end":{"line":42,"column":18}}},"7":{"name":"initialised","line":49,"loc":{"start":{"line":49,"column":4},"end":{"line":50,"column":4}}},"8":{"name":"(anonymous_8)","line":53,"loc":{"start":{"line":53,"column":19},"end":{"line":54,"column":12}}},"9":{"name":"listening","line":62,"loc":{"start":{"line":62,"column":4},"end":{"line":63,"column":4}}}},"statementMap":{"1":{"start":{"line":2,"column":0},"end":{"line":3,"column":63}},"2":{"start":{"line":5,"column":0},"end":{"line":82,"column":2}},"3":{"start":{"line":7,"column":4},"end":{"line":7,"column":37}},"4":{"start":{"line":9,"column":4},"end":{"line":12,"column":64}},"5":{"start":{"line":14,"column":4},"end":{"line":27,"column":7}},"6":{"start":{"line":16,"column":8},"end":{"line":26,"column":11}},"7":{"start":{"line":18,"column":12},"end":{"line":21,"column":13}},"8":{"start":{"line":20,"column":16},"end":{"line":20,"column":31}},"9":{"start":{"line":23,"column":12},"end":{"line":23,"column":40}},"10":{"start":{"line":25,"column":12},"end":{"line":25,"column":17}},"11":{"start":{"line":29,"column":4},"end":{"line":45,"column":7}},"12":{"start":{"line":31,"column":8},"end":{"line":44,"column":21}},"13":{"start":{"line":38,"column":22},"end":{"line":38,"column":53}},"14":{"start":{"line":39,"column":22},"end":{"line":39,"column":34}},"15":{"start":{"line":43,"column":22},"end":{"line":43,"column":59}},"16":{"start":{"line":47,"column":4},"end":{"line":47,"column":30}},"17":{"start":{"line":49,"column":4},"end":{"line":60,"column":5}},"18":{"start":{"line":51,"column":8},"end":{"line":59,"column":11}},"19":{"start":{"line":55,"column":16},"end":{"line":55,"column":43}},"20":{"start":{"line":62,"column":4},"end":{"line":72,"column":5}},"21":{"start":{"line":64,"column":8},"end":{"line":71,"column":9}},"22":{"start":{"line":66,"column":12},"end":{"line":66,"column":26}},"23":{"start":{"line":70,"column":12},"end":{"line":70,"column":50}},"24":{"start":{"line":74,"column":4},"end":{"line":81,"column":5}},"25":{"start":{"line":76,"column":8},"end":{"line":76,"column":51}},"26":{"start":{"line":80,"column":8},"end":{"line":80,"column":20}}},"branchMap":{"1":{"line":7,"type":"binary-expr","locations":[{"start":{"line":7,"column":13},"end":{"line":7,"column":26}},{"start":{"line":7,"column":30},"end":{"line":7,"column":36}}]},"2":{"line":10,"type":"binary-expr","locations":[{"start":{"line":10,"column":17},"end":{"line":10,"column":30}},{"start":{"line":11,"column":18},"end":{"line":12,"column":62}}]},"3":{"line":11,"type":"cond-expr","locations":[{"start":{"line":11,"column":34},"end":{"line":11,"column":68}},{"start":{"line":12,"column":34},"end":{"line":12,"column":62}}]},"4":{"line":18,"type":"if","locations":[{"start":{"line":18,"column":12},"end":{"line":18,"column":12}},{"start":{"line":18,"column":12},"end":{"line":18,"column":12}}]},"5":{"line":64,"type":"if","locations":[{"start":{"line":64,"column":8},"end":{"line":64,"column":8}},{"start":{"line":64,"column":8},"end":{"line":64,"column":8}}]},"6":{"line":74,"type":"if","locations":[{"start":{"line":74,"column":4},"end":{"line":74,"column":4}},{"start":{"line":74,"column":4},"end":{"line":74,"column":4}}]}}},"/home/david/centro/lib/transports/http.js":{"path":"/home/david/centro/lib/transports/http.js","s":{"1":1,"2":1,"3":6,"4":6,"5":6,"6":31,"7":1,"8":37,"9":37,"10":37,"11":11,"12":37,"13":37,"14":37,"15":37,"16":37,"17":37,"18":0,"19":31,"20":31,"21":0,"22":31,"23":31,"24":0,"25":0,"26":31,"27":31,"28":5,"29":5,"30":31,"31":31,"32":31,"33":1,"34":31,"35":31,"36":31,"37":31,"38":0,"39":31,"40":31,"41":31,"42":31,"43":31,"44":10,"45":21,"46":0,"47":6,"48":1,"49":6,"50":6,"51":0,"52":6,"53":6,"54":0,"55":0,"56":0,"57":6},"b":{"1":[6,6],"2":[6,6],"3":[37,11],"4":[26,11],"5":[11,11],"6":[11,26],"7":[37,0],"8":[0,31],"9":[0,31],"10":[0,0],"11":[0,0],"12":[0,0],"13":[0,0],"14":[0,31],"15":[31,0],"16":[10,21],"17":[0,6],"18":[0,6],"19":[0,0]},"f":{"1":6,"2":31,"3":37,"4":31,"5":5,"6":31,"7":1,"8":31,"9":31,"10":6,"11":6},"fnMap":{"1":{"name":"(anonymous_1)","line":5,"loc":{"start":{"line":5,"column":17},"end":{"line":6,"column":0}}},"2":{"name":"(anonymous_2)","line":11,"loc":{"start":{"line":11,"column":25},"end":{"line":12,"column":4}}},"3":{"name":"done","line":15,"loc":{"start":{"line":15,"column":8},"end":{"line":16,"column":8}}},"4":{"name":"(anonymous_4)","line":55,"loc":{"start":{"line":55,"column":23},"end":{"line":56,"column":8}}},"5":{"name":"(anonymous_5)","line":77,"loc":{"start":{"line":77,"column":22},"end":{"line":78,"column":22}}},"6":{"name":"(anonymous_6)","line":82,"loc":{"start":{"line":82,"column":22},"end":{"line":83,"column":22}}},"7":{"name":"(anonymous_7)","line":89,"loc":{"start":{"line":89,"column":33},"end":{"line":90,"column":12}}},"8":{"name":"(anonymous_8)","line":94,"loc":{"start":{"line":94,"column":33},"end":{"line":95,"column":12}}},"9":{"name":"(anonymous_9)","line":115,"loc":{"start":{"line":115,"column":20},"end":{"line":116,"column":20}}},"10":{"name":"listening","line":135,"loc":{"start":{"line":135,"column":4},"end":{"line":136,"column":4}}},"11":{"name":"(anonymous_11)","line":139,"loc":{"start":{"line":139,"column":19},"end":{"line":140,"column":12}}}},"statementMap":{"1":{"start":{"line":1,"column":0},"end":{"line":3,"column":30}},"2":{"start":{"line":5,"column":0},"end":{"line":168,"column":2}},"3":{"start":{"line":7,"column":4},"end":{"line":7,"column":35}},"4":{"start":{"line":9,"column":4},"end":{"line":9,"column":54}},"5":{"start":{"line":11,"column":4},"end":{"line":131,"column":7}},"6":{"start":{"line":13,"column":8},"end":{"line":13,"column":17}},"7":{"start":{"line":15,"column":8},"end":{"line":46,"column":9}},"8":{"start":{"line":17,"column":12},"end":{"line":17,"column":31}},"9":{"start":{"line":18,"column":12},"end":{"line":19,"column":44}},"10":{"start":{"line":21,"column":12},"end":{"line":24,"column":13}},"11":{"start":{"line":23,"column":16},"end":{"line":23,"column":29}},"12":{"start":{"line":26,"column":12},"end":{"line":45,"column":13}},"13":{"start":{"line":28,"column":16},"end":{"line":31,"column":17}},"14":{"start":{"line":30,"column":20},"end":{"line":30,"column":31}},"15":{"start":{"line":33,"column":16},"end":{"line":40,"column":17}},"16":{"start":{"line":35,"column":20},"end":{"line":35,"column":49}},"17":{"start":{"line":39,"column":20},"end":{"line":39,"column":34}},"18":{"start":{"line":44,"column":16},"end":{"line":44,"column":28}},"19":{"start":{"line":48,"column":8},"end":{"line":48,"column":54}},"20":{"start":{"line":50,"column":8},"end":{"line":53,"column":9}},"21":{"start":{"line":52,"column":12},"end":{"line":52,"column":42}},"22":{"start":{"line":55,"column":8},"end":{"line":130,"column":11}},"23":{"start":{"line":57,"column":12},"end":{"line":68,"column":13}},"24":{"start":{"line":59,"column":16},"end":{"line":59,"column":49}},"25":{"start":{"line":61,"column":16},"end":{"line":67,"column":43}},"26":{"start":{"line":70,"column":12},"end":{"line":73,"column":24}},"27":{"start":{"line":75,"column":12},"end":{"line":85,"column":25}},"28":{"start":{"line":79,"column":26},"end":{"line":79,"column":43}},"29":{"start":{"line":80,"column":26},"end":{"line":80,"column":46}},"30":{"start":{"line":84,"column":26},"end":{"line":84,"column":51}},"31":{"start":{"line":87,"column":12},"end":{"line":87,"column":54}},"32":{"start":{"line":89,"column":12},"end":{"line":92,"column":15}},"33":{"start":{"line":91,"column":16},"end":{"line":91,"column":38}},"34":{"start":{"line":94,"column":12},"end":{"line":129,"column":15}},"35":{"start":{"line":96,"column":16},"end":{"line":128,"column":17}},"36":{"start":{"line":98,"column":20},"end":{"line":100,"column":22}},"37":{"start":{"line":102,"column":20},"end":{"line":105,"column":21}},"38":{"start":{"line":104,"column":24},"end":{"line":104,"column":62}},"39":{"start":{"line":107,"column":20},"end":{"line":107,"column":30}},"40":{"start":{"line":109,"column":20},"end":{"line":112,"column":21}},"41":{"start":{"line":111,"column":24},"end":{"line":111,"column":50}},"42":{"start":{"line":114,"column":20},"end":{"line":123,"column":24}},"43":{"start":{"line":117,"column":24},"end":{"line":120,"column":25}},"44":{"start":{"line":119,"column":28},"end":{"line":119,"column":57}},"45":{"start":{"line":122,"column":24},"end":{"line":122,"column":38}},"46":{"start":{"line":127,"column":20},"end":{"line":127,"column":41}},"47":{"start":{"line":133,"column":4},"end":{"line":133,"column":30}},"48":{"start":{"line":135,"column":4},"end":{"line":151,"column":5}},"49":{"start":{"line":137,"column":8},"end":{"line":150,"column":11}},"50":{"start":{"line":141,"column":16},"end":{"line":148,"column":17}},"51":{"start":{"line":143,"column":20},"end":{"line":143,"column":25}},"52":{"start":{"line":147,"column":20},"end":{"line":147,"column":37}},"53":{"start":{"line":153,"column":4},"end":{"line":167,"column":5}},"54":{"start":{"line":155,"column":8},"end":{"line":162,"column":9}},"55":{"start":{"line":157,"column":12},"end":{"line":157,"column":48}},"56":{"start":{"line":161,"column":12},"end":{"line":161,"column":24}},"57":{"start":{"line":166,"column":8},"end":{"line":166,"column":41}}},"branchMap":{"1":{"line":7,"type":"binary-expr","locations":[{"start":{"line":7,"column":13},"end":{"line":7,"column":24}},{"start":{"line":7,"column":28},"end":{"line":7,"column":34}}]},"2":{"line":9,"type":"binary-expr","locations":[{"start":{"line":9,"column":17},"end":{"line":9,"column":30}},{"start":{"line":9,"column":34},"end":{"line":9,"column":53}}]},"3":{"line":17,"type":"binary-expr","locations":[{"start":{"line":17,"column":19},"end":{"line":17,"column":23}},{"start":{"line":17,"column":27},"end":{"line":17,"column":30}}]},"4":{"line":18,"type":"cond-expr","locations":[{"start":{"line":18,"column":46},"end":{"line":18,"column":50}},{"start":{"line":19,"column":20},"end":{"line":19,"column":42}}]},"5":{"line":19,"type":"binary-expr","locations":[{"start":{"line":19,"column":20},"end":{"line":19,"column":24}},{"start":{"line":19,"column":28},"end":{"line":19,"column":42}}]},"6":{"line":21,"type":"if","locations":[{"start":{"line":21,"column":12},"end":{"line":21,"column":12}},{"start":{"line":21,"column":12},"end":{"line":21,"column":12}}]},"7":{"line":28,"type":"if","locations":[{"start":{"line":28,"column":16},"end":{"line":28,"column":16}},{"start":{"line":28,"column":16},"end":{"line":28,"column":16}}]},"8":{"line":50,"type":"if","locations":[{"start":{"line":50,"column":8},"end":{"line":50,"column":8}},{"start":{"line":50,"column":8},"end":{"line":50,"column":8}}]},"9":{"line":57,"type":"if","locations":[{"start":{"line":57,"column":12},"end":{"line":57,"column":12}},{"start":{"line":57,"column":12},"end":{"line":57,"column":12}}]},"10":{"line":59,"type":"binary-expr","locations":[{"start":{"line":59,"column":27},"end":{"line":59,"column":41}},{"start":{"line":59,"column":45},"end":{"line":59,"column":48}}]},"11":{"line":62,"type":"binary-expr","locations":[{"start":{"line":62,"column":28},"end":{"line":62,"column":39}},{"start":{"line":62,"column":43},"end":{"line":62,"column":46}}]},"12":{"line":64,"type":"cond-expr","locations":[{"start":{"line":65,"column":28},"end":{"line":67,"column":29}},{"start":{"line":67,"column":32},"end":{"line":67,"column":41}}]},"13":{"line":64,"type":"binary-expr","locations":[{"start":{"line":64,"column":29},"end":{"line":64,"column":41}},{"start":{"line":64,"column":46},"end":{"line":64,"column":62}}]},"14":{"line":102,"type":"if","locations":[{"start":{"line":102,"column":20},"end":{"line":102,"column":20}},{"start":{"line":102,"column":20},"end":{"line":102,"column":20}}]},"15":{"line":109,"type":"if","locations":[{"start":{"line":109,"column":20},"end":{"line":109,"column":20}},{"start":{"line":109,"column":20},"end":{"line":109,"column":20}}]},"16":{"line":117,"type":"if","locations":[{"start":{"line":117,"column":24},"end":{"line":117,"column":24}},{"start":{"line":117,"column":24},"end":{"line":117,"column":24}}]},"17":{"line":141,"type":"if","locations":[{"start":{"line":141,"column":16},"end":{"line":141,"column":16}},{"start":{"line":141,"column":16},"end":{"line":141,"column":16}}]},"18":{"line":153,"type":"if","locations":[{"start":{"line":153,"column":4},"end":{"line":153,"column":4}},{"start":{"line":153,"column":4},"end":{"line":153,"column":4}}]},"19":{"line":155,"type":"if","locations":[{"start":{"line":155,"column":8},"end":{"line":155,"column":8}},{"start":{"line":155,"column":8},"end":{"line":155,"column":8}}]}}}}