TN:
SF:/home/david/centro/index.js
FNF:0
FNH:0
DA:12,1
DA:14,1
LF:2
LH:2
BRF:0
BRH:0
end_of_record
TN:
SF:/home/david/centro/lib/client.js
FN:21,get_stokens
FN:39,start
FN:54,(anonymous_2)
FN:154,replace
FN:176,(anonymous_4)
FN:204,(anonymous_5)
FN:222,(anonymous_6)
FN:241,unsub
FN:276,(anonymous_8)
FN:320,(anonymous_9)
FN:354,(anonymous_10)
FN:362,(anonymous_11)
FN:379,(anonymous_12)
FN:385,(anonymous_13)
FNF:14
FNH:14
FNDA:4377,get_stokens
FNDA:4440,start
FNDA:4102,(anonymous_2)
FNDA:527970,replace
FNDA:2510,(anonymous_4)
FNDA:210873,(anonymous_5)
FNDA:437,(anonymous_6)
FNDA:500,unsub
FNDA:103,(anonymous_8)
FNDA:525065,(anonymous_9)
FNDA:2429,(anonymous_10)
FNDA:1332,(anonymous_11)
FNDA:1948,(anonymous_12)
FNDA:1948,(anonymous_13)
DA:9,1
DA:10,1
DA:11,1
DA:12,1
DA:13,1
DA:15,1
DA:16,1
DA:23,4377
DA:26,3
DA:29,4374
DA:31,4374
DA:33,3815
DA:36,4374
DA:41,4440
DA:45,4440
DA:46,4440
DA:48,3276
DA:50,4440
DA:52,4440
DA:54,4440
DA:56,4102
DA:58,4102
DA:62,58
DA:67,4044
DA:70,2527
DA:74,1517
DA:77,4044
DA:79,3912
DA:83,132
DA:84,132
DA:85,132
DA:89,4044
DA:129,273
DA:131,273
DA:146,198
DA:149,75
DA:152,3771
DA:156,527970
DA:159,3771
DA:161,127
DA:163,127
DA:164,127
DA:167,127
DA:169,127
DA:175,3771
DA:176,3771
DA:178,2510
DA:180,1658
DA:181,1658
DA:182,1658
DA:183,1658
DA:186,2510
DA:188,2510
DA:189,2510
DA:191,2397
DA:194,2510
DA:195,2510
DA:197,2418
DA:198,2418
DA:201,2510
DA:202,2510
DA:204,2487
DA:206,210873
DA:208,203558
DA:214,2487
DA:215,2487
DA:218,2510
DA:221,3771
DA:222,3771
DA:224,437
DA:226,378
DA:227,378
DA:228,378
DA:229,378
DA:232,437
DA:234,42
DA:235,42
DA:236,42
DA:239,437
DA:243,500
DA:244,500
DA:246,21
DA:249,479
DA:250,479
DA:252,21
DA:255,458
DA:256,458
DA:258,42
DA:261,416
DA:262,416
DA:264,355
DA:265,355
DA:267,334
DA:271,416
DA:274,437
DA:276,42
DA:278,103
DA:280,84
DA:282,84
DA:285,84
DA:289,19
DA:295,395
DA:297,395
DA:299,147
DA:300,147
DA:302,126
DA:304,168
DA:310,248
DA:313,395
DA:319,3771
DA:320,3771
DA:322,525065
DA:324,524360
DA:325,524360
DA:326,524360
DA:327,524360
DA:330,525065
DA:335,3771
DA:338,4440
DA:341,1
DA:354,1
DA:356,2429
DA:358,1
DA:359,1
DA:362,2429
DA:364,1332
DA:379,1
DA:383,1948
DA:385,1948
DA:387,1948
DA:389,3896
DA:393,1948
DA:395,1948
LF:133
LH:133
BRDA:23,0,0,3
BRDA:23,0,1,4374
BRDA:23,1,0,4377
BRDA:23,1,1,4377
BRDA:31,2,0,3815
BRDA:31,2,1,559
BRDA:42,3,0,2622
BRDA:42,3,1,1818
BRDA:46,4,0,3276
BRDA:46,4,1,1164
BRDA:67,5,0,2527
BRDA:67,5,1,1517
BRDA:67,6,0,4044
BRDA:67,6,1,1519
BRDA:77,7,0,3912
BRDA:77,7,1,132
BRDA:89,8,0,273
BRDA:89,8,1,3771
BRDA:131,9,0,198
BRDA:131,9,1,75
BRDA:159,10,0,127
BRDA:159,10,1,3644
BRDA:167,11,0,127
BRDA:178,12,0,1658
BRDA:178,12,1,852
BRDA:189,13,0,2397
BRDA:189,13,1,113
BRDA:195,14,0,2418
BRDA:195,14,1,92
BRDA:202,15,0,2487
BRDA:202,15,1,23
BRDA:206,16,0,203558
BRDA:206,16,1,7315
BRDA:224,17,0,378
BRDA:224,17,1,59
BRDA:232,18,0,42
BRDA:232,18,1,395
BRDA:244,19,0,21
BRDA:244,19,1,479
BRDA:250,20,0,21
BRDA:250,20,1,458
BRDA:256,21,0,42
BRDA:256,21,1,416
BRDA:262,22,0,355
BRDA:262,22,1,61
BRDA:265,23,0,334
BRDA:265,23,1,21
BRDA:274,24,0,42
BRDA:274,24,1,395
BRDA:278,25,0,84
BRDA:278,25,1,19
BRDA:297,26,0,147
BRDA:297,26,1,248
BRDA:300,27,0,126
BRDA:300,27,1,21
BRDA:322,28,0,524360
BRDA:322,28,1,705
BRDA:356,29,0,1
BRDA:356,29,1,2428
BRF:59
BRH:59
end_of_record
TN:
SF:/home/david/centro/lib/server.js
FN:25,schedule
FN:31,(anonymous_1)
FN:42,read_frame
FN:46,cleanup
FN:53,end
FN:62,done
FN:70,onread
FN:137,CentroServer
FN:157,compile
FN:178,error
FN:189,warning
FN:199,change
FN:218,authorize
FN:238,run_transport
FN:240,transport_authorize
FN:244,cb
FN:265,(anonymous_16)
FN:283,got_tokens
FN:303,(anonymous_18)
FN:333,(anonymous_19)
FN:340,(anonymous_20)
FN:354,(anonymous_21)
FN:397,(anonymous_22)
FN:404,(anonymous_23)
FN:411,(anonymous_24)
FN:418,transport_connected
FN:430,dstroy
FN:461,replace
FN:468,make_update
FN:470,(anonymous_29)
FN:476,make_destroy
FN:478,(anonymous_31)
FN:486,conn_closed
FN:563,process_handshake
FN:627,got_pub_key
FN:645,processed_handshakes
FN:659,AggregateTopics
FN:665,(anonymous_37)
FN:682,aggregate_bool
FN:730,(anonymous_39)
FN:735,(anonymous_40)
FN:771,(anonymous_41)
FN:804,(anonymous_42)
FN:821,(anonymous_43)
FN:883,transport_ready
FN:890,(anonymous_45)
FN:902,(anonymous_46)
FN:904,(anonymous_47)
FN:907,(anonymous_48)
FN:932,start_transport2
FN:946,(anonymous_50)
FN:963,start_transport
FN:990,(anonymous_52)
FN:1000,transports_started
FN:1013,(anonymous_54)
FN:1033,(anonymous_55)
FN:1042,(anonymous_56)
FN:1046,set_cb
FN:1048,(anonymous_58)
FN:1052,close_transports
FN:1068,cont
FN:1077,check
FN:1087,(anonymous_62)
FN:1094,(anonymous_63)
FN:1096,cont2
FN:1128,close_keystore
FN:1157,(anonymous_66)
FN:1159,(anonymous_67)
FN:1181,(anonymous_68)
FN:1198,pipeline
FN:1202,next
FN:1204,(anonymous_71)
FN:1241,(anonymous_72)
FN:1259,(anonymous_73)
FN:1275,(anonymous_74)
FNF:75
FNH:75
FNDA:4669,schedule
FNDA:56,(anonymous_1)
FNDA:1966,read_frame
FNDA:1966,cleanup
FNDA:30,end
FNDA:3606,done
FNDA:3624,onread
FNDA:850,CentroServer
FNDA:1700,compile
FNDA:1728,error
FNDA:775283,warning
FNDA:2099,change
FNDA:850,authorize
FNDA:1037,run_transport
FNDA:4631,transport_authorize
FNDA:4631,cb
FNDA:279,(anonymous_16)
FNDA:4750,got_tokens
FNDA:4305,(anonymous_18)
FNDA:4997,(anonymous_19)
FNDA:4989,(anonymous_20)
FNDA:4406,(anonymous_21)
FNDA:119,(anonymous_22)
FNDA:2668,(anonymous_23)
FNDA:1963,(anonymous_24)
FNDA:4101,transport_connected
FNDA:2732,dstroy
FNDA:18365,replace
FNDA:4613,make_update
FNDA:4669,(anonymous_29)
FNDA:4613,make_destroy
FNDA:56,(anonymous_31)
FNDA:4100,conn_closed
FNDA:4664,process_handshake
FNDA:4398,got_pub_key
FNDA:4044,processed_handshakes
FNDA:19725,AggregateTopics
FNDA:23670,(anonymous_37)
FNDA:7890,aggregate_bool
FNDA:186508,(anonymous_39)
FNDA:126,(anonymous_40)
FNDA:56,(anonymous_41)
FNDA:4509,(anonymous_42)
FNDA:3933,(anonymous_43)
FNDA:1037,transport_ready
FNDA:1,(anonymous_45)
FNDA:31,(anonymous_46)
FNDA:31,(anonymous_47)
FNDA:31,(anonymous_48)
FNDA:1040,start_transport2
FNDA:65,(anonymous_50)
FNDA:1040,start_transport
FNDA:817,(anonymous_52)
FNDA:849,transports_started
FNDA:849,(anonymous_54)
FNDA:850,(anonymous_55)
FNDA:849,(anonymous_56)
FNDA:2547,set_cb
FNDA:60,(anonymous_58)
FNDA:849,close_transports
FNDA:849,cont
FNDA:1047,check
FNDA:1040,(anonymous_62)
FNDA:849,(anonymous_63)
FNDA:849,cont2
FNDA:849,close_keystore
FNDA:903,(anonymous_66)
FNDA:29,(anonymous_67)
FNDA:527,(anonymous_68)
FNDA:967,pipeline
FNDA:169115,next
FNDA:168984,(anonymous_71)
FNDA:84508,(anonymous_72)
FNDA:616,(anonymous_73)
FNDA:68,(anonymous_74)
DA:9,1
DA:10,1
DA:11,1
DA:12,1
DA:13,1
DA:14,1
DA:15,1
DA:16,1
DA:17,1
DA:18,1
DA:19,1
DA:21,1
DA:23,1
DA:27,4669
DA:29,4669
DA:31,4613
DA:33,56
DA:38,56
DA:44,1966
DA:48,1966
DA:49,1966
DA:50,1966
DA:55,30
DA:56,30
DA:59,1966
DA:60,1966
DA:64,3606
DA:66,1936
DA:72,3624
DA:75,5312
DA:77,5312
DA:79,1706
DA:82,3606
DA:84,3606
DA:86,3606
DA:87,3606
DA:91,1936
DA:93,1936
DA:95,1918
DA:96,1918
DA:97,1918
DA:100,18
DA:105,1966
DA:137,1
DA:139,850
DA:146,850
DA:153,850
DA:155,850
DA:159,1700
DA:162,850
DA:163,850
DA:165,850
DA:166,850
DA:167,850
DA:168,850
DA:169,850
DA:170,850
DA:171,850
DA:172,850
DA:173,850
DA:175,850
DA:181,1728
DA:183,35
DA:185,1728
DA:187,850
DA:192,775283
DA:194,2
DA:197,850
DA:201,2099
DA:203,2099
DA:205,2099
DA:207,59
DA:209,59
DA:212,32
DA:220,850
DA:222,1
DA:225,849
DA:227,812
DA:230,849
DA:232,849
DA:235,656
DA:242,4631
DA:246,4631
DA:248,4631
DA:250,279
DA:257,279
DA:258,279
DA:259,279
DA:260,279
DA:261,279
DA:264,279
DA:265,279
DA:267,279
DA:269,558
DA:272,279
DA:275,4631
DA:277,4631
DA:279,4565
DA:285,4750
DA:287,119
DA:289,4631
DA:291,4631
DA:293,153
DA:296,4478
DA:298,12
DA:301,4466
DA:303,4066
DA:305,4305
DA:309,4466
DA:311,27
DA:314,4439
DA:316,4439
DA:318,31
DA:321,4408
DA:323,2
DA:333,4406
DA:335,4997
DA:337,8
DA:340,4989
DA:342,4989
DA:344,211
DA:347,4778
DA:356,4406
DA:358,219
DA:361,4187
DA:363,4187
DA:365,4778
DA:367,4580
DA:369,54
DA:372,198
DA:374,4
DA:377,4720
DA:379,194
DA:382,4526
DA:384,27
DA:387,4499
DA:390,4102
DA:394,4631
DA:395,4631
DA:397,4631
DA:399,119
DA:402,4631
DA:404,2668
DA:406,2668
DA:411,1963
DA:413,1963
DA:420,4101
DA:424,4101
DA:425,4101
DA:426,4101
DA:427,4101
DA:428,4101
DA:432,2732
DA:434,1099
DA:436,1099
DA:440,25
DA:443,1099
DA:447,4101
DA:448,4101
DA:450,4101
DA:452,1
DA:455,4100
DA:457,4100
DA:463,18365
DA:466,4100
DA:470,4613
DA:472,4669
DA:478,4613
DA:480,56
DA:481,56
DA:482,56
DA:488,4100
DA:490,4100
DA:492,4615
DA:494,4557
DA:497,4615
DA:499,190
DA:502,4425
DA:504,4425
DA:506,27
DA:507,27
DA:510,4398
DA:512,4398
DA:514,2699
DA:518,4100
DA:520,4100
DA:522,4100
DA:524,4100
DA:526,673
DA:527,673
DA:529,673
DA:531,653
DA:534,673
DA:536,673
DA:538,673
DA:540,282
DA:545,673
DA:547,673
DA:549,532
DA:552,673
DA:555,4100
DA:557,2466
DA:561,4100
DA:565,4664
DA:567,49
DA:572,4615
DA:575,4425
DA:578,4425
DA:582,190
DA:583,190
DA:586,4615
DA:588,88
DA:591,4615
DA:593,673
DA:596,4615
DA:600,4615
DA:602,4615
DA:604,4613
DA:609,4615
DA:611,190
DA:614,4425
DA:615,4425
DA:617,4425
DA:619,4425
DA:621,2726
DA:622,2726
DA:625,4425
DA:629,4398
DA:631,35
DA:634,4363
DA:636,27
DA:639,4336
DA:642,4425
DA:647,4044
DA:649,82
DA:650,82
DA:653,3962
DA:655,17
DA:656,17
DA:661,19725
DA:662,19725
DA:665,3945
DA:667,23670
DA:669,27054
DA:670,27054
DA:672,18036
DA:674,27054
DA:675,27054
DA:677,15770
DA:684,7890
DA:686,9018
DA:687,9018
DA:689,106
DA:692,7784
DA:695,3945
DA:717,3945
DA:718,3945
DA:725,3945
DA:726,3945
DA:728,3945
DA:730,3945
DA:732,186508
DA:735,3945
DA:737,126
DA:740,3945
DA:742,3945
DA:744,4509
DA:746,156
DA:749,156
DA:751,156
DA:756,156
DA:761,4509
DA:764,3945
DA:766,3789
DA:769,3945
DA:771,88
DA:773,56
DA:775,56
DA:777,54
DA:780,56
DA:782,27
DA:785,56
DA:787,56
DA:789,27
DA:792,29
DA:794,27
DA:797,29
DA:804,3945
DA:806,4509
DA:809,3945
DA:821,3945
DA:823,3933
DA:825,29
DA:828,3904
DA:836,3904
DA:837,3904
DA:839,29
DA:840,29
DA:843,3875
DA:845,3875
DA:847,673
DA:848,673
DA:850,673
DA:852,653
DA:855,673
DA:857,673
DA:859,673
DA:861,282
DA:866,673
DA:868,673
DA:870,532
DA:873,673
DA:878,4100
DA:885,1037
DA:887,2
DA:888,2
DA:890,1
DA:892,1
DA:893,1
DA:896,1
DA:899,1035
DA:901,31
DA:902,31
DA:904,31
DA:906,31
DA:907,31
DA:909,31
DA:910,31
DA:916,1035
DA:917,1035
DA:919,1035
DA:921,1035
DA:924,1037
DA:934,1040
DA:936,99
DA:940,941
DA:942,941
DA:944,65
DA:946,65
DA:948,65
DA:950,3
DA:953,62
DA:958,876
DA:965,1040
DA:967,31
DA:970,1040
DA:972,51
DA:974,31
DA:977,51
DA:980,1040
DA:982,848
DA:983,848
DA:984,848
DA:985,848
DA:986,848
DA:988,848
DA:990,817
DA:992,817
DA:997,223
DA:1002,849
DA:1004,1040
DA:1006,939
DA:1010,849
DA:1011,849
DA:1013,849
DA:1015,849
DA:1017,849
DA:1019,7
DA:1020,7
DA:1021,7
DA:1024,842
DA:1028,849
DA:1033,850
DA:1035,850
DA:1036,850
DA:1040,1
DA:1042,1
DA:1044,849
DA:1048,2547
DA:1050,849
DA:1054,849
DA:1056,66
DA:1058,66
DA:1062,29
DA:1066,849
DA:1070,849
DA:1072,849
DA:1073,849
DA:1075,849
DA:1079,1047
DA:1081,849
DA:1082,849
DA:1083,849
DA:1087,849
DA:1089,1040
DA:1091,1035
DA:1093,5
DA:1098,849
DA:1099,849
DA:1100,849
DA:1103,849
DA:1105,29
DA:1108,820
DA:1111,849
DA:1113,849
DA:1116,262
DA:1120,849
DA:1122,27
DA:1125,822
DA:1130,849
DA:1132,37
DA:1135,812
DA:1138,849
DA:1140,848
DA:1142,817
DA:1145,31
DA:1146,31
DA:1149,32
DA:1157,1
DA:1159,903
DA:1161,903
DA:1163,58
DA:1165,29
DA:1168,29
DA:1171,845
DA:1173,845
DA:1175,842
DA:1178,3
DA:1181,1
DA:1183,527
DA:1185,163
DA:1188,527
DA:1190,527
DA:1200,967
DA:1204,169115
DA:1212,168984
DA:1214,84377
DA:1215,84377
DA:1217,84376
DA:1222,84607
DA:1223,84607
DA:1224,84607
DA:1228,169115
DA:1229,169115
DA:1232,967
DA:1234,580
DA:1237,967
DA:1239,868
DA:1241,868
DA:1243,84508
DA:1247,967
DA:1248,967
DA:1251,1
DA:1259,1
DA:1261,616
DA:1263,616
DA:1266,758
DA:1268,758
DA:1272,616
DA:1275,1
DA:1277,68
DA:1280,1
DA:1281,1
LF:463
LH:463
BRDA:29,0,0,4613
BRDA:29,0,1,56
BRDA:64,1,0,1936
BRDA:64,1,1,1670
BRDA:77,2,0,1706
BRDA:77,2,1,3606
BRDA:93,3,0,1918
BRDA:93,3,1,18
BRDA:95,4,0,1670
BRDA:95,4,1,248
BRDA:181,5,0,35
BRDA:181,5,1,1693
BRDA:192,6,0,2
BRDA:192,6,1,775281
BRDA:192,7,0,775283
BRDA:192,7,1,767724
BRDA:205,8,0,59
BRDA:205,8,1,2040
BRDA:209,9,0,32
BRDA:209,9,1,27
BRDA:220,10,0,1
BRDA:220,10,1,849
BRDA:225,11,0,812
BRDA:225,11,1,37
BRDA:230,12,0,849
BRDA:230,12,1,849
BRDA:232,13,0,656
BRDA:232,13,1,193
BRDA:232,14,0,849
BRDA:232,14,1,818
BRDA:248,15,0,279
BRDA:248,15,1,4352
BRDA:248,16,0,4631
BRDA:248,16,1,527
BRDA:277,17,0,4565
BRDA:277,17,1,66
BRDA:285,18,0,119
BRDA:285,18,1,4631
BRDA:291,19,0,153
BRDA:291,19,1,4478
BRDA:296,20,0,12
BRDA:296,20,1,4466
BRDA:301,21,0,4066
BRDA:301,21,1,400
BRDA:309,22,0,27
BRDA:309,22,1,4439
BRDA:314,23,0,4229
BRDA:314,23,1,210
BRDA:316,24,0,31
BRDA:316,24,1,4408
BRDA:316,25,0,4439
BRDA:316,25,1,4439
BRDA:321,26,0,2
BRDA:321,26,1,4406
BRDA:321,27,0,4408
BRDA:321,27,1,206
BRDA:335,28,0,8
BRDA:335,28,1,4989
BRDA:335,29,0,4997
BRDA:335,29,1,4997
BRDA:342,30,0,211
BRDA:342,30,1,4778
BRDA:356,31,0,219
BRDA:356,31,1,4187
BRDA:365,32,0,4580
BRDA:365,32,1,198
BRDA:367,33,0,54
BRDA:367,33,1,4526
BRDA:372,34,0,4
BRDA:372,34,1,194
BRDA:377,35,0,194
BRDA:377,35,1,4526
BRDA:382,36,0,27
BRDA:382,36,1,4499
BRDA:399,37,0,119
BRDA:399,37,1,29
BRDA:402,38,0,2668
BRDA:402,38,1,1963
BRDA:413,39,0,46
BRDA:413,39,1,1917
BRDA:432,40,0,1099
BRDA:432,40,1,1633
BRDA:432,41,0,2732
BRDA:432,41,1,1099
BRDA:450,42,0,1
BRDA:450,42,1,4100
BRDA:492,43,0,4557
BRDA:492,43,1,58
BRDA:497,44,0,190
BRDA:497,44,1,4425
BRDA:504,45,0,27
BRDA:504,45,1,4398
BRDA:512,46,0,2699
BRDA:512,46,1,1699
BRDA:529,47,0,653
BRDA:529,47,1,20
BRDA:538,48,0,282
BRDA:538,48,1,391
BRDA:541,49,0,141
BRDA:541,49,1,141
BRDA:547,50,0,532
BRDA:547,50,1,141
BRDA:555,51,0,2466
BRDA:555,51,1,1634
BRDA:565,52,0,49
BRDA:565,52,1,4615
BRDA:572,53,0,4425
BRDA:572,53,1,190
BRDA:586,54,0,88
BRDA:586,54,1,4527
BRDA:591,55,0,673
BRDA:591,55,1,3942
BRDA:602,56,0,4613
BRDA:602,56,1,2
BRDA:609,57,0,190
BRDA:609,57,1,4425
BRDA:619,58,0,2726
BRDA:619,58,1,1699
BRDA:629,59,0,35
BRDA:629,59,1,4363
BRDA:634,60,0,27
BRDA:634,60,1,4336
BRDA:647,61,0,82
BRDA:647,61,1,3962
BRDA:653,62,0,17
BRDA:653,62,1,3945
BRDA:670,63,0,18036
BRDA:670,63,1,9018
BRDA:674,64,0,27054
BRDA:674,64,1,8896
BRDA:687,65,0,106
BRDA:687,65,1,8912
BRDA:712,66,0,3871
BRDA:712,66,1,74
BRDA:713,67,0,70
BRDA:713,67,1,4
BRDA:717,68,0,3945
BRDA:717,68,1,3945
BRDA:721,69,0,2345
BRDA:721,69,1,1600
BRDA:744,70,0,156
BRDA:744,70,1,4353
BRDA:749,71,0,156
BRDA:761,72,0,4509
BRDA:761,72,1,4353
BRDA:764,73,0,3789
BRDA:764,73,1,156
BRDA:769,74,0,88
BRDA:769,74,1,3857
BRDA:775,75,0,54
BRDA:775,75,1,2
BRDA:780,76,0,27
BRDA:780,76,1,29
BRDA:787,77,0,27
BRDA:787,77,1,29
BRDA:792,78,0,27
BRDA:792,78,1,2
BRDA:823,79,0,29
BRDA:823,79,1,3904
BRDA:837,80,0,29
BRDA:837,80,1,3875
BRDA:850,81,0,653
BRDA:850,81,1,20
BRDA:859,82,0,282
BRDA:859,82,1,391
BRDA:862,83,0,141
BRDA:862,83,1,141
BRDA:868,84,0,532
BRDA:868,84,1,141
BRDA:885,85,0,2
BRDA:885,85,1,1035
BRDA:888,86,0,1
BRDA:888,86,1,1
BRDA:899,87,0,31
BRDA:899,87,1,1004
BRDA:910,88,0,31
BRDA:910,88,1,31
BRDA:934,89,0,99
BRDA:934,89,1,941
BRDA:942,90,0,65
BRDA:942,90,1,876
BRDA:948,91,0,3
BRDA:948,91,1,62
BRDA:965,92,0,31
BRDA:965,92,1,1009
BRDA:970,93,0,51
BRDA:970,93,1,989
BRDA:972,94,0,31
BRDA:972,94,1,20
BRDA:980,95,0,848
BRDA:980,95,1,192
BRDA:983,96,0,848
BRDA:983,96,1,817
BRDA:988,97,0,817
BRDA:988,97,1,31
BRDA:1004,98,0,939
BRDA:1004,98,1,101
BRDA:1004,99,0,1040
BRDA:1004,99,1,1035
BRDA:1017,100,0,7
BRDA:1017,100,1,842
BRDA:1017,101,0,849
BRDA:1017,101,1,846
BRDA:1048,102,0,2547
BRDA:1048,102,1,60
BRDA:1079,103,0,849
BRDA:1079,103,1,198
BRDA:1079,104,0,1047
BRDA:1079,104,1,898
BRDA:1089,105,0,1035
BRDA:1089,105,1,5
BRDA:1103,106,0,29
BRDA:1103,106,1,820
BRDA:1120,107,0,27
BRDA:1120,107,1,822
BRDA:1130,108,0,37
BRDA:1130,108,1,812
BRDA:1138,109,0,848
BRDA:1138,109,1,1
BRDA:1140,110,0,817
BRDA:1140,110,1,31
BRDA:1159,111,0,903
BRDA:1159,111,1,29
BRDA:1161,112,0,58
BRDA:1161,112,1,845
BRDA:1163,113,0,29
BRDA:1163,113,1,29
BRDA:1173,114,0,842
BRDA:1173,114,1,3
BRDA:1183,115,0,163
BRDA:1183,115,1,364
BRDA:1212,116,0,84377
BRDA:1212,116,1,84607
BRDA:1215,117,0,84376
BRDA:1215,117,1,1
BRDA:1232,118,0,580
BRDA:1232,118,1,387
BRDA:1237,119,0,868
BRDA:1237,119,1,99
BRDA:1266,120,0,758
BRF:240
BRH:240
end_of_record
TN:
SF:/home/david/centro/lib/server_config.js
FN:6,(anonymous_0)
FN:47,(anonymous_1)
FNF:2
FNH:2
FNDA:851,(anonymous_0)
FNDA:1701,(anonymous_1)
DA:4,1
DA:6,1
DA:8,851
DA:47,1
DA:51,1701
DA:56,1701
DA:58,1566
DA:62,135
DA:63,135
DA:64,135
DA:67,1701
DA:251,1
LF:12
LH:12
BRDA:56,0,0,1566
BRDA:56,0,1,135
BRF:2
BRH:2
end_of_record
TN:
SF:/home/david/centro/lib/version.js
FNF:0
FNH:0
DA:4,1
LF:1
LH:1
BRF:0
BRH:0
end_of_record
TN:
SF:/home/david/centro/lib/server_extensions/backoff.js
FN:24,(anonymous_0)
FN:29,(anonymous_1)
FN:31,(anonymous_2)
FN:40,(anonymous_3)
FN:42,(anonymous_4)
FN:47,(anonymous_5)
FN:52,delay_response
FN:54,(anonymous_7)
FN:60,(anonymous_8)
FN:72,(anonymous_9)
FN:77,(anonymous_10)
FN:82,(anonymous_11)
FN:87,(anonymous_12)
FN:97,(anonymous_13)
FN:99,(anonymous_14)
FN:101,(anonymous_15)
FN:121,(anonymous_16)
FN:123,(anonymous_17)
FNF:18
FNH:18
FNDA:84,(anonymous_0)
FNDA:21,(anonymous_1)
FNDA:1599,(anonymous_2)
FNDA:63,(anonymous_3)
FNDA:180656,(anonymous_4)
FNDA:65,(anonymous_5)
FNDA:83790,delay_response
FNDA:83790,(anonymous_7)
FNDA:11652,(anonymous_8)
FNDA:63,(anonymous_9)
FNDA:84,(anonymous_10)
FNDA:21,(anonymous_11)
FNDA:83622,(anonymous_12)
FNDA:21,(anonymous_13)
FNDA:83601,(anonymous_14)
FNDA:83601,(anonymous_15)
FNDA:21,(anonymous_16)
FNDA:188225,(anonymous_17)
DA:10,1
DA:11,1
DA:24,1
DA:26,84
DA:28,21
DA:31,21
DA:33,1599
DA:39,63
DA:42,63
DA:44,180656
DA:47,63
DA:49,65
DA:54,83790
DA:56,83790
DA:58,11652
DA:60,11652
DA:62,11652
DA:66,72138
DA:70,63
DA:72,21
DA:74,63
DA:77,21
DA:79,84
DA:82,21
DA:84,21
DA:87,21
DA:89,83622
DA:95,63
DA:97,21
DA:99,21
DA:101,83601
DA:103,83601
DA:106,7454
DA:108,7454
DA:111,7454
DA:114,76147
DA:119,42
DA:121,21
DA:123,21
DA:125,188225
DA:127,188225
DA:130,104624
DA:132,104624
DA:135,104624
DA:139,83601
DA:144,63
LF:46
LH:46
BRDA:26,0,0,21
BRDA:26,0,1,63
BRDA:56,1,0,11652
BRDA:56,1,1,72138
BRDA:70,2,0,21
BRDA:70,2,1,42
BRDA:95,3,0,21
BRDA:95,3,1,42
BRDA:103,4,0,7454
BRDA:103,4,1,76147
BRDA:103,5,0,83601
BRDA:103,5,1,83601
BRDA:106,6,0,7454
BRDA:119,7,0,21
BRDA:119,7,1,21
BRDA:127,8,0,104624
BRDA:127,8,1,83601
BRDA:127,9,0,188225
BRDA:127,9,1,188225
BRDA:130,10,0,104624
BRF:20
BRH:20
end_of_record
TN:
SF:/home/david/centro/lib/server_extensions/close_conn_on_error.js
FN:13,(anonymous_0)
FN:16,(anonymous_1)
FN:21,(anonymous_2)
FN:23,(anonymous_3)
FNF:4
FNH:4
FNDA:58,(anonymous_0)
FNDA:29,(anonymous_1)
FNDA:29,(anonymous_2)
FNDA:29,(anonymous_3)
DA:13,1
DA:15,58
DA:18,29
DA:23,29
DA:25,29
LF:5
LH:5
BRF:0
BRH:0
end_of_record
TN:
SF:/home/david/centro/lib/server_extensions/filter.js
FN:17,(anonymous_0)
FN:22,(anonymous_1)
FN:24,(anonymous_2)
FN:65,(anonymous_3)
FN:70,(anonymous_4)
FN:72,(anonymous_5)
FN:93,(anonymous_6)
FN:113,(anonymous_7)
FN:116,(anonymous_8)
FN:118,(anonymous_9)
FN:120,(anonymous_10)
FN:124,(anonymous_11)
FN:128,(anonymous_12)
FNF:13
FNH:13
FNDA:29,(anonymous_0)
FNDA:29,(anonymous_1)
FNDA:230,(anonymous_2)
FNDA:29,(anonymous_3)
FNDA:82,(anonymous_4)
FNDA:58,(anonymous_5)
FNDA:29,(anonymous_6)
FNDA:29,(anonymous_7)
FNDA:45,(anonymous_8)
FNDA:29,(anonymous_9)
FNDA:29,(anonymous_10)
FNDA:29,(anonymous_11)
FNDA:29,(anonymous_12)
DA:17,1
DA:19,29
DA:21,29
DA:24,29
DA:26,230
DA:28,298
DA:30,218
DA:32,186
DA:35,134
DA:37,134
DA:40,134
DA:46,96
DA:52,1
DA:53,1
DA:65,1
DA:67,29
DA:69,29
DA:72,82
DA:74,58
DA:76,58
DA:78,29
DA:81,29
DA:83,29
DA:87,58
DA:89,58
DA:91,58
DA:93,29
DA:95,29
DA:113,1
DA:115,29
DA:118,45
DA:120,29
DA:122,29
DA:124,29
DA:128,29
DA:131,29
LF:36
LH:36
BRDA:19,0,0,29
BRDA:28,1,0,218
BRDA:28,1,1,80
BRDA:32,2,0,134
BRDA:32,2,1,52
BRDA:35,3,0,134
BRDA:67,4,0,29
BRDA:76,5,0,29
BRDA:76,5,1,29
BRDA:81,6,0,29
BRDA:91,7,0,29
BRDA:91,7,1,29
BRF:12
BRH:12
end_of_record
TN:
SF:/home/david/centro/lib/server_extensions/full.js
FN:23,(anonymous_0)
FN:28,(anonymous_1)
FN:30,(anonymous_2)
FN:39,(anonymous_3)
FN:41,(anonymous_4)
FN:46,(anonymous_5)
FN:55,(anonymous_6)
FN:57,(anonymous_7)
FN:59,(anonymous_8)
FN:80,(anonymous_9)
FN:82,(anonymous_10)
FNF:11
FNH:11
FNDA:63,(anonymous_0)
FNDA:21,(anonymous_1)
FNDA:21,(anonymous_2)
FNDA:42,(anonymous_3)
FNDA:42,(anonymous_4)
FNDA:84105,(anonymous_5)
FNDA:21,(anonymous_6)
FNDA:21021,(anonymous_7)
FNDA:21021,(anonymous_8)
FNDA:21,(anonymous_9)
FNDA:21054,(anonymous_10)
DA:10,1
DA:11,1
DA:23,1
DA:25,63
DA:27,21
DA:30,21
DA:32,21
DA:38,42
DA:41,42
DA:43,42
DA:46,42
DA:48,84105
DA:53,42
DA:55,21
DA:57,21
DA:59,21021
DA:61,21021
DA:64,21
DA:66,21
DA:69,21
DA:72,21000
DA:78,21
DA:80,21
DA:82,21
DA:84,21054
DA:86,21054
DA:89,33
DA:91,33
DA:94,33
DA:98,21021
DA:103,42
LF:31
LH:31
BRDA:25,0,0,21
BRDA:25,0,1,42
BRDA:53,1,0,21
BRDA:53,1,1,21
BRDA:61,2,0,21
BRDA:61,2,1,21000
BRDA:61,3,0,21021
BRDA:61,3,1,21021
BRDA:64,4,0,21
BRDA:78,5,0,21
BRDA:86,6,0,33
BRDA:86,6,1,21021
BRDA:86,7,0,21054
BRDA:86,7,1,21054
BRDA:89,8,0,33
BRF:15
BRH:15
end_of_record
TN:
SF:/home/david/centro/lib/server_extensions/limit_active.js
FN:17,(anonymous_0)
FN:22,(anonymous_1)
FN:24,(anonymous_2)
FN:33,(anonymous_3)
FN:40,(anonymous_4)
FN:42,(anonymous_5)
FN:49,(anonymous_6)
FN:51,(anonymous_7)
FN:67,(anonymous_8)
FN:72,(anonymous_9)
FN:74,(anonymous_10)
FN:84,(anonymous_11)
FN:91,cb2
FN:110,(anonymous_13)
FN:115,(anonymous_14)
FN:119,(anonymous_15)
FNF:16
FNH:16
FNDA:29,(anonymous_0)
FNDA:90,(anonymous_1)
FNDA:116,(anonymous_2)
FNDA:87,(anonymous_3)
FNDA:21,(anonymous_4)
FNDA:21,(anonymous_5)
FNDA:90,(anonymous_6)
FNDA:90,(anonymous_7)
FNDA:29,(anonymous_8)
FNDA:98,(anonymous_9)
FNDA:87,(anonymous_10)
FNDA:58,(anonymous_11)
FNDA:58,cb2
FNDA:29,(anonymous_13)
FNDA:58,(anonymous_14)
FNDA:45,(anonymous_15)
DA:17,1
DA:19,29
DA:21,29
DA:24,90
DA:26,116
DA:29,29
DA:33,87
DA:35,87
DA:36,87
DA:40,90
DA:42,21
DA:44,21
DA:45,21
DA:49,90
DA:51,90
DA:53,90
DA:54,90
DA:67,1
DA:69,29
DA:71,29
DA:74,98
DA:76,87
DA:78,29
DA:82,58
DA:84,58
DA:86,58
DA:87,58
DA:93,58
DA:94,58
DA:95,58
DA:98,58
DA:110,1
DA:112,29
DA:114,29
DA:117,58
DA:119,58
DA:121,45
DA:124,58
DA:126,29
LF:39
LH:39
BRDA:26,0,0,29
BRDA:26,0,1,87
BRDA:26,1,0,116
BRDA:26,1,1,29
BRDA:76,2,0,29
BRDA:76,2,1,58
BRDA:124,3,0,29
BRDA:124,3,1,29
BRF:8
BRH:8
end_of_record
TN:
SF:/home/david/centro/lib/server_extensions/limit_conn.js
FN:19,(anonymous_0)
FN:22,(anonymous_1)
FN:26,(anonymous_2)
FN:32,(anonymous_3)
FN:67,(anonymous_4)
FN:70,(anonymous_5)
FN:74,(anonymous_6)
FNF:7
FNH:7
FNDA:42,(anonymous_0)
FNDA:42,(anonymous_1)
FNDA:84,(anonymous_2)
FNDA:176,(anonymous_3)
FNDA:42,(anonymous_4)
FNDA:42,(anonymous_5)
FNDA:84,(anonymous_6)
DA:11,1
DA:19,1
DA:21,42
DA:24,42
DA:26,42
DA:28,84
DA:30,84
DA:32,84
DA:34,176
DA:36,176
DA:38,42
DA:41,42
DA:43,21
DA:46,21
DA:49,134
DA:50,134
DA:53,84
DA:55,84
DA:67,1
DA:69,42
DA:72,42
DA:74,42
DA:76,84
DA:78,84
DA:80,42
DA:83,42
DA:85,21
DA:88,21
DA:91,42
LF:29
LH:29
BRDA:36,0,0,42
BRDA:36,0,1,134
BRDA:41,1,0,21
BRDA:41,1,1,21
BRDA:78,2,0,42
BRDA:78,2,1,42
BRDA:83,3,0,21
BRDA:83,3,1,21
BRF:8
BRH:8
end_of_record
TN:
SF:/home/david/centro/lib/server_extensions/limit_transport.js
FN:18,(anonymous_0)
FN:21,(anonymous_1)
FNF:2
FNH:2
FNDA:29,(anonymous_0)
FNDA:37,(anonymous_1)
DA:18,1
DA:20,29
DA:23,37
DA:25,37
DA:27,24
DA:28,24
LF:6
LH:6
BRDA:25,0,0,24
BRDA:25,0,1,13
BRDA:25,1,0,37
BRDA:25,1,1,37
BRDA:27,2,0,4
BRDA:27,2,1,20
BRF:6
BRH:6
end_of_record
TN:
SF:/home/david/centro/lib/server_extensions/throttle.js
FN:17,(anonymous_0)
FN:20,(anonymous_1)
FN:22,(anonymous_2)
FN:38,(anonymous_3)
FN:41,(anonymous_4)
FN:43,(anonymous_5)
FNF:6
FNH:6
FNDA:29,(anonymous_0)
FNDA:45,(anonymous_1)
FNDA:29,(anonymous_2)
FNDA:29,(anonymous_3)
FNDA:45,(anonymous_4)
FNDA:29,(anonymous_5)
DA:10,1
DA:17,1
DA:19,29
DA:22,45
DA:24,29
DA:25,29
DA:26,29
DA:27,29
DA:38,1
DA:40,29
DA:43,45
DA:45,29
DA:46,29
DA:47,29
DA:48,29
LF:15
LH:15
BRF:0
BRH:0
end_of_record
TN:
SF:/home/david/centro/lib/server_extensions/timeout.js
FN:18,(anonymous_0)
FN:21,(anonymous_1)
FN:23,(anonymous_2)
FN:25,(anonymous_3)
FN:30,(anonymous_4)
FN:46,(anonymous_5)
FN:49,(anonymous_6)
FN:51,(anonymous_7)
FN:53,(anonymous_8)
FN:58,(anonymous_9)
FN:62,(anonymous_10)
FN:81,(anonymous_11)
FN:84,(anonymous_12)
FN:90,(anonymous_13)
FN:94,(anonymous_14)
FNF:15
FNH:15
FNDA:29,(anonymous_0)
FNDA:37,(anonymous_1)
FNDA:29,(anonymous_2)
FNDA:29,(anonymous_3)
FNDA:29,(anonymous_4)
FNDA:29,(anonymous_5)
FNDA:45,(anonymous_6)
FNDA:29,(anonymous_7)
FNDA:29,(anonymous_8)
FNDA:29,(anonymous_9)
FNDA:29,(anonymous_10)
FNDA:8,(anonymous_11)
FNDA:16,(anonymous_12)
FNDA:16,(anonymous_13)
FNDA:8,(anonymous_14)
DA:10,1
DA:18,1
DA:20,29
DA:23,37
DA:25,29
DA:27,29
DA:30,29
DA:32,29
DA:33,29
DA:46,1
DA:48,29
DA:51,45
DA:53,29
DA:55,29
DA:58,29
DA:60,29
DA:62,29
DA:64,29
DA:67,29
DA:81,1
DA:83,8
DA:86,16
DA:88,16
DA:90,8
DA:92,16
DA:94,8
DA:96,8
LF:27
LH:27
BRDA:88,0,0,8
BRDA:88,0,1,8
BRDA:88,1,0,16
BRDA:88,1,1,16
BRDA:88,1,2,8
BRDA:92,2,0,8
BRDA:92,2,1,8
BRF:7
BRH:7
end_of_record
TN:
SF:/home/david/centro/lib/server_transports/http.js
FN:92,on_connection
FN:94,(anonymous_1)
FN:109,(anonymous_2)
FN:176,request
FN:183,end_response
FN:190,(anonymous_5)
FN:197,(anonymous_6)
FN:220,done
FN:234,(anonymous_8)
FN:300,onclose
FN:321,(anonymous_10)
FN:324,(anonymous_11)
FN:331,(anonymous_12)
FN:348,(anonymous_13)
FN:353,error
FN:365,(anonymous_15)
FN:374,(anonymous_16)
FN:403,(anonymous_17)
FN:416,handler
FN:427,(anonymous_19)
FN:437,(anonymous_20)
FN:447,(anonymous_21)
FN:479,(anonymous_22)
FN:490,(anonymous_23)
FN:496,(anonymous_24)
FN:522,(anonymous_25)
FN:533,(anonymous_26)
FN:537,(anonymous_27)
FN:548,(anonymous_28)
FN:571,(anonymous_29)
FN:574,(anonymous_30)
FN:581,listening
FN:585,(anonymous_32)
FNF:33
FNH:33
FNDA:2304,on_connection
FNDA:132,(anonymous_1)
FNDA:192,(anonymous_2)
FNDA:1240,request
FNDA:1096,end_response
FNDA:512,(anonymous_5)
FNDA:508,(anonymous_6)
FNDA:3656,done
FNDA:3032,(anonymous_8)
FNDA:1782,onclose
FNDA:8,(anonymous_10)
FNDA:32,(anonymous_11)
FNDA:1200,(anonymous_12)
FNDA:1160,(anonymous_13)
FNDA:20,error
FNDA:80,(anonymous_15)
FNDA:1144,(anonymous_16)
FNDA:524,(anonymous_17)
FNDA:640,handler
FNDA:640,(anonymous_19)
FNDA:8490,(anonymous_20)
FNDA:16,(anonymous_21)
FNDA:608,(anonymous_22)
FNDA:612,(anonymous_23)
FNDA:604,(anonymous_24)
FNDA:143,(anonymous_25)
FNDA:500,(anonymous_26)
FNDA:16,(anonymous_27)
FNDA:1160,(anonymous_28)
FNDA:302,(anonymous_29)
FNDA:280,(anonymous_30)
FNDA:192,listening
FNDA:192,(anonymous_32)
DA:80,1
DA:81,1
DA:82,1
DA:83,1
DA:84,1
DA:85,1
DA:86,1
DA:87,1
DA:88,1
DA:89,1
DA:90,1
DA:94,2304
DA:96,132
DA:97,132
DA:99,132
DA:109,1
DA:111,192
DA:113,192
DA:114,192
DA:115,192
DA:116,192
DA:121,192
DA:122,192
DA:123,192
DA:124,192
DA:128,192
DA:133,192
DA:153,192
DA:178,1240
DA:179,1240
DA:185,1096
DA:186,1092
DA:188,1092
DA:190,512
DA:192,512
DA:193,512
DA:194,512
DA:197,512
DA:199,508
DA:201,508
DA:203,508
DA:204,508
DA:213,512
DA:215,512
DA:216,512
DA:222,3656
DA:224,3656
DA:226,276
DA:227,276
DA:230,3656
DA:232,3656
DA:234,3032
DA:236,3032
DA:240,3656
DA:242,2008
DA:245,1648
DA:247,1648
DA:249,420
DA:250,420
DA:253,1228
DA:255,1228
DA:257,332
DA:258,332
DA:261,1228
DA:263,48
DA:266,1228
DA:268,1228
DA:269,1224
DA:273,4
DA:274,4
DA:275,4
DA:278,1224
DA:280,672
DA:283,1220
DA:287,4
DA:288,4
DA:292,1240
DA:293,1240
DA:295,1240
DA:297,8
DA:302,1782
DA:304,1232
DA:305,1232
DA:307,1232
DA:309,1232
DA:312,8
DA:315,1224
DA:318,16
DA:321,1208
DA:323,8
DA:326,32
DA:328,16
DA:330,16
DA:333,1200
DA:335,40
DA:343,1160
DA:348,1160
DA:350,1160
DA:355,20
DA:357,1160
DA:358,1160
DA:360,1160
DA:365,1160
DA:367,80
DA:369,60
DA:371,20
DA:374,1160
DA:378,1144
DA:380,532
DA:386,532
DA:388,504
DA:391,532
DA:393,16
DA:396,532
DA:398,8
DA:399,8
DA:402,524
DA:405,524
DA:407,180
DA:410,344
DA:414,612
DA:418,640
DA:419,640
DA:421,640
DA:427,640
DA:429,640
DA:434,640
DA:437,640
DA:439,8490
DA:447,640
DA:450,16
DA:457,640
DA:460,612
DA:465,612
DA:467,604
DA:470,612
DA:472,592
DA:474,20
DA:476,8
DA:479,612
DA:481,608
DA:484,612
DA:486,8
DA:487,8
DA:490,604
DA:492,612
DA:498,604
DA:500,48
DA:503,556
DA:508,556
DA:510,278
DA:513,556
DA:515,552
DA:516,552
DA:517,552
DA:518,552
DA:520,552
DA:522,276
DA:524,143
DA:531,1160
DA:535,500
DA:537,16
DA:539,16
DA:542,16
DA:545,500
DA:546,500
DA:550,1160
DA:552,8
DA:554,1152
DA:559,192
DA:560,192
DA:562,192
DA:563,192
DA:564,192
DA:568,192
DA:570,96
DA:571,96
DA:573,302
DA:574,302
DA:576,280
DA:583,192
DA:587,192
DA:588,192
DA:589,192
DA:590,192
DA:592,192
DA:594,96
DA:597,96
DA:599,48
DA:601,22
DA:603,22
DA:613,96
DA:622,192
DA:624,96
DA:627,96
DA:630,1
LF:196
LH:196
BRDA:111,0,0,192
BRDA:111,0,1,192
BRDA:113,1,0,192
BRDA:113,1,1,96
BRDA:114,2,0,192
BRDA:115,3,0,192
BRDA:115,3,1,96
BRDA:116,4,0,192
BRDA:116,4,1,96
BRDA:117,5,0,48
BRDA:117,5,1,48
BRDA:117,6,0,24
BRDA:117,6,1,24
BRDA:119,7,0,24
BRDA:119,7,1,24
BRDA:121,8,0,192
BRDA:121,8,1,192
BRDA:188,9,0,512
BRDA:188,9,1,580
BRDA:188,10,0,1092
BRDA:188,10,1,512
BRDA:224,11,0,276
BRDA:224,11,1,3380
BRDA:232,12,0,3032
BRDA:232,12,1,624
BRDA:232,13,0,3656
BRDA:232,13,1,3584
BRDA:232,13,2,1576
BRDA:240,14,0,2008
BRDA:240,14,1,1648
BRDA:245,15,0,1648
BRDA:245,15,1,160
BRDA:247,16,0,420
BRDA:247,16,1,1228
BRDA:253,17,0,1068
BRDA:253,17,1,160
BRDA:255,18,0,332
BRDA:255,18,1,896
BRDA:261,19,0,48
BRDA:261,19,1,1180
BRDA:261,20,0,1228
BRDA:261,20,1,92
BRDA:278,21,0,672
BRDA:278,21,1,552
BRDA:295,22,0,8
BRDA:295,22,1,1232
BRDA:309,23,0,8
BRDA:309,23,1,1224
BRDA:309,24,0,1232
BRDA:309,24,1,644
BRDA:315,25,0,16
BRDA:315,25,1,1208
BRDA:315,26,0,1224
BRDA:315,26,1,588
BRDA:315,26,2,1216
BRDA:315,26,3,636
BRDA:326,27,0,16
BRDA:326,27,1,16
BRDA:333,28,0,40
BRDA:333,28,1,1160
BRDA:367,29,0,60
BRDA:367,29,1,20
BRDA:378,30,0,532
BRDA:378,30,1,612
BRDA:386,31,0,504
BRDA:386,31,1,28
BRDA:391,32,0,16
BRDA:391,32,1,516
BRDA:396,33,0,8
BRDA:396,33,1,524
BRDA:405,34,0,180
BRDA:405,34,1,344
BRDA:465,35,0,604
BRDA:465,35,1,8
BRDA:470,36,0,592
BRDA:470,36,1,20
BRDA:474,37,0,8
BRDA:474,37,1,12
BRDA:484,38,0,8
BRDA:484,38,1,604
BRDA:492,39,0,612
BRDA:492,39,1,556
BRDA:498,40,0,48
BRDA:498,40,1,556
BRDA:508,41,0,278
BRDA:508,41,1,278
BRDA:513,42,0,552
BRDA:513,42,1,4
BRDA:520,43,0,276
BRDA:520,43,1,276
BRDA:535,44,0,16
BRDA:535,44,1,484
BRDA:550,45,0,8
BRDA:550,45,1,1152
BRDA:568,46,0,96
BRDA:568,46,1,96
BRDA:592,47,0,96
BRDA:592,47,1,96
BRDA:597,48,0,48
BRDA:597,48,1,48
BRDA:622,49,0,96
BRDA:622,49,1,96
BRF:102
BRH:102
end_of_record
TN:
SF:/home/david/centro/lib/server_transports/http2-duplex.js
FN:29,on_close
FN:32,cb2
FN:47,(anonymous_2)
FN:60,(anonymous_3)
FN:76,(anonymous_4)
FN:81,(anonymous_5)
FN:108,(anonymous_6)
FN:120,(anonymous_7)
FN:127,(anonymous_8)
FN:128,(anonymous_9)
FN:135,(anonymous_10)
FN:137,(anonymous_11)
FN:152,(anonymous_12)
FN:163,(anonymous_13)
FN:175,(anonymous_14)
FN:190,listening
FN:192,(anonymous_16)
FNF:17
FNH:17
FNDA:7968,on_close
FNDA:8400,cb2
FNDA:104,(anonymous_2)
FNDA:124,(anonymous_3)
FNDA:128,(anonymous_4)
FNDA:289635,(anonymous_5)
FNDA:492,(anonymous_6)
FNDA:488,(anonymous_7)
FNDA:488,(anonymous_8)
FNDA:8,(anonymous_9)
FNDA:7060,(anonymous_10)
FNDA:480,(anonymous_11)
FNDA:452,(anonymous_12)
FNDA:420,(anonymous_13)
FNDA:124,(anonymous_14)
FNDA:124,listening
FNDA:124,(anonymous_16)
DA:23,1
DA:24,1
DA:25,1
DA:26,1
DA:27,1
DA:30,7968
DA:33,8400
DA:34,7968
DA:35,7968
DA:39,7968
DA:40,7044
DA:42,924
DA:43,924
DA:48,104
DA:52,104
DA:57,104
DA:61,124
DA:63,124
DA:64,124
DA:65,124
DA:67,124
DA:69,124
DA:70,20
DA:73,104
DA:77,128
DA:78,128
DA:83,289635
DA:84,289635
DA:86,289635
DA:88,289635
DA:89,289635
DA:90,289635
DA:91,4
DA:93,289631
DA:95,289631
DA:97,289563
DA:98,4
DA:105,289563
DA:110,492
DA:111,4
DA:119,488
DA:120,488
DA:121,488
DA:124,488
DA:125,488
DA:127,488
DA:128,488
DA:129,8
DA:136,7060
DA:138,480
DA:139,60
DA:145,60
DA:148,420
DA:152,420
DA:153,452
DA:156,420
DA:157,420
DA:158,420
DA:160,420
DA:164,420
DA:167,420
DA:171,488
DA:175,1
DA:177,124
DA:179,124
DA:180,124
DA:181,124
DA:182,124
DA:188,124
DA:191,124
DA:193,124
DA:194,124
DA:195,124
DA:196,62
DA:198,62
DA:199,62
DA:205,124
DA:208,1
LF:78
LH:78
BRDA:33,0,0,7968
BRDA:33,0,1,432
BRDA:39,1,0,7044
BRDA:39,1,1,924
BRDA:49,2,0,104
BRDA:49,2,1,104
BRDA:69,3,0,20
BRDA:69,3,1,104
BRDA:90,4,0,4
BRDA:90,4,1,289631
BRDA:97,5,0,4
BRDA:97,5,1,289559
BRDA:110,6,0,4
BRDA:110,6,1,488
BRDA:110,7,0,492
BRDA:110,7,1,8
BRDA:138,8,0,60
BRDA:138,8,1,420
BRDA:177,9,0,124
BRDA:177,9,1,124
BRDA:179,10,0,124
BRDA:179,10,1,62
BRDA:180,11,0,124
BRDA:181,12,0,124
BRDA:181,12,1,62
BRDA:182,13,0,124
BRDA:182,13,1,62
BRDA:184,14,0,31
BRDA:184,14,1,31
BRDA:195,15,0,62
BRDA:195,15,1,62
BRF:31
BRH:31
end_of_record
TN:
SF:/home/david/centro/lib/server_transports/http2.js
FN:27,on_close
FN:31,cb2
FN:48,(anonymous_2)
FN:66,destroy_session
FN:79,on_session
FN:84,(anonymous_5)
FN:89,(anonymous_6)
FN:140,(anonymous_7)
FN:148,(anonymous_8)
FN:153,(anonymous_9)
FN:164,(anonymous_10)
FN:167,(anonymous_11)
FN:192,(anonymous_12)
FN:196,(anonymous_13)
FN:207,listening
FN:211,(anonymous_15)
FNF:16
FNH:16
FNDA:924,on_close
FNDA:1100,cb2
FNDA:124,(anonymous_2)
FNDA:56,destroy_session
FNDA:140,on_session
FNDA:140,(anonymous_5)
FNDA:504,(anonymous_6)
FNDA:488,(anonymous_7)
FNDA:488,(anonymous_8)
FNDA:8,(anonymous_9)
FNDA:16,(anonymous_10)
FNDA:480,(anonymous_11)
FNDA:60,(anonymous_12)
FNDA:420,(anonymous_13)
FNDA:124,listening
FNDA:124,(anonymous_15)
DA:19,1
DA:20,1
DA:21,1
DA:23,1
DA:29,924
DA:33,1100
DA:35,924
DA:36,924
DA:40,924
DA:42,8
DA:44,916
DA:45,916
DA:48,1
DA:50,124
DA:52,124
DA:53,124
DA:54,124
DA:55,124
DA:58,124
DA:59,124
DA:63,124
DA:64,124
DA:68,56
DA:70,56
DA:81,140
DA:83,140
DA:84,140
DA:86,140
DA:89,140
DA:91,504
DA:93,504
DA:94,504
DA:95,504
DA:97,4
DA:100,500
DA:102,4
DA:113,496
DA:115,4
DA:126,492
DA:128,4
DA:139,488
DA:140,488
DA:142,488
DA:145,488
DA:146,488
DA:148,488
DA:150,488
DA:153,488
DA:155,8
DA:166,16
DA:169,480
DA:171,60
DA:179,60
DA:182,420
DA:190,420
DA:194,60
DA:198,420
DA:204,124
DA:205,124
DA:209,124
DA:213,124
DA:214,124
DA:216,124
DA:218,56
DA:219,56
DA:222,124
DA:224,62
DA:227,62
DA:228,62
DA:236,124
DA:238,62
DA:241,62
LF:72
LH:72
BRDA:33,0,0,924
BRDA:33,0,1,176
BRDA:40,1,0,8
BRDA:40,1,1,916
BRDA:50,2,0,124
BRDA:50,2,1,124
BRDA:52,3,0,124
BRDA:52,3,1,62
BRDA:53,4,0,124
BRDA:54,5,0,124
BRDA:54,5,1,62
BRDA:55,6,0,124
BRDA:55,6,1,62
BRDA:56,7,0,31
BRDA:56,7,1,31
BRDA:58,8,0,124
BRDA:58,8,1,124
BRDA:95,9,0,4
BRDA:95,9,1,500
BRDA:100,10,0,4
BRDA:100,10,1,496
BRDA:113,11,0,4
BRDA:113,11,1,492
BRDA:126,12,0,4
BRDA:126,12,1,488
BRDA:126,13,0,492
BRDA:126,13,1,8
BRDA:169,14,0,60
BRDA:169,14,1,420
BRDA:222,15,0,62
BRDA:222,15,1,62
BRDA:236,16,0,62
BRDA:236,16,1,62
BRF:33
BRH:33
end_of_record
TN:
SF:/home/david/centro/lib/server_transports/in-mem.js
FN:28,RightDuplex
FN:32,(anonymous_1)
FN:37,(anonymous_2)
FN:42,(anonymous_3)
FN:55,(anonymous_4)
FN:65,(anonymous_5)
FN:77,LeftDuplex
FN:81,(anonymous_7)
FN:86,(anonymous_8)
FN:92,(anonymous_9)
FN:105,(anonymous_10)
FN:115,(anonymous_11)
FN:127,(anonymous_12)
FN:133,(anonymous_13)
FN:138,(anonymous_14)
FN:145,destroy
FN:149,(anonymous_16)
FN:160,onclose
FN:170,(anonymous_18)
FNF:19
FNH:19
FNDA:2637,RightDuplex
FNDA:2636,(anonymous_1)
FNDA:477658,(anonymous_2)
FNDA:71,(anonymous_3)
FNDA:441383,(anonymous_4)
FNDA:474508,(anonymous_5)
FNDA:2637,LeftDuplex
FNDA:2623,(anonymous_7)
FNDA:511005,(anonymous_8)
FNDA:21,(anonymous_9)
FNDA:477059,(anonymous_10)
FNDA:441396,(anonymous_11)
FNDA:345,(anonymous_12)
FNDA:345,(anonymous_13)
FNDA:1475,(anonymous_14)
FNDA:284,destroy
FNDA:98,(anonymous_16)
FNDA:1312,onclose
FNDA:1449,(anonymous_18)
DA:25,1
DA:26,1
DA:30,2637
DA:31,2637
DA:32,2637
DA:34,2636
DA:36,2637
DA:37,2637
DA:39,477658
DA:41,71
DA:42,71
DA:44,71
DA:48,477658
DA:50,2637
DA:53,1
DA:55,1
DA:57,441383
DA:59,1
DA:60,1
DA:61,1
DA:65,1
DA:67,474508
DA:69,474507
DA:73,1
DA:79,2637
DA:80,2637
DA:81,2637
DA:83,2623
DA:85,2637
DA:86,2637
DA:88,511005
DA:90,21
DA:91,21
DA:92,21
DA:94,21
DA:98,511005
DA:100,2637
DA:103,1
DA:105,1
DA:107,477059
DA:109,1
DA:110,1
DA:111,1
DA:115,1
DA:117,441396
DA:119,441382
DA:123,14
DA:127,1
DA:129,345
DA:131,345
DA:135,345
DA:140,1475
DA:147,284
DA:149,98
DA:151,98
DA:154,98
DA:157,284
DA:162,1312
DA:164,13
DA:167,1299
DA:170,1475
DA:172,1449
DA:174,189
DA:177,1260
DA:180,1475
DA:185,1
LF:66
LH:66
BRDA:39,0,0,71
BRDA:39,0,1,477587
BRDA:57,1,0,1
BRDA:57,1,1,441382
BRDA:67,2,0,474507
BRDA:67,2,1,1
BRDA:88,3,0,21
BRDA:88,3,1,510984
BRDA:107,4,0,1
BRDA:107,4,1,477058
BRDA:117,5,0,441382
BRDA:117,5,1,14
BRDA:129,6,0,345
BRDA:129,6,1,345
BRDA:147,7,0,98
BRDA:147,7,1,186
BRDA:162,8,0,13
BRDA:162,8,1,1299
BRDA:172,9,0,189
BRDA:172,9,1,1260
BRF:20
BRH:20
end_of_record
TN:
SF:/home/david/centro/lib/server_transports/primus.js
FN:20,(anonymous_0)
FN:31,onclose
FN:41,(anonymous_2)
FN:43,(anonymous_3)
FN:46,(anonymous_4)
FN:49,(anonymous_5)
FN:62,connection
FN:69,(anonymous_7)
FN:74,(anonymous_8)
FN:87,on_upgrade
FN:93,initialised
FN:97,(anonymous_11)
FNF:12
FNH:12
FNDA:124,(anonymous_0)
FNDA:436,onclose
FNDA:484,(anonymous_2)
FNDA:8,(anonymous_3)
FNDA:16,(anonymous_4)
FNDA:476,(anonymous_5)
FNDA:420,connection
FNDA:92,(anonymous_7)
FNDA:420,(anonymous_8)
FNDA:484,on_upgrade
FNDA:124,initialised
FNDA:124,(anonymous_11)
DA:15,1
DA:16,1
DA:17,1
DA:18,1
DA:20,1
DA:22,124
DA:24,124
DA:33,436
DA:35,8
DA:38,428
DA:41,124
DA:43,484
DA:45,8
DA:48,16
DA:51,476
DA:53,56
DA:56,420
DA:58,420
DA:64,420
DA:71,92
DA:72,92
DA:76,420
DA:80,124
DA:81,124
DA:83,124
DA:84,124
DA:85,124
DA:89,484
DA:91,124
DA:95,124
DA:99,124
DA:100,124
DA:101,124
DA:102,124
DA:103,124
DA:104,124
DA:106,124
DA:108,62
DA:111,62
DA:118,124
DA:120,62
DA:123,62
LF:42
LH:42
BRDA:22,0,0,124
BRDA:22,0,1,124
BRDA:24,1,0,124
BRDA:24,1,1,62
BRDA:33,2,0,8
BRDA:33,2,1,428
BRDA:51,3,0,56
BRDA:51,3,1,420
BRDA:106,4,0,62
BRDA:106,4,1,62
BRDA:118,5,0,62
BRDA:118,5,1,62
BRF:12
BRH:12
end_of_record
TN:
SF:/home/david/centro/lib/server_transports/tcp.js
FN:17,(anonymous_0)
FN:26,connection
FN:33,destroy
FN:38,onclose
FN:48,(anonymous_4)
FN:62,listening
FN:66,(anonymous_6)
FNF:7
FNH:7
FNDA:124,(anonymous_0)
FNDA:488,connection
FNDA:104,destroy
FNDA:436,onclose
FNDA:480,(anonymous_4)
FNDA:124,listening
FNDA:124,(anonymous_6)
DA:14,1
DA:15,1
DA:17,1
DA:19,124
DA:21,124
DA:22,124
DA:24,124
DA:28,488
DA:30,244
DA:35,104
DA:40,436
DA:42,8
DA:45,428
DA:48,488
DA:50,480
DA:52,60
DA:55,420
DA:59,124
DA:60,124
DA:64,124
DA:68,124
DA:69,124
DA:71,124
DA:73,62
DA:76,62
DA:83,124
DA:85,62
DA:88,62
LF:28
LH:28
BRDA:19,0,0,124
BRDA:19,0,1,124
BRDA:21,1,0,124
BRDA:21,1,1,62
BRDA:22,2,0,124
BRDA:22,2,1,62
BRDA:23,3,0,31
BRDA:23,3,1,31
BRDA:24,4,0,62
BRDA:24,4,1,62
BRDA:28,5,0,244
BRDA:28,5,1,244
BRDA:40,6,0,8
BRDA:40,6,1,428
BRDA:50,7,0,60
BRDA:50,7,1,420
BRDA:71,8,0,62
BRDA:71,8,1,62
BRDA:83,9,0,62
BRDA:83,9,1,62
BRF:20
BRH:20
end_of_record
