TN:
SF:/home/david/centro/index.js
FNF:0
FNH:0
DA:3,1
LF:1
LH:1
BRF:0
BRH:0
end_of_record
TN:
SF:/home/david/centro/lib/client.js
FN:17,get_stokens
FN:29,start
FN:42,(anonymous_3)
FN:135,replace
FN:157,(anonymous_5)
FN:185,(anonymous_6)
FN:200,(anonymous_7)
FN:219,unsub
FN:254,(anonymous_9)
FN:298,(anonymous_10)
FN:321,(anonymous_11)
FN:323,(anonymous_12)
FN:329,(anonymous_13)
FN:335,(anonymous_14)
FNF:14
FNH:14
FNDA:1786,get_stokens
FNDA:1878,start
FNDA:1717,(anonymous_3)
FNDA:1948,replace
FNDA:991,(anonymous_5)
FNDA:823,(anonymous_6)
FNDA:194,(anonymous_7)
FNDA:205,unsub
FNDA:20,(anonymous_9)
FNDA:774,(anonymous_10)
FNDA:788,(anonymous_11)
FNDA:372,(anonymous_12)
FNDA:998,(anonymous_13)
FNDA:998,(anonymous_14)
DA:3,1
DA:11,1
DA:12,1
DA:17,1
DA:19,1786
DA:21,1786
DA:23,1547
DA:26,1786
DA:29,1
DA:31,1878
DA:33,1878
DA:34,1878
DA:36,1368
DA:38,1878
DA:40,1878
DA:42,1878
DA:44,1717
DA:46,1717
DA:50,30
DA:53,1687
DA:58,1687
DA:60,1619
DA:64,68
DA:65,68
DA:66,68
DA:70,1687
DA:110,138
DA:112,138
DA:127,95
DA:130,43
DA:133,1549
DA:135,1
DA:137,1948
DA:140,1549
DA:142,65
DA:144,65
DA:145,65
DA:148,65
DA:150,65
DA:156,1549
DA:157,1549
DA:159,991
DA:161,601
DA:162,601
DA:163,601
DA:164,601
DA:167,991
DA:169,991
DA:170,991
DA:172,954
DA:175,991
DA:176,991
DA:178,965
DA:179,965
DA:182,991
DA:183,991
DA:185,978
DA:187,823
DA:192,978
DA:193,978
DA:196,991
DA:199,1549
DA:200,1549
DA:202,194
DA:204,165
DA:205,165
DA:206,165
DA:207,165
DA:210,194
DA:212,11
DA:213,11
DA:214,11
DA:217,194
DA:219,1
DA:221,205
DA:222,205
DA:224,11
DA:227,194
DA:228,194
DA:230,11
DA:233,183
DA:234,183
DA:236,11
DA:239,172
DA:240,172
DA:242,163
DA:243,163
DA:245,152
DA:249,172
DA:252,194
DA:254,11
DA:256,20
DA:258,11
DA:260,11
DA:263,11
DA:267,9
DA:273,183
DA:275,183
DA:277,77
DA:278,77
DA:280,66
DA:282,88
DA:288,106
DA:291,183
DA:297,1549
DA:298,1549
DA:300,774
DA:302,457
DA:303,457
DA:304,457
DA:305,457
DA:308,774
DA:313,1549
DA:316,1878
DA:319,1
DA:321,1
DA:323,788
DA:325,372
DA:329,1
DA:333,998
DA:335,998
DA:337,998
DA:339,1996
DA:343,998
DA:345,998
LF:125
LH:125
BRDA:21,1,0,1547
BRDA:21,1,1,239
BRDA:34,2,0,1368
BRDA:34,2,1,510
BRDA:53,3,0,1024
BRDA:53,3,1,663
BRDA:58,4,0,1619
BRDA:58,4,1,68
BRDA:70,5,0,138
BRDA:70,5,1,1549
BRDA:112,6,0,95
BRDA:112,6,1,43
BRDA:140,7,0,65
BRDA:140,7,1,1484
BRDA:148,8,0,65
BRDA:148,8,1,0
BRDA:159,9,0,601
BRDA:159,9,1,390
BRDA:170,10,0,954
BRDA:170,10,1,37
BRDA:176,11,0,965
BRDA:176,11,1,26
BRDA:183,12,0,978
BRDA:183,12,1,13
BRDA:202,13,0,165
BRDA:202,13,1,29
BRDA:210,14,0,11
BRDA:210,14,1,183
BRDA:222,15,0,11
BRDA:222,15,1,194
BRDA:228,16,0,11
BRDA:228,16,1,183
BRDA:234,17,0,11
BRDA:234,17,1,172
BRDA:240,18,0,163
BRDA:240,18,1,9
BRDA:243,19,0,152
BRDA:243,19,1,11
BRDA:252,20,0,11
BRDA:252,20,1,183
BRDA:256,21,0,11
BRDA:256,21,1,9
BRDA:275,22,0,77
BRDA:275,22,1,106
BRDA:278,23,0,66
BRDA:278,23,1,11
BRDA:300,24,0,457
BRDA:300,24,1,317
BRF:48
BRH:48
end_of_record
TN:
SF:/home/david/centro/lib/version.js
FNF:0
FNH:0
DA:1,1
LF:1
LH:1
BRF:0
BRH:0
end_of_record
TN:
SF:/home/david/centro/lib/server.js
FN:90,schedule
FN:96,(anonymous_2)
FN:107,read_frame
FN:111,cleanup
FN:118,end
FN:127,done
FN:135,onread
FN:173,CentroServer
FN:192,compile
FN:354,error
FN:361,warning
FN:374,change
FN:393,authorize
FN:412,run_transport
FN:414,transport_authorize
FN:418,cb
FN:439,(anonymous_17)
FN:461,got_tokens
FN:475,(anonymous_19)
FN:493,(anonymous_20)
FN:500,(anonymous_21)
FN:514,(anonymous_22)
FN:557,(anonymous_23)
FN:564,(anonymous_24)
FN:571,(anonymous_25)
FN:578,transport_connected
FN:590,dstroy
FN:621,replace
FN:628,make_update
FN:630,(anonymous_30)
FN:636,make_destroy
FN:638,(anonymous_32)
FN:645,conn_closed
FN:725,process_handshake
FN:786,got_pub_key
FN:804,processed_handshakes
FN:818,AggregateTopics
FN:824,(anonymous_38)
FN:896,(anonymous_39)
FN:929,(anonymous_40)
FN:946,(anonymous_41)
FN:1009,transport_ready
FN:1016,(anonymous_43)
FN:1028,(anonymous_44)
FN:1030,(anonymous_45)
FN:1033,(anonymous_46)
FN:1057,start_transport
FN:1071,(anonymous_48)
FN:1088,transports_started
FN:1098,(anonymous_50)
FN:1109,start
FN:1126,(anonymous_52)
FN:1130,(anonymous_53)
FN:1132,close_transports
FN:1148,cont
FN:1155,check
FN:1165,(anonymous_57)
FN:1168,(anonymous_58)
FN:1170,cont2
FN:1179,(anonymous_60)
FN:1198,(anonymous_61)
FN:1205,close_keystore
FN:1237,(anonymous_63)
FN:1253,(anonymous_64)
FNF:64
FNH:64
FNDA:1932,schedule
FNDA:16,(anonymous_2)
FNDA:1010,read_frame
FNDA:1010,cleanup
FNDA:16,end
FNDA:995,done
FNDA:1007,onread
FNDA:273,CentroServer
FNDA:546,compile
FNDA:19,error
FNDA:5853,warning
FNDA:602,change
FNDA:273,authorize
FNDA:343,run_transport
FNDA:1907,transport_authorize
FNDA:1953,cb
FNDA:132,(anonymous_17)
FNDA:1953,got_tokens
FNDA:1851,(anonymous_19)
FNDA:2103,(anonymous_20)
FNDA:2099,(anonymous_21)
FNDA:1841,(anonymous_22)
FNDA:46,(anonymous_23)
FNDA:900,(anonymous_24)
FNDA:1007,(anonymous_25)
FNDA:1704,transport_connected
FNDA:587,dstroy
FNDA:8070,replace
FNDA:1916,make_update
FNDA:1932,(anonymous_30)
FNDA:1916,make_destroy
FNDA:15,(anonymous_32)
FNDA:1703,conn_closed
FNDA:1941,process_handshake
FNDA:1778,got_pub_key
FNDA:1688,processed_handshakes
FNDA:8195,AggregateTopics
FNDA:9834,(anonymous_38)
FNDA:28,(anonymous_39)
FNDA:1877,(anonymous_40)
FNDA:1635,(anonymous_41)
FNDA:343,transport_ready
FNDA:1,(anonymous_43)
FNDA:18,(anonymous_44)
FNDA:18,(anonymous_45)
FNDA:18,(anonymous_46)
FNDA:344,start_transport
FNDA:37,(anonymous_48)
FNDA:272,transports_started
FNDA:269,(anonymous_50)
FNDA:273,start
FNDA:283,(anonymous_52)
FNDA:15,(anonymous_53)
FNDA:253,close_transports
FNDA:253,cont
FNDA:371,check
FNDA:325,(anonymous_57)
FNDA:253,(anonymous_58)
FNDA:253,cont2
FNDA:15,(anonymous_60)
FNDA:13,(anonymous_61)
FNDA:253,close_keystore
FNDA:204,(anonymous_63)
FNDA:19,(anonymous_64)
DA:73,1
DA:86,1
DA:88,1
DA:90,1
DA:92,1932
DA:94,1932
DA:96,1917
DA:98,16
DA:103,15
DA:107,1
DA:109,1010
DA:111,1
DA:113,1010
DA:114,1010
DA:115,1010
DA:118,1
DA:120,16
DA:121,16
DA:124,1010
DA:125,1010
DA:127,1
DA:129,995
DA:131,994
DA:135,1
DA:137,1007
DA:140,1020
DA:142,1020
DA:144,25
DA:147,995
DA:149,995
DA:151,995
DA:152,995
DA:156,994
DA:158,994
DA:160,982
DA:161,982
DA:162,982
DA:165,12
DA:170,1010
DA:173,1
DA:175,273
DA:177,273
DA:180,273
DA:182,243
DA:186,30
DA:187,30
DA:188,30
DA:192,1
DA:194,546
DA:338,273
DA:341,273
DA:342,273
DA:343,273
DA:344,273
DA:345,273
DA:346,273
DA:347,273
DA:348,273
DA:349,273
DA:351,273
DA:354,1
DA:357,19
DA:359,273
DA:361,1
DA:364,5853
DA:366,2
DA:369,273
DA:371,273
DA:372,273
DA:374,1
DA:376,602
DA:378,602
DA:380,602
DA:382,26
DA:384,26
DA:387,13
DA:393,1
DA:395,273
DA:397,1
DA:400,272
DA:402,252
DA:405,272
DA:407,272
DA:409,200
DA:412,1
DA:414,1
DA:416,1907
DA:418,1
DA:420,1953
DA:422,1953
DA:424,132
DA:431,132
DA:432,132
DA:433,132
DA:434,132
DA:435,132
DA:438,132
DA:439,132
DA:441,132
DA:443,264
DA:446,132
DA:449,1953
DA:451,1907
DA:452,1907
DA:455,1953
DA:457,1873
DA:461,1
DA:463,1953
DA:465,72
DA:468,1881
DA:470,8
DA:473,1873
DA:475,1717
DA:477,1851
DA:481,1873
DA:483,15
DA:486,1858
DA:488,1858
DA:490,17
DA:493,1841
DA:495,2103
DA:497,4
DA:500,2099
DA:502,2099
DA:504,45
DA:507,2054
DA:516,1841
DA:518,49
DA:521,1792
DA:523,1792
DA:525,2054
DA:527,1902
DA:529,26
DA:532,152
DA:534,4
DA:537,2024
DA:539,148
DA:542,1876
DA:544,13
DA:547,1863
DA:550,1749
DA:554,1907
DA:555,1907
DA:557,1907
DA:559,46
DA:562,1907
DA:564,900
DA:566,900
DA:571,1007
DA:573,1007
DA:578,1
DA:580,1704
DA:582,1704
DA:590,1
DA:592,587
DA:594,562
DA:596,562
DA:600,15
DA:603,562
DA:607,1704
DA:608,1704
DA:610,1704
DA:612,1
DA:615,1703
DA:617,1703
DA:621,1
DA:623,8070
DA:626,1703
DA:628,1
DA:630,1916
DA:632,1932
DA:636,1
DA:638,1916
DA:640,15
DA:641,15
DA:645,1
DA:647,1703
DA:649,1703
DA:651,1916
DA:653,1901
DA:656,1916
DA:658,138
DA:661,1778
DA:663,1778
DA:665,13
DA:666,13
DA:669,1765
DA:671,1765
DA:673,1032
DA:677,1703
DA:679,1703
DA:681,1703
DA:683,1639
DA:685,1639
DA:687,339
DA:690,339
DA:692,319
DA:695,339
DA:697,339
DA:699,339
DA:701,142
DA:706,339
DA:708,339
DA:710,268
DA:713,339
DA:717,1703
DA:719,981
DA:723,1703
DA:725,1
DA:727,1941
DA:729,25
DA:732,1916
DA:734,1916
DA:737,1778
DA:740,1778
DA:744,138
DA:745,138
DA:748,1916
DA:750,44
DA:753,1916
DA:755,339
DA:758,1916
DA:762,1916
DA:764,1916
DA:768,1916
DA:770,138
DA:773,1778
DA:774,1778
DA:776,1778
DA:778,1778
DA:780,1045
DA:781,1045
DA:784,1778
DA:786,1
DA:788,1778
DA:790,17
DA:793,1761
DA:795,13
DA:798,1748
DA:801,1778
DA:804,1
DA:806,1688
DA:808,40
DA:809,40
DA:812,1648
DA:814,9
DA:815,9
DA:818,1
DA:820,8195
DA:821,8195
DA:824,1639
DA:826,9834
DA:828,11262
DA:829,11262
DA:831,7508
DA:833,11262
DA:834,11262
DA:836,6761
DA:841,1639
DA:860,1639
DA:861,1639
DA:862,1639
DA:863,1639
DA:865,1639
DA:867,1639
DA:869,1877
DA:871,80
DA:874,80
DA:876,80
DA:881,80
DA:886,1877
DA:889,1639
DA:891,1559
DA:894,1639
DA:896,44
DA:898,28
DA:900,28
DA:902,26
DA:905,28
DA:907,13
DA:910,28
DA:912,28
DA:914,13
DA:917,15
DA:919,13
DA:922,15
DA:929,1639
DA:931,1877
DA:934,1639
DA:944,1639
DA:946,1639
DA:948,1635
DA:950,15
DA:953,1620
DA:961,1620
DA:962,1620
DA:964,15
DA:965,15
DA:968,1605
DA:969,1605
DA:971,1605
DA:973,339
DA:976,339
DA:978,319
DA:981,339
DA:983,339
DA:985,339
DA:987,142
DA:992,339
DA:994,339
DA:996,268
DA:999,339
DA:1004,1703
DA:1009,1
DA:1011,343
DA:1013,2
DA:1014,2
DA:1016,1
DA:1018,1
DA:1019,1
DA:1022,1
DA:1025,341
DA:1027,18
DA:1028,18
DA:1030,18
DA:1032,18
DA:1033,18
DA:1035,18
DA:1036,18
DA:1042,341
DA:1044,341
DA:1046,341
DA:1049,343
DA:1057,1
DA:1059,344
DA:1061,91
DA:1065,253
DA:1067,253
DA:1069,37
DA:1071,37
DA:1073,37
DA:1075,1
DA:1078,36
DA:1083,216
DA:1088,1
DA:1090,272
DA:1092,3
DA:1095,269
DA:1096,269
DA:1098,269
DA:1100,269
DA:1104,272
DA:1109,1
DA:1111,273
DA:1114,273
DA:1116,18
DA:1120,255
DA:1124,1
DA:1126,1
DA:1128,283
DA:1130,283
DA:1132,1
DA:1134,253
DA:1136,34
DA:1138,34
DA:1142,15
DA:1146,253
DA:1148,1
DA:1150,253
DA:1153,253
DA:1155,1
DA:1157,371
DA:1159,253
DA:1160,253
DA:1161,253
DA:1165,253
DA:1167,325
DA:1170,1
DA:1172,253
DA:1173,253
DA:1176,253
DA:1178,15
DA:1179,15
DA:1180,15
DA:1183,238
DA:1186,253
DA:1188,253
DA:1191,150
DA:1195,253
DA:1197,13
DA:1198,13
DA:1199,13
DA:1202,240
DA:1205,1
DA:1207,253
DA:1209,10
DA:1212,243
DA:1215,283
DA:1217,30
DA:1219,15
DA:1222,15
DA:1225,253
DA:1226,253
DA:1227,253
DA:1229,253
DA:1231,18
DA:1234,235
DA:1237,1
DA:1239,204
DA:1241,83
DA:1244,204
DA:1246,204
DA:1253,1
DA:1255,19
DA:1258,1
DA:1259,1
LF:416
LH:416
BRDA:94,1,0,1917
BRDA:94,1,1,15
BRDA:129,2,0,994
BRDA:129,2,1,1
BRDA:142,3,0,25
BRDA:142,3,1,995
BRDA:158,4,0,982
BRDA:158,4,1,12
BRDA:160,5,0,1
BRDA:160,5,1,981
BRDA:180,6,0,243
BRDA:180,6,1,30
BRDA:341,7,0,273
BRDA:341,7,1,273
BRDA:346,8,0,273
BRDA:346,8,1,255
BRDA:364,9,0,2
BRDA:364,9,1,5851
BRDA:364,10,0,5853
BRDA:364,10,1,2475
BRDA:380,11,0,26
BRDA:380,11,1,576
BRDA:384,12,0,13
BRDA:384,12,1,13
BRDA:395,13,0,1
BRDA:395,13,1,272
BRDA:400,14,0,252
BRDA:400,14,1,20
BRDA:407,15,0,200
BRDA:407,15,1,72
BRDA:422,16,0,132
BRDA:422,16,1,1821
BRDA:422,17,0,1953
BRDA:422,17,1,204
BRDA:449,18,0,1907
BRDA:449,18,1,46
BRDA:455,19,0,1873
BRDA:455,19,1,80
BRDA:463,20,0,72
BRDA:463,20,1,1881
BRDA:468,21,0,8
BRDA:468,21,1,1873
BRDA:473,22,0,1717
BRDA:473,22,1,156
BRDA:481,23,0,15
BRDA:481,23,1,1858
BRDA:486,24,0,1700
BRDA:486,24,1,158
BRDA:488,25,0,17
BRDA:488,25,1,1841
BRDA:488,26,0,1858
BRDA:488,26,1,1858
BRDA:495,27,0,4
BRDA:495,27,1,2099
BRDA:495,28,0,2103
BRDA:495,28,1,2103
BRDA:502,29,0,45
BRDA:502,29,1,2054
BRDA:516,30,0,49
BRDA:516,30,1,1792
BRDA:525,31,0,1902
BRDA:525,31,1,152
BRDA:527,32,0,26
BRDA:527,32,1,1876
BRDA:532,33,0,4
BRDA:532,33,1,148
BRDA:537,34,0,148
BRDA:537,34,1,1876
BRDA:542,35,0,13
BRDA:542,35,1,1863
BRDA:559,36,0,46
BRDA:559,36,1,30
BRDA:562,37,0,900
BRDA:562,37,1,1007
BRDA:573,38,0,26
BRDA:573,38,1,981
BRDA:592,39,0,562
BRDA:592,39,1,25
BRDA:592,40,0,587
BRDA:592,40,1,562
BRDA:610,41,0,1
BRDA:610,41,1,1703
BRDA:651,42,0,1901
BRDA:651,42,1,15
BRDA:656,43,0,138
BRDA:656,43,1,1778
BRDA:663,44,0,13
BRDA:663,44,1,1765
BRDA:671,45,0,1032
BRDA:671,45,1,733
BRDA:681,46,0,1639
BRDA:681,46,1,64
BRDA:690,47,0,319
BRDA:690,47,1,20
BRDA:699,48,0,142
BRDA:699,48,1,197
BRDA:702,49,0,71
BRDA:702,49,1,71
BRDA:708,50,0,268
BRDA:708,50,1,71
BRDA:717,51,0,981
BRDA:717,51,1,722
BRDA:727,52,0,25
BRDA:727,52,1,1916
BRDA:734,53,0,1778
BRDA:734,53,1,138
BRDA:748,54,0,44
BRDA:748,54,1,1872
BRDA:753,55,0,339
BRDA:753,55,1,1577
BRDA:768,56,0,138
BRDA:768,56,1,1778
BRDA:778,57,0,1045
BRDA:778,57,1,733
BRDA:788,58,0,17
BRDA:788,58,1,1761
BRDA:793,59,0,13
BRDA:793,59,1,1748
BRDA:806,60,0,40
BRDA:806,60,1,1648
BRDA:812,61,0,9
BRDA:812,61,1,1639
BRDA:829,62,0,7508
BRDA:829,62,1,3754
BRDA:833,63,0,11262
BRDA:833,63,1,3692
BRDA:855,64,0,1601
BRDA:855,64,1,38
BRDA:856,65,0,34
BRDA:856,65,1,4
BRDA:869,66,0,80
BRDA:869,66,1,1797
BRDA:874,67,0,80
BRDA:874,67,1,0
BRDA:886,68,0,1877
BRDA:886,68,1,1797
BRDA:889,69,0,1559
BRDA:889,69,1,80
BRDA:894,70,0,44
BRDA:894,70,1,1595
BRDA:900,71,0,26
BRDA:900,71,1,2
BRDA:905,72,0,13
BRDA:905,72,1,15
BRDA:912,73,0,13
BRDA:912,73,1,15
BRDA:917,74,0,13
BRDA:917,74,1,2
BRDA:948,75,0,15
BRDA:948,75,1,1620
BRDA:962,76,0,15
BRDA:962,76,1,1605
BRDA:976,77,0,319
BRDA:976,77,1,20
BRDA:985,78,0,142
BRDA:985,78,1,197
BRDA:988,79,0,71
BRDA:988,79,1,71
BRDA:994,80,0,268
BRDA:994,80,1,71
BRDA:1011,81,0,2
BRDA:1011,81,1,341
BRDA:1014,82,0,1
BRDA:1014,82,1,1
BRDA:1025,83,0,18
BRDA:1025,83,1,323
BRDA:1036,84,0,18
BRDA:1036,84,1,18
BRDA:1059,85,0,91
BRDA:1059,85,1,253
BRDA:1067,86,0,37
BRDA:1067,86,1,216
BRDA:1073,87,0,1
BRDA:1073,87,1,36
BRDA:1090,88,0,3
BRDA:1090,88,1,269
BRDA:1114,89,0,18
BRDA:1114,89,1,255
BRDA:1130,90,0,283
BRDA:1130,90,1,15
BRDA:1157,91,0,253
BRDA:1157,91,1,118
BRDA:1157,92,0,371
BRDA:1157,92,1,287
BRDA:1176,93,0,15
BRDA:1176,93,1,238
BRDA:1195,94,0,13
BRDA:1195,94,1,240
BRDA:1207,95,0,10
BRDA:1207,95,1,243
BRDA:1215,96,0,30
BRDA:1215,96,1,253
BRDA:1217,97,0,15
BRDA:1217,97,1,15
BRDA:1229,98,0,18
BRDA:1229,98,1,235
BRDA:1239,99,0,83
BRDA:1239,99,1,121
BRF:198
BRH:198
end_of_record
TN:
SF:/home/david/centro/lib/transports/in-mem.js
FN:4,RightDuplex
FN:8,(anonymous_2)
FN:13,(anonymous_3)
FN:26,(anonymous_4)
FN:36,(anonymous_5)
FN:48,LeftDuplex
FN:52,(anonymous_7)
FN:57,(anonymous_8)
FN:70,(anonymous_9)
FN:80,(anonymous_10)
FN:92,(anonymous_11)
FN:98,(anonymous_12)
FN:103,(anonymous_13)
FN:110,destroy
FN:114,(anonymous_15)
FN:125,onclose
FN:135,(anonymous_17)
FNF:17
FNH:17
FNDA:1333,RightDuplex
FNDA:1332,(anonymous_2)
FNDA:40585,(anonymous_3)
FNDA:24652,(anonymous_4)
FNDA:19927,(anonymous_5)
FNDA:1333,LeftDuplex
FNDA:1332,(anonymous_7)
FNDA:33462,(anonymous_8)
FNDA:21151,(anonymous_9)
FNDA:26748,(anonymous_10)
FNDA:160,(anonymous_11)
FNDA:144,(anonymous_12)
FNDA:823,(anonymous_13)
FNDA:181,destroy
FNDA:50,(anonymous_15)
FNDA:751,onclose
FNDA:805,(anonymous_17)
DA:1,1
DA:4,1
DA:6,1333
DA:7,1333
DA:8,1333
DA:10,1332
DA:12,1333
DA:13,1333
DA:15,40585
DA:17,45
DA:20,40585
DA:24,1
DA:26,1
DA:28,24652
DA:30,10
DA:31,10
DA:32,10
DA:36,1
DA:38,19927
DA:40,19926
DA:44,1
DA:48,1
DA:50,1333
DA:51,1333
DA:52,1333
DA:54,1332
DA:56,1333
DA:57,1333
DA:59,33462
DA:61,9
DA:64,33462
DA:68,1
DA:70,1
DA:72,21151
DA:74,1
DA:75,1
DA:76,1
DA:80,1
DA:82,26748
DA:84,26738
DA:88,10
DA:92,1
DA:94,160
DA:96,160
DA:100,144
DA:105,823
DA:110,1
DA:112,181
DA:114,59
DA:116,50
DA:119,59
DA:122,181
DA:125,1
DA:127,751
DA:129,9
DA:132,742
DA:135,823
DA:137,805
DA:139,90
DA:142,715
DA:145,823
DA:150,1
LF:62
LH:62
BRDA:15,1,0,45
BRDA:15,1,1,40540
BRDA:28,2,0,10
BRDA:28,2,1,24642
BRDA:38,3,0,19926
BRDA:38,3,1,1
BRDA:59,4,0,9
BRDA:59,4,1,33453
BRDA:72,5,0,1
BRDA:72,5,1,21150
BRDA:82,6,0,26738
BRDA:82,6,1,10
BRDA:94,7,0,160
BRDA:94,7,1,160
BRDA:112,8,0,59
BRDA:112,8,1,122
BRDA:127,9,0,9
BRDA:127,9,1,742
BRDA:137,10,0,90
BRDA:137,10,1,715
BRF:20
BRH:20
end_of_record
TN:
SF:/home/david/centro/lib/transports/tcp.js
FN:3,(anonymous_1)
FN:9,connection
FN:11,destroy
FN:16,onclose
FN:26,(anonymous_5)
FN:40,listening
FN:44,(anonymous_7)
FNF:7
FNH:7
FNDA:36,(anonymous_1)
FNDA:184,connection
FNDA:42,destroy
FNDA:168,onclose
FNDA:180,(anonymous_5)
FNDA:36,listening
FNDA:36,(anonymous_7)
DA:1,1
DA:3,1
DA:5,36
DA:7,36
DA:9,1
DA:11,1
DA:13,42
DA:16,1
DA:18,168
DA:20,4
DA:23,164
DA:26,184
DA:28,180
DA:30,20
DA:33,160
DA:37,36
DA:38,36
DA:40,1
DA:42,36
DA:46,36
DA:47,36
DA:49,36
DA:51,18
DA:54,18
DA:61,36
DA:63,18
DA:66,18
LF:27
LH:27
BRDA:5,1,0,36
BRDA:5,1,1,36
BRDA:7,2,0,36
BRDA:7,2,1,18
BRDA:18,3,0,4
BRDA:18,3,1,164
BRDA:28,4,0,20
BRDA:28,4,1,160
BRDA:49,5,0,18
BRDA:49,5,1,18
BRDA:61,6,0,18
BRDA:61,6,1,18
BRF:12
BRH:12
end_of_record
TN:
SF:/home/david/centro/lib/transports/primus.js
FN:6,(anonymous_1)
FN:16,onclose
FN:26,(anonymous_3)
FN:28,(anonymous_4)
FN:31,(anonymous_5)
FN:34,(anonymous_6)
FN:47,connection
FN:54,(anonymous_8)
FN:59,(anonymous_9)
FN:68,initialised
FN:72,(anonymous_11)
FNF:11
FNH:11
FNDA:72,(anonymous_1)
FNDA:336,onclose
FNDA:368,(anonymous_3)
FNDA:8,(anonymous_4)
FNDA:16,(anonymous_5)
FNDA:360,(anonymous_6)
FNDA:320,connection
FNDA:76,(anonymous_8)
FNDA:320,(anonymous_9)
FNDA:72,initialised
FNDA:72,(anonymous_11)
DA:2,1
DA:6,1
DA:8,72
DA:10,72
DA:16,1
DA:18,336
DA:20,8
DA:23,328
DA:26,72
DA:28,368
DA:30,8
DA:33,16
DA:36,360
DA:38,40
DA:41,320
DA:43,320
DA:47,1
DA:49,320
DA:56,76
DA:57,76
DA:61,320
DA:65,72
DA:66,72
DA:68,1
DA:70,72
DA:74,72
DA:75,72
DA:76,72
DA:78,72
DA:80,36
DA:83,36
DA:90,72
DA:92,36
DA:95,36
LF:34
LH:34
BRDA:8,1,0,72
BRDA:8,1,1,72
BRDA:10,2,0,72
BRDA:10,2,1,36
BRDA:18,3,0,8
BRDA:18,3,1,328
BRDA:36,4,0,40
BRDA:36,4,1,320
BRDA:78,5,0,36
BRDA:78,5,1,36
BRDA:90,6,0,36
BRDA:90,6,1,36
BRF:12
BRH:12
end_of_record
TN:
SF:/home/david/centro/lib/transports/http.js
FN:12,(anonymous_1)
FN:72,request
FN:79,done
FN:93,(anonymous_4)
FN:150,onclose
FN:171,(anonymous_6)
FN:174,(anonymous_7)
FN:181,(anonymous_8)
FN:198,(anonymous_9)
FN:203,error
FN:215,(anonymous_11)
FN:224,(anonymous_12)
FN:253,(anonymous_13)
FN:266,handler
FN:277,(anonymous_15)
FN:287,(anonymous_16)
FN:297,(anonymous_17)
FN:331,(anonymous_18)
FN:342,(anonymous_19)
FN:348,(anonymous_20)
FN:369,(anonymous_21)
FN:380,(anonymous_22)
FN:384,(anonymous_23)
FN:397,(anonymous_24)
FN:411,listening
FN:415,(anonymous_26)
FNF:26
FNH:26
FNDA:72,(anonymous_1)
FNDA:548,request
FNDA:1702,done
FNDA:1422,(anonymous_4)
FNDA:692,onclose
FNDA:4,(anonymous_6)
FNDA:16,(anonymous_7)
FNDA:528,(anonymous_8)
FNDA:508,(anonymous_9)
FNDA:8,error
FNDA:38,(anonymous_11)
FNDA:500,(anonymous_12)
FNDA:226,(anonymous_13)
FNDA:315,handler
FNDA:311,(anonymous_15)
FNDA:1880,(anonymous_16)
FNDA:12,(anonymous_17)
FNDA:268,(anonymous_18)
FNDA:270,(anonymous_19)
FNDA:266,(anonymous_20)
FNDA:56,(anonymous_21)
FNDA:284,(anonymous_22)
FNDA:8,(anonymous_23)
FNDA:508,(anonymous_24)
FNDA:72,listening
FNDA:72,(anonymous_26)
DA:1,1
DA:12,1
DA:14,72
DA:16,72
DA:29,72
DA:49,72
DA:72,1
DA:74,548
DA:79,1
DA:81,1702
DA:83,1702
DA:85,122
DA:86,122
DA:89,1702
DA:91,1702
DA:93,1422
DA:95,1422
DA:99,1702
DA:101,918
DA:104,784
DA:106,242
DA:107,242
DA:108,242
DA:111,542
DA:112,542
DA:114,542
DA:116,542
DA:117,540
DA:121,2
DA:122,2
DA:123,2
DA:124,2
DA:127,540
DA:129,296
DA:130,294
DA:133,538
DA:137,2
DA:138,2
DA:142,548
DA:144,4
DA:147,544
DA:148,544
DA:150,1
DA:152,692
DA:154,544
DA:155,544
DA:157,544
DA:159,544
DA:162,4
DA:165,540
DA:168,8
DA:171,532
DA:173,4
DA:176,16
DA:178,8
DA:180,8
DA:183,528
DA:185,20
DA:193,508
DA:198,508
DA:200,508
DA:203,1
DA:205,8
DA:207,508
DA:208,508
DA:210,508
DA:215,508
DA:217,38
DA:219,30
DA:221,8
DA:224,508
DA:226,500
DA:228,500
DA:230,230
DA:236,230
DA:238,216
DA:241,230
DA:243,8
DA:246,230
DA:248,4
DA:249,4
DA:252,226
DA:255,226
DA:257,74
DA:260,152
DA:264,270
DA:266,1
DA:268,315
DA:271,315
DA:277,315
DA:279,311
DA:284,311
DA:287,315
DA:289,1880
DA:297,315
DA:299,12
DA:301,4
DA:309,315
DA:312,270
DA:317,270
DA:319,266
DA:322,270
DA:324,260
DA:326,10
DA:328,4
DA:331,270
DA:333,268
DA:336,270
DA:338,4
DA:339,4
DA:342,266
DA:344,270
DA:350,266
DA:352,20
DA:355,246
DA:362,244
DA:363,244
DA:364,244
DA:365,244
DA:367,244
DA:369,122
DA:371,56
DA:378,508
DA:382,284
DA:384,8
DA:386,8
DA:389,8
DA:392,284
DA:393,284
DA:394,284
DA:395,284
DA:399,508
DA:401,4
DA:403,504
DA:408,72
DA:409,72
DA:411,1
DA:413,72
DA:417,72
DA:418,72
DA:420,72
DA:422,36
DA:425,36
DA:434,72
DA:436,36
DA:439,36
LF:146
LH:146
BRDA:14,1,0,72
BRDA:14,1,1,72
BRDA:16,2,0,72
BRDA:16,2,1,36
BRDA:17,3,0,72
BRDA:17,3,1,0
BRDA:18,4,0,72
BRDA:18,4,1,36
BRDA:19,5,0,72
BRDA:19,5,1,36
BRDA:20,6,0,18
BRDA:20,6,1,18
BRDA:21,7,0,72
BRDA:21,7,1,72
BRDA:83,8,0,122
BRDA:83,8,1,1580
BRDA:91,9,0,1422
BRDA:91,9,1,280
BRDA:91,10,0,1702
BRDA:91,10,1,1666
BRDA:91,10,2,748
BRDA:99,11,0,918
BRDA:99,11,1,784
BRDA:104,12,0,242
BRDA:104,12,1,542
BRDA:111,13,0,542
BRDA:111,13,1,58
BRDA:112,14,0,484
BRDA:112,14,1,58
BRDA:127,15,0,296
BRDA:127,15,1,244
BRDA:142,16,0,4
BRDA:142,16,1,544
BRDA:159,17,0,4
BRDA:159,17,1,540
BRDA:159,18,0,544
BRDA:159,18,1,286
BRDA:165,19,0,8
BRDA:165,19,1,532
BRDA:165,20,0,540
BRDA:165,20,1,258
BRDA:165,20,2,536
BRDA:165,20,3,282
BRDA:176,21,0,8
BRDA:176,21,1,8
BRDA:183,22,0,20
BRDA:183,22,1,508
BRDA:217,23,0,30
BRDA:217,23,1,8
BRDA:228,24,0,230
BRDA:228,24,1,270
BRDA:236,25,0,216
BRDA:236,25,1,14
BRDA:241,26,0,8
BRDA:241,26,1,222
BRDA:246,27,0,4
BRDA:246,27,1,226
BRDA:255,28,0,74
BRDA:255,28,1,152
BRDA:299,29,0,4
BRDA:299,29,1,8
BRDA:317,30,0,266
BRDA:317,30,1,4
BRDA:322,31,0,260
BRDA:322,31,1,10
BRDA:326,32,0,4
BRDA:326,32,1,6
BRDA:336,33,0,4
BRDA:336,33,1,266
BRDA:344,34,0,270
BRDA:344,34,1,242
BRDA:350,35,0,20
BRDA:350,35,1,246
BRDA:355,36,0,244
BRDA:355,36,1,2
BRDA:367,37,0,122
BRDA:367,37,1,122
BRDA:382,38,0,8
BRDA:382,38,1,276
BRDA:399,39,0,4
BRDA:399,39,1,504
BRDA:420,40,0,36
BRDA:420,40,1,36
BRDA:434,41,0,36
BRDA:434,41,1,36
BRF:85
BRH:85
end_of_record
